-------------------------------------------------------------------------------
Test set: com.chatbot.workflow.engine.WorkflowEngineTest
-------------------------------------------------------------------------------
Tests run: 14, Failures: 1, Errors: 0, Skipped: 0, Time elapsed: 0.049 s <<< FAILURE! - in com.chatbot.workflow.engine.WorkflowEngineTest
startExecution_inputStatePausesExecution  Time elapsed: 0.008 s  <<< FAILURE!
org.opentest4j.AssertionFailedError: expected: <paused> but was: <completed>
	at com.chatbot.workflow.engine.WorkflowEngineTest.startExecution_inputStatePausesExecution(WorkflowEngineTest.java:359)

