<?xml version="1.0" encoding="UTF-8"?>
<testsuite xmlns:xsi="http://www.w3.org/2001/XMLSchema-instance" xsi:noNamespaceSchemaLocation="https://maven.apache.org/surefire/maven-surefire-plugin/xsd/surefire-test-report-3.0.xsd" version="3.0" name="com.xpressbees.chatbot.controller.ReconnectionControllerPropertyTest" time="0.365" tests="2" errors="0" skipped="0" failures="0">
  <properties>
[...]
</properties>
  <testcase name="reconnectionResendStoredPromptPayload" classname="com.xpressbees.chatbot.controller.ReconnectionControllerPropertyTest" time="0.238">
    <system-out><![CDATA[01:34:07.559 [main] [] INFO  c.x.c.c.ReconnectionController - Reconnection request received for session session-a88899f4-e5b0-4357-8159-ac735b3c1e17 from STOMP session stomp-9972628c-d2e0-4159-b0ef-3864e4999cba
01:34:07.559 [main] [] INFO  c.x.c.c.ReconnectionController - Session session-a88899f4-e5b0-4357-8159-ac735b3c1e17 successfully reconnected via STOMP session stomp-9972628c-d2e0-4159-b0ef-3864e4999cba
01:34:07.562 [main] [] INFO  c.x.c.c.ReconnectionController - Reconnection request received for session session-4257c968-f744-4fdb-b77c-8e9fa0240868 from STOMP session stomp-8746d898-1bdc-404f-9439-db86f742fee9
01:34:07.562 [main] [] INFO  c.x.c.c.ReconnectionController - Session session-4257c968-f744-4fdb-b77c-8e9fa0240868 successfully reconnected via STOMP session stomp-8746d898-1bdc-404f-9439-db86f742fee9
01:34:07.565 [main] [] INFO  c.x.c.c.ReconnectionController - Reconnection request received for session session-d0cff02c-1baa-4a70-8915-6a50647a1458 from STOMP session stomp-3fd240f9-fe14-47bc-8c3a-f9055bae1529
01:34:07.565 [main] [] INFO  c.x.c.c.ReconnectionController - Session session-d0cff02c-1baa-4a70-8915-6a50647a1458 successfully reconnected via STOMP session stomp-3fd240f9-fe14-47bc-8c3a-f9055bae1529
01:34:07.567 [main] [] INFO  c.x.c.c.ReconnectionController - Reconnection request received for session session-f443a379-be51-424b-b309-f8ab59182e5b from STOMP session stomp-ee418ac4-fe30-4b44-ab46-5ad047a86413
01:34:07.567 [main] [] INFO  c.x.c.c.ReconnectionController - Session session-f443a379-be51-424b-b309-f8ab59182e5b successfully reconnected via STOMP session stomp-ee418ac4-fe30-4b44-ab46-5ad047a86413
01:34:07.567 [main] [] INFO  c.x.c.c.ReconnectionController - Reconnection request received for session session-2986f768-4ffe-4d4a-8d99-ab08b4b06630 from STOMP session stomp-4a6cf8ed-d1d0-4c9f-95be-49ab016c85f6
01:34:07.567 [main] [] INFO  c.x.c.c.ReconnectionController - Session session-2986f768-4ffe-4d4a-8d99-ab08b4b06630 successfully reconnected via STOMP session stomp-4a6cf8ed-d1d0-4c9f-95be-49ab016c85f6
01:34:07.569 [main] [] INFO  c.x.c.c.ReconnectionController - Reconnection request received for session session-1e62a887-7e38-4d7e-bcf2-b8be8cb0801b from STOMP session stomp-996b9351-1fec-4f23-a279-9980a1cfe220
01:34:07.569 [main] [] INFO  c.x.c.c.ReconnectionController - Session session-1e62a887-7e38-4d7e-bcf2-b8be8cb0801b successfully reconnected via STOMP session stomp-996b9351-1fec-4f23-a279-9980a1cfe220
01:34:07.569 [main] [] INFO  c.x.c.c.ReconnectionController - Reconnection request received for session session-9dc481aa-f75d-48b8-96ba-5c7141f42af1 from STOMP session stomp-21279405-02bc-49c1-9a37-d2604bf61dac
01:34:07.569 [main] [] INFO  c.x.c.c.ReconnectionController - Session session-9dc481aa-f75d-48b8-96ba-5c7141f42af1 successfully reconnected via STOMP session stomp-21279405-02bc-49c1-9a37-d2604bf61dac
01:34:07.569 [main] [] INFO  c.x.c.c.ReconnectionController - Reconnection request received for session session-06df1d89-1937-44a6-b267-0cd8cb89e340 from STOMP session stomp-b9e36b93-99f1-4984-810e-ba7885a6df7b
01:34:07.569 [main] [] INFO  c.x.c.c.ReconnectionController - Session session-06df1d89-1937-44a6-b267-0cd8cb89e340 successfully reconnected via STOMP session stomp-b9e36b93-99f1-4984-810e-ba7885a6df7b
01:34:07.571 [main] [] INFO  c.x.c.c.ReconnectionController - Reconnection request received for session session-8f338cb0-1175-45fe-8f40-c91108fa6211 from STOMP session stomp-d771ffbb-9a30-4d42-bda4-906e93a2f5e0
01:34:07.571 [main] [] INFO  c.x.c.c.ReconnectionController - Session session-8f338cb0-1175-45fe-8f40-c91108fa6211 successfully reconnected via STOMP session stomp-d771ffbb-9a30-4d42-bda4-906e93a2f5e0
01:34:07.571 [main] [] INFO  c.x.c.c.ReconnectionController - Reconnection request received for session session-cd4f0192-e2aa-43ca-81ff-7753a26f53f1 from STOMP session stomp-a7c7bbe9-eece-4de1-a9c7-895fc2aa384b
01:34:07.573 [main] [] INFO  c.x.c.c.ReconnectionController - Session session-cd4f0192-e2aa-43ca-81ff-7753a26f53f1 successfully reconnected via STOMP session stomp-a7c7bbe9-eece-4de1-a9c7-895fc2aa384b
01:34:07.573 [main] [] INFO  c.x.c.c.ReconnectionController - Reconnection request received for session session-cf3cad18-21a0-48f6-9038-91d1bbab8c74 from STOMP session stomp-7834e2e4-7d5a-4ea4-bc6a-ba956bad7711
01:34:07.573 [main] [] INFO  c.x.c.c.ReconnectionController - Session session-cf3cad18-21a0-48f6-9038-91d1bbab8c74 successfully reconnected via STOMP session stomp-7834e2e4-7d5a-4ea4-bc6a-ba956bad7711
01:34:07.575 [main] [] INFO  c.x.c.c.ReconnectionController - Reconnection request received for session session-a1e64e7f-4627-42b9-9261-36bbb1bef731 from STOMP session stomp-c96e8a35-17c4-4268-bd33-56815462b5e8
01:34:07.575 [main] [] INFO  c.x.c.c.ReconnectionController - Session session-a1e64e7f-4627-42b9-9261-36bbb1bef731 successfully reconnected via STOMP session stomp-c96e8a35-17c4-4268-bd33-56815462b5e8
01:34:07.575 [main] [] INFO  c.x.c.c.ReconnectionController - Reconnection request received for session session-57ee46e6-053a-4a06-8073-18a99043e239 from STOMP session stomp-3dd9caab-1b07-4e26-a4a2-04eedd76ef03
01:34:07.575 [main] [] INFO  c.x.c.c.ReconnectionController - Session session-57ee46e6-053a-4a06-8073-18a99043e239 successfully reconnected via STOMP session stomp-3dd9caab-1b07-4e26-a4a2-04eedd76ef03
01:34:07.575 [main] [] INFO  c.x.c.c.ReconnectionController - Reconnection request received for session session-fdb9f464-dcfd-4595-8194-3673b2fdb228 from STOMP session stomp-dcf432d5-3900-4691-969e-b051a6d212e5
01:34:07.577 [main] [] INFO  c.x.c.c.ReconnectionController - Session session-fdb9f464-dcfd-4595-8194-3673b2fdb228 successfully reconnected via STOMP session stomp-dcf432d5-3900-4691-969e-b051a6d212e5
01:34:07.577 [main] [] INFO  c.x.c.c.ReconnectionController - Reconnection request received for session session-d2fe3d1f-88c0-4fbf-b956-92257a9f96e5 from STOMP session stomp-d9b6fe77-81d4-49c9-abab-f19826903c69
01:34:07.578 [main] [] INFO  c.x.c.c.ReconnectionController - Session session-d2fe3d1f-88c0-4fbf-b956-92257a9f96e5 successfully reconnected via STOMP session stomp-d9b6fe77-81d4-49c9-abab-f19826903c69
01:34:07.582 [main] [] INFO  c.x.c.c.ReconnectionController - Reconnection request received for session session-2c4fb4d8-c5e8-4eab-8145-139a8736277b from STOMP session stomp-ee9a3274-b585-45b6-9ec7-0e0abc003282
01:34:07.582 [main] [] INFO  c.x.c.c.ReconnectionController - Session session-2c4fb4d8-c5e8-4eab-8145-139a8736277b successfully reconnected via STOMP session stomp-ee9a3274-b585-45b6-9ec7-0e0abc003282
01:34:07.582 [main] [] INFO  c.x.c.c.ReconnectionController - Reconnection request received for session session-e1419356-d674-4479-8506-bd048ba685ee from STOMP session stomp-47e79176-2b72-4ef5-a9ae-d0f5a0b2e6ad
01:34:07.582 [main] [] INFO  c.x.c.c.ReconnectionController - Session session-e1419356-d674-4479-8506-bd048ba685ee successfully reconnected via STOMP session stomp-47e79176-2b72-4ef5-a9ae-d0f5a0b2e6ad
01:34:07.585 [main] [] INFO  c.x.c.c.ReconnectionController - Reconnection request received for session session-12219949-d384-4381-a1e7-be2cc6daa379 from STOMP session stomp-54df65f8-0d92-4a22-b752-f729f3cfd28d
01:34:07.585 [main] [] INFO  c.x.c.c.ReconnectionController - Session session-12219949-d384-4381-a1e7-be2cc6daa379 successfully reconnected via STOMP session stomp-54df65f8-0d92-4a22-b752-f729f3cfd28d
01:34:07.585 [main] [] INFO  c.x.c.c.ReconnectionController - Reconnection request received for session session-58f80db3-eecc-43d0-a7e7-e8880e2c00c7 from STOMP session stomp-73fee9cd-f1c4-4c7d-819d-34b64c7a9b2b
01:34:07.585 [main] [] INFO  c.x.c.c.ReconnectionController - Session session-58f80db3-eecc-43d0-a7e7-e8880e2c00c7 successfully reconnected via STOMP session stomp-73fee9cd-f1c4-4c7d-819d-34b64c7a9b2b
01:34:07.585 [main] [] INFO  c.x.c.c.ReconnectionController - Reconnection request received for session session-f5b0fc01-78ce-47e0-a0d5-70c6d5287684 from STOMP session stomp-f82febd7-a781-4b48-a606-1915817ee460
01:34:07.585 [main] [] INFO  c.x.c.c.ReconnectionController - Session session-f5b0fc01-78ce-47e0-a0d5-70c6d5287684 successfully reconnected via STOMP session stomp-f82febd7-a781-4b48-a606-1915817ee460
01:34:07.585 [main] [] INFO  c.x.c.c.ReconnectionController - Reconnection request received for session session-cb3fb303-0be0-49a8-b276-9270297e39a4 from STOMP session stomp-ffd46125-7024-4169-bf0e-f16a3b2926be
01:34:07.585 [main] [] INFO  c.x.c.c.ReconnectionController - Session session-cb3fb303-0be0-49a8-b276-9270297e39a4 successfully reconnected via STOMP session stomp-ffd46125-7024-4169-bf0e-f16a3b2926be
01:34:07.585 [main] [] INFO  c.x.c.c.ReconnectionController - Reconnection request received for session session-4174649e-defa-4de4-843d-b8b20ed7cccc from STOMP session stomp-0597b11a-b113-43aa-a580-6ec3585e5696
01:34:07.585 [main] [] INFO  c.x.c.c.ReconnectionController - Session session-4174649e-defa-4de4-843d-b8b20ed7cccc successfully reconnected via STOMP session stomp-0597b11a-b113-43aa-a580-6ec3585e5696
01:34:07.585 [main] [] INFO  c.x.c.c.ReconnectionController - Reconnection request received for session session-16126ad0-1cae-460e-be4c-c07d4b10b62e from STOMP session stomp-4b954b71-77c6-47b2-8af7-d01e0e8d371e
01:34:07.585 [main] [] INFO  c.x.c.c.ReconnectionController - Session session-16126ad0-1cae-460e-be4c-c07d4b10b62e successfully reconnected via STOMP session stomp-4b954b71-77c6-47b2-8af7-d01e0e8d371e
01:34:07.585 [main] [] INFO  c.x.c.c.ReconnectionController - Reconnection request received for session session-28a9ef40-852b-4f4d-8680-23f921994749 from STOMP session stomp-4fed90ef-9433-4330-b6a3-867c73ec74ed
01:34:07.585 [main] [] INFO  c.x.c.c.ReconnectionController - Session session-28a9ef40-852b-4f4d-8680-23f921994749 successfully reconnected via STOMP session stomp-4fed90ef-9433-4330-b6a3-867c73ec74ed
01:34:07.585 [main] [] INFO  c.x.c.c.ReconnectionController - Reconnection request received for session session-af422bdb-d599-4974-b99f-634c92fdc4ed from STOMP session stomp-0f218856-5409-4dfb-a244-010d979d570c
01:34:07.585 [main] [] INFO  c.x.c.c.ReconnectionController - Session session-af422bdb-d599-4974-b99f-634c92fdc4ed successfully reconnected via STOMP session stomp-0f218856-5409-4dfb-a244-010d979d570c
01:34:07.585 [main] [] INFO  c.x.c.c.ReconnectionController - Reconnection request received for session session-5b5cc4a9-3185-497d-9400-da4edf803756 from STOMP session stomp-0936651c-caf5-424b-8463-fdeaced5b6be
01:34:07.594 [main] [] INFO  c.x.c.c.ReconnectionController - Session session-5b5cc4a9-3185-497d-9400-da4edf803756 successfully reconnected via STOMP session stomp-0936651c-caf5-424b-8463-fdeaced5b6be
01:34:07.596 [main] [] INFO  c.x.c.c.ReconnectionController - Reconnection request received for session session-9e54272b-e529-45a9-9335-49c29947dfd0 from STOMP session stomp-b5b52a58-59b2-4dcc-92a1-59d2a4afb6cf
01:34:07.596 [main] [] INFO  c.x.c.c.ReconnectionController - Session session-9e54272b-e529-45a9-9335-49c29947dfd0 successfully reconnected via STOMP session stomp-b5b52a58-59b2-4dcc-92a1-59d2a4afb6cf
01:34:07.596 [main] [] INFO  c.x.c.c.ReconnectionController - Reconnection request received for session session-777d2267-0f69-4748-8468-6054cae41b7b from STOMP session stomp-8664d656-3f57-4bf0-a019-b5a7a036c76f
01:34:07.596 [main] [] INFO  c.x.c.c.ReconnectionController - Session session-777d2267-0f69-4748-8468-6054cae41b7b successfully reconnected via STOMP session stomp-8664d656-3f57-4bf0-a019-b5a7a036c76f
01:34:07.596 [main] [] INFO  c.x.c.c.ReconnectionController - Reconnection request received for session session-6b223d2b-d239-4f00-bc7b-db1f811f75b0 from STOMP session stomp-80f90e50-0c95-4fb2-8cae-61d78b6a39df
01:34:07.596 [main] [] INFO  c.x.c.c.ReconnectionController - Session session-6b223d2b-d239-4f00-bc7b-db1f811f75b0 successfully reconnected via STOMP session stomp-80f90e50-0c95-4fb2-8cae-61d78b6a39df
01:34:07.596 [main] [] INFO  c.x.c.c.ReconnectionController - Reconnection request received for session session-1f6dcde1-32be-4015-a837-a0def0357425 from STOMP session stomp-61307506-de2d-45ab-8e11-4b4f2483f2d7
01:34:07.596 [main] [] INFO  c.x.c.c.ReconnectionController - Session session-1f6dcde1-32be-4015-a837-a0def0357425 successfully reconnected via STOMP session stomp-61307506-de2d-45ab-8e11-4b4f2483f2d7
01:34:07.596 [main] [] INFO  c.x.c.c.ReconnectionController - Reconnection request received for session session-54cb9c7b-c74e-43fb-99a8-0cfad4296e8f from STOMP session stomp-da1488b9-111b-447b-9548-38304aff7a0e
01:34:07.596 [main] [] INFO  c.x.c.c.ReconnectionController - Session session-54cb9c7b-c74e-43fb-99a8-0cfad4296e8f successfully reconnected via STOMP session stomp-da1488b9-111b-447b-9548-38304aff7a0e
01:34:07.596 [main] [] INFO  c.x.c.c.ReconnectionController - Reconnection request received for session session-2ab11ec4-0995-4798-9bc1-606c0acca81e from STOMP session stomp-bed064d6-6ba3-49e9-b14f-8361727bd2bf
01:34:07.596 [main] [] INFO  c.x.c.c.ReconnectionController - Session session-2ab11ec4-0995-4798-9bc1-606c0acca81e successfully reconnected via STOMP session stomp-bed064d6-6ba3-49e9-b14f-8361727bd2bf
01:34:07.596 [main] [] INFO  c.x.c.c.ReconnectionController - Reconnection request received for session session-82108e50-b5b7-48e1-abdc-422f598355fb from STOMP session stomp-48a7d4f0-40c8-4e14-9999-492497262e67
01:34:07.596 [main] [] INFO  c.x.c.c.ReconnectionController - Session session-82108e50-b5b7-48e1-abdc-422f598355fb successfully reconnected via STOMP session stomp-48a7d4f0-40c8-4e14-9999-492497262e67
01:34:07.596 [main] [] INFO  c.x.c.c.ReconnectionController - Reconnection request received for session session-55c4e92f-07f4-4c7c-b56b-95e0573fbe2a from STOMP session stomp-d7c2fa43-0a06-436f-8931-e29be80e4d10
01:34:07.596 [main] [] INFO  c.x.c.c.ReconnectionController - Session session-55c4e92f-07f4-4c7c-b56b-95e0573fbe2a successfully reconnected via STOMP session stomp-d7c2fa43-0a06-436f-8931-e29be80e4d10
01:34:07.596 [main] [] INFO  c.x.c.c.ReconnectionController - Reconnection request received for session session-67f91830-2695-49e3-bdab-a88117f33b3a from STOMP session stomp-68744bd8-748e-41eb-b9e1-197c11a9916a
01:34:07.596 [main] [] INFO  c.x.c.c.ReconnectionController - Session session-67f91830-2695-49e3-bdab-a88117f33b3a successfully reconnected via STOMP session stomp-68744bd8-748e-41eb-b9e1-197c11a9916a
01:34:07.596 [main] [] INFO  c.x.c.c.ReconnectionController - Reconnection request received for session session-1ebf9899-ee9d-4814-a98b-c873533540f6 from STOMP session stomp-0f1c8eb1-cbcb-489b-95fd-a19c5a213ecb
01:34:07.596 [main] [] INFO  c.x.c.c.ReconnectionController - Session session-1ebf9899-ee9d-4814-a98b-c873533540f6 successfully reconnected via STOMP session stomp-0f1c8eb1-cbcb-489b-95fd-a19c5a213ecb
01:34:07.596 [main] [] INFO  c.x.c.c.ReconnectionController - Reconnection request received for session session-b5ba5dbc-e010-4f13-8332-685faa8b3e63 from STOMP session stomp-7fe91117-996e-4159-843d-ce7e09aab552
01:34:07.596 [main] [] INFO  c.x.c.c.ReconnectionController - Session session-b5ba5dbc-e010-4f13-8332-685faa8b3e63 successfully reconnected via STOMP session stomp-7fe91117-996e-4159-843d-ce7e09aab552
01:34:07.596 [main] [] INFO  c.x.c.c.ReconnectionController - Reconnection request received for session session-5eb854dc-bcb2-43d0-b9db-fda39ada38b7 from STOMP session stomp-edee07a5-e968-457e-990d-67cc87f8546e
01:34:07.596 [main] [] INFO  c.x.c.c.ReconnectionController - Session session-5eb854dc-bcb2-43d0-b9db-fda39ada38b7 successfully reconnected via STOMP session stomp-edee07a5-e968-457e-990d-67cc87f8546e
01:34:07.596 [main] [] INFO  c.x.c.c.ReconnectionController - Reconnection request received for session session-7414f04c-3377-425f-b510-0fa037ec70b2 from STOMP session stomp-2c75b47f-0a63-4a5f-8a44-f13c804dfe19
01:34:07.596 [main] [] INFO  c.x.c.c.ReconnectionController - Session session-7414f04c-3377-425f-b510-0fa037ec70b2 successfully reconnected via STOMP session stomp-2c75b47f-0a63-4a5f-8a44-f13c804dfe19
01:34:07.610 [main] [] INFO  c.x.c.c.ReconnectionController - Reconnection request received for session session-094600d8-7eda-4525-b647-90471c7b600d from STOMP session stomp-74ffced7-4345-4386-b22c-975785224ead
01:34:07.610 [main] [] INFO  c.x.c.c.ReconnectionController - Session session-094600d8-7eda-4525-b647-90471c7b600d successfully reconnected via STOMP session stomp-74ffced7-4345-4386-b22c-975785224ead
01:34:07.614 [main] [] INFO  c.x.c.c.ReconnectionController - Reconnection request received for session session-b5c27716-a52a-4923-b7d8-c44a85d5efdd from STOMP session stomp-68f4ff35-4dc7-43e5-af86-626513367c44
01:34:07.614 [main] [] INFO  c.x.c.c.ReconnectionController - Session session-b5c27716-a52a-4923-b7d8-c44a85d5efdd successfully reconnected via STOMP session stomp-68f4ff35-4dc7-43e5-af86-626513367c44
01:34:07.614 [main] [] INFO  c.x.c.c.ReconnectionController - Reconnection request received for session session-12f21e5b-2fc5-4c03-b8f9-6b72cac41e8a from STOMP session stomp-9d2061dd-e06c-4756-b52b-52357b1ca7f4
01:34:07.614 [main] [] INFO  c.x.c.c.ReconnectionController - Session session-12f21e5b-2fc5-4c03-b8f9-6b72cac41e8a successfully reconnected via STOMP session stomp-9d2061dd-e06c-4756-b52b-52357b1ca7f4
01:34:07.614 [main] [] INFO  c.x.c.c.ReconnectionController - Reconnection request received for session session-9a09b490-d68f-4054-86ec-965524546f82 from STOMP session stomp-cf71bed4-8d86-4a88-a513-e8c7d444b9cc
01:34:07.614 [main] [] INFO  c.x.c.c.ReconnectionController - Session session-9a09b490-d68f-4054-86ec-965524546f82 successfully reconnected via STOMP session stomp-cf71bed4-8d86-4a88-a513-e8c7d444b9cc
01:34:07.642 [main] [] INFO  c.x.c.c.ReconnectionController - Reconnection request received for session session-00f56dd9-dd40-4637-ac7d-961ee9134a17 from STOMP session stomp-383af2df-e729-494b-8603-2ef462c00b51
01:34:07.643 [main] [] INFO  c.x.c.c.ReconnectionController - Session session-00f56dd9-dd40-4637-ac7d-961ee9134a17 successfully reconnected via STOMP session stomp-383af2df-e729-494b-8603-2ef462c00b51
01:34:07.646 [main] [] INFO  c.x.c.c.ReconnectionController - Reconnection request received for session session-249572a6-c406-4533-85c0-6246e8123d83 from STOMP session stomp-ec7d3119-4435-41d2-aa64-25f147daf6a2
01:34:07.649 [main] [] INFO  c.x.c.c.ReconnectionController - Session session-249572a6-c406-4533-85c0-6246e8123d83 successfully reconnected via STOMP session stomp-ec7d3119-4435-41d2-aa64-25f147daf6a2
01:34:07.654 [main] [] INFO  c.x.c.c.ReconnectionController - Reconnection request received for session session-85e127c1-2c9c-4646-ae5b-26c7ce062f77 from STOMP session stomp-b5fc0912-2137-490f-8ee2-96d12fe27159
01:34:07.654 [main] [] INFO  c.x.c.c.ReconnectionController - Session session-85e127c1-2c9c-4646-ae5b-26c7ce062f77 successfully reconnected via STOMP session stomp-b5fc0912-2137-490f-8ee2-96d12fe27159
01:34:07.654 [main] [] INFO  c.x.c.c.ReconnectionController - Reconnection request received for session session-862b0fab-9edb-4a0b-9688-8c1add1cd2ae from STOMP session stomp-cdaf31de-2f6a-4813-8e4d-8c44a11c3cee
01:34:07.656 [main] [] INFO  c.x.c.c.ReconnectionController - Session session-862b0fab-9edb-4a0b-9688-8c1add1cd2ae successfully reconnected via STOMP session stomp-cdaf31de-2f6a-4813-8e4d-8c44a11c3cee
01:34:07.657 [main] [] INFO  c.x.c.c.ReconnectionController - Reconnection request received for session session-600666f0-3c8f-4b91-b1ee-b4b4e5634c4d from STOMP session stomp-5e0e5d8f-beb4-4090-8066-039a66db51ed
01:34:07.657 [main] [] INFO  c.x.c.c.ReconnectionController - Session session-600666f0-3c8f-4b91-b1ee-b4b4e5634c4d successfully reconnected via STOMP session stomp-5e0e5d8f-beb4-4090-8066-039a66db51ed
01:34:07.659 [main] [] INFO  c.x.c.c.ReconnectionController - Reconnection request received for session session-bf247f84-695e-472d-aff4-028de15e1404 from STOMP session stomp-ebb4ac4a-2f49-48d5-9c3a-9eca68f22b09
01:34:07.659 [main] [] INFO  c.x.c.c.ReconnectionController - Session session-bf247f84-695e-472d-aff4-028de15e1404 successfully reconnected via STOMP session stomp-ebb4ac4a-2f49-48d5-9c3a-9eca68f22b09
01:34:07.662 [main] [] INFO  c.x.c.c.ReconnectionController - Reconnection request received for session session-06b3671b-c545-4bea-b353-2a8bc3d07ae1 from STOMP session stomp-85c3ae25-a78d-4aea-ba24-69f74a130dd1
01:34:07.662 [main] [] INFO  c.x.c.c.ReconnectionController - Session session-06b3671b-c545-4bea-b353-2a8bc3d07ae1 successfully reconnected via STOMP session stomp-85c3ae25-a78d-4aea-ba24-69f74a130dd1
01:34:07.664 [main] [] INFO  c.x.c.c.ReconnectionController - Reconnection request received for session session-2d55e551-bf6c-41f7-baf9-e5729d2d9253 from STOMP session stomp-d3a23766-b5be-44d8-96f7-6cd78771cd14
01:34:07.664 [main] [] INFO  c.x.c.c.ReconnectionController - Session session-2d55e551-bf6c-41f7-baf9-e5729d2d9253 successfully reconnected via STOMP session stomp-d3a23766-b5be-44d8-96f7-6cd78771cd14
01:34:07.666 [main] [] INFO  c.x.c.c.ReconnectionController - Reconnection request received for session session-4fab25b4-8ab8-4654-8573-08d65109b11c from STOMP session stomp-339591ac-18aa-4047-b3c2-8765b0f09d42
01:34:07.666 [main] [] INFO  c.x.c.c.ReconnectionController - Session session-4fab25b4-8ab8-4654-8573-08d65109b11c successfully reconnected via STOMP session stomp-339591ac-18aa-4047-b3c2-8765b0f09d42
01:34:07.668 [main] [] INFO  c.x.c.c.ReconnectionController - Reconnection request received for session session-6d35b3e6-8ce5-4869-b4e8-1bbae86877c3 from STOMP session stomp-791424ea-a396-4fcc-88b5-4afe5b751df2
01:34:07.668 [main] [] INFO  c.x.c.c.ReconnectionController - Session session-6d35b3e6-8ce5-4869-b4e8-1bbae86877c3 successfully reconnected via STOMP session stomp-791424ea-a396-4fcc-88b5-4afe5b751df2
01:34:07.668 [main] [] INFO  c.x.c.c.ReconnectionController - Reconnection request received for session session-0a63fe25-1ef7-45f8-a3d9-4df131f9ee9e from STOMP session stomp-8ce8c77f-f95b-493a-902d-bb59d1c74be7
01:34:07.668 [main] [] INFO  c.x.c.c.ReconnectionController - Session session-0a63fe25-1ef7-45f8-a3d9-4df131f9ee9e successfully reconnected via STOMP session stomp-8ce8c77f-f95b-493a-902d-bb59d1c74be7
01:34:07.672 [main] [] INFO  c.x.c.c.ReconnectionController - Reconnection request received for session session-a7325a77-3a5d-4b81-b902-f7f35e2f6594 from STOMP session stomp-17937a3e-ab69-4fae-afac-08337dbcfd69
01:34:07.673 [main] [] INFO  c.x.c.c.ReconnectionController - Session session-a7325a77-3a5d-4b81-b902-f7f35e2f6594 successfully reconnected via STOMP session stomp-17937a3e-ab69-4fae-afac-08337dbcfd69
01:34:07.676 [main] [] INFO  c.x.c.c.ReconnectionController - Reconnection request received for session session-ab1da56c-4a6e-42b3-a856-bd606295b95e from STOMP session stomp-9f132d0c-6c10-4dea-aaf7-ad00bdadd044
01:34:07.676 [main] [] INFO  c.x.c.c.ReconnectionController - Session session-ab1da56c-4a6e-42b3-a856-bd606295b95e successfully reconnected via STOMP session stomp-9f132d0c-6c10-4dea-aaf7-ad00bdadd044
01:34:07.676 [main] [] INFO  c.x.c.c.ReconnectionController - Reconnection request received for session session-5cd010da-c3aa-41a0-a8c8-ea9da5c51064 from STOMP session stomp-b43617a8-452e-449f-a1c7-9710714a7309
01:34:07.676 [main] [] INFO  c.x.c.c.ReconnectionController - Session session-5cd010da-c3aa-41a0-a8c8-ea9da5c51064 successfully reconnected via STOMP session stomp-b43617a8-452e-449f-a1c7-9710714a7309
01:34:07.681 [main] [] INFO  c.x.c.c.ReconnectionController - Reconnection request received for session session-50762628-b912-4a90-9b58-9d52d9bc0424 from STOMP session stomp-b0682303-4176-4693-94ad-1fb56c80d5ae
01:34:07.681 [main] [] INFO  c.x.c.c.ReconnectionController - Session session-50762628-b912-4a90-9b58-9d52d9bc0424 successfully reconnected via STOMP session stomp-b0682303-4176-4693-94ad-1fb56c80d5ae
01:34:07.681 [main] [] INFO  c.x.c.c.ReconnectionController - Reconnection request received for session session-50d0d881-a525-47ab-8c8d-6d6cee66df2d from STOMP session stomp-6930cb33-3f99-42ea-adaf-039c163be935
01:34:07.681 [main] [] INFO  c.x.c.c.ReconnectionController - Session session-50d0d881-a525-47ab-8c8d-6d6cee66df2d successfully reconnected via STOMP session stomp-6930cb33-3f99-42ea-adaf-039c163be935
01:34:07.683 [main] [] INFO  c.x.c.c.ReconnectionController - Reconnection request received for session session-33354b52-16ac-4bbd-a22f-5a1df7b5b794 from STOMP session stomp-70bef48c-ad1a-442b-b70f-b88f000ea3a2
01:34:07.683 [main] [] INFO  c.x.c.c.ReconnectionController - Session session-33354b52-16ac-4bbd-a22f-5a1df7b5b794 successfully reconnected via STOMP session stomp-70bef48c-ad1a-442b-b70f-b88f000ea3a2
01:34:07.683 [main] [] INFO  c.x.c.c.ReconnectionController - Reconnection request received for session session-bd9c587e-d7c7-4dca-a5e2-e353f35834dd from STOMP session stomp-751500be-9244-4a57-8726-19a1aad7f5f5
01:34:07.683 [main] [] INFO  c.x.c.c.ReconnectionController - Session session-bd9c587e-d7c7-4dca-a5e2-e353f35834dd successfully reconnected via STOMP session stomp-751500be-9244-4a57-8726-19a1aad7f5f5
01:34:07.683 [main] [] INFO  c.x.c.c.ReconnectionController - Reconnection request received for session session-06ed473d-ae2e-4087-870d-e60e356625b3 from STOMP session stomp-1b3e2bf9-8d3e-481b-ad7e-fe7fa50f7847
01:34:07.683 [main] [] INFO  c.x.c.c.ReconnectionController - Session session-06ed473d-ae2e-4087-870d-e60e356625b3 successfully reconnected via STOMP session stomp-1b3e2bf9-8d3e-481b-ad7e-fe7fa50f7847
01:34:07.683 [main] [] INFO  c.x.c.c.ReconnectionController - Reconnection request received for session session-12504563-8efa-43ef-aab4-59e7ad6f644b from STOMP session stomp-e66c782d-18a1-4c90-95d4-5871e66f76a1
01:34:07.683 [main] [] INFO  c.x.c.c.ReconnectionController - Session session-12504563-8efa-43ef-aab4-59e7ad6f644b successfully reconnected via STOMP session stomp-e66c782d-18a1-4c90-95d4-5871e66f76a1
01:34:07.683 [main] [] INFO  c.x.c.c.ReconnectionController - Reconnection request received for session session-e92d5e34-43a0-4250-8b66-f625306f16d9 from STOMP session stomp-d8fc9085-072d-4158-bf5b-8a6b0a84ad1b
01:34:07.683 [main] [] INFO  c.x.c.c.ReconnectionController - Session session-e92d5e34-43a0-4250-8b66-f625306f16d9 successfully reconnected via STOMP session stomp-d8fc9085-072d-4158-bf5b-8a6b0a84ad1b
01:34:07.683 [main] [] INFO  c.x.c.c.ReconnectionController - Reconnection request received for session session-f2f150a5-ecbf-4f72-8f61-0cd7e92bb1df from STOMP session stomp-50c6cde1-6bac-4461-8903-621e0f26833c
01:34:07.683 [main] [] INFO  c.x.c.c.ReconnectionController - Session session-f2f150a5-ecbf-4f72-8f61-0cd7e92bb1df successfully reconnected via STOMP session stomp-50c6cde1-6bac-4461-8903-621e0f26833c
01:34:07.683 [main] [] INFO  c.x.c.c.ReconnectionController - Reconnection request received for session session-2363b031-fa45-49ee-8a3b-724adc13d40f from STOMP session stomp-ac8819f8-54e8-4862-b7b5-4a551b6c66eb
01:34:07.683 [main] [] INFO  c.x.c.c.ReconnectionController - Session session-2363b031-fa45-49ee-8a3b-724adc13d40f successfully reconnected via STOMP session stomp-ac8819f8-54e8-4862-b7b5-4a551b6c66eb
01:34:07.688 [main] [] INFO  c.x.c.c.ReconnectionController - Reconnection request received for session session-488de958-24d4-4dc1-9d41-acda7f3c4b56 from STOMP session stomp-df5a28d5-80bc-4b5d-9bbc-7b234e63d50e
01:34:07.689 [main] [] INFO  c.x.c.c.ReconnectionController - Session session-488de958-24d4-4dc1-9d41-acda7f3c4b56 successfully reconnected via STOMP session stomp-df5a28d5-80bc-4b5d-9bbc-7b234e63d50e
01:34:07.691 [main] [] INFO  c.x.c.c.ReconnectionController - Reconnection request received for session session-598df8f1-399f-47a5-b795-3db5f3ec501f from STOMP session stomp-2289acfd-13da-4fd9-bdfd-353568476814
01:34:07.691 [main] [] INFO  c.x.c.c.ReconnectionController - Session session-598df8f1-399f-47a5-b795-3db5f3ec501f successfully reconnected via STOMP session stomp-2289acfd-13da-4fd9-bdfd-353568476814
01:34:07.691 [main] [] INFO  c.x.c.c.ReconnectionController - Reconnection request received for session session-1574386d-99ac-42e6-8b18-ff75f6c348f2 from STOMP session stomp-82494b16-0cc6-495e-a235-914805e38a22
01:34:07.691 [main] [] INFO  c.x.c.c.ReconnectionController - Session session-1574386d-99ac-42e6-8b18-ff75f6c348f2 successfully reconnected via STOMP session stomp-82494b16-0cc6-495e-a235-914805e38a22
01:34:07.691 [main] [] INFO  c.x.c.c.ReconnectionController - Reconnection request received for session session-eafcb1c8-c1d6-4a99-a067-47275bdf0391 from STOMP session stomp-f7afb287-79a4-4a2d-995c-1feb1866bb31
01:34:07.691 [main] [] INFO  c.x.c.c.ReconnectionController - Session session-eafcb1c8-c1d6-4a99-a067-47275bdf0391 successfully reconnected via STOMP session stomp-f7afb287-79a4-4a2d-995c-1feb1866bb31
01:34:07.696 [main] [] INFO  c.x.c.c.ReconnectionController - Reconnection request received for session session-79e916c5-b15c-4ccb-9000-e8db7d21c306 from STOMP session stomp-83e3054c-c5d1-48ec-9aaf-6f1b3d9be5f8
01:34:07.696 [main] [] INFO  c.x.c.c.ReconnectionController - Session session-79e916c5-b15c-4ccb-9000-e8db7d21c306 successfully reconnected via STOMP session stomp-83e3054c-c5d1-48ec-9aaf-6f1b3d9be5f8
01:34:07.699 [main] [] INFO  c.x.c.c.ReconnectionController - Reconnection request received for session session-1de1d595-014f-491b-a6db-02e8c4788636 from STOMP session stomp-3af25e9c-598b-42bc-b699-fc3e1f879599
01:34:07.699 [main] [] INFO  c.x.c.c.ReconnectionController - Session session-1de1d595-014f-491b-a6db-02e8c4788636 successfully reconnected via STOMP session stomp-3af25e9c-598b-42bc-b699-fc3e1f879599
01:34:07.701 [main] [] INFO  c.x.c.c.ReconnectionController - Reconnection request received for session session-4bdefd44-45f7-448e-a78a-fef5dadf7111 from STOMP session stomp-63b6ee3d-fe03-4ee0-bae2-218620729e26
01:34:07.701 [main] [] INFO  c.x.c.c.ReconnectionController - Session session-4bdefd44-45f7-448e-a78a-fef5dadf7111 successfully reconnected via STOMP session stomp-63b6ee3d-fe03-4ee0-bae2-218620729e26
01:34:07.701 [main] [] INFO  c.x.c.c.ReconnectionController - Reconnection request received for session session-3e905f65-dae4-4d68-8ccb-2a714875af07 from STOMP session stomp-141bd5e0-fe88-4354-9748-1892dad52205
01:34:07.701 [main] [] INFO  c.x.c.c.ReconnectionController - Session session-3e905f65-dae4-4d68-8ccb-2a714875af07 successfully reconnected via STOMP session stomp-141bd5e0-fe88-4354-9748-1892dad52205
01:34:07.704 [main] [] INFO  c.x.c.c.ReconnectionController - Reconnection request received for session session-7aa97c21-39f2-4cbe-b566-e27572ea0aed from STOMP session stomp-60ddf615-b583-487d-9d86-1e111939e4a6
01:34:07.704 [main] [] INFO  c.x.c.c.ReconnectionController - Session session-7aa97c21-39f2-4cbe-b566-e27572ea0aed successfully reconnected via STOMP session stomp-60ddf615-b583-487d-9d86-1e111939e4a6
01:34:07.704 [main] [] INFO  c.x.c.c.ReconnectionController - Reconnection request received for session session-27e30efc-4d9a-438f-8cd0-058108219c31 from STOMP session stomp-f6c0b0b3-aa45-4fb1-8a5b-b6bf707575ad
01:34:07.704 [main] [] INFO  c.x.c.c.ReconnectionController - Session session-27e30efc-4d9a-438f-8cd0-058108219c31 successfully reconnected via STOMP session stomp-f6c0b0b3-aa45-4fb1-8a5b-b6bf707575ad
01:34:07.706 [main] [] INFO  c.x.c.c.ReconnectionController - Reconnection request received for session session-03f10508-d745-4487-b544-1e19a385647c from STOMP session stomp-5a077f4b-a216-4c89-b115-a4bcfe948dd4
01:34:07.706 [main] [] INFO  c.x.c.c.ReconnectionController - Session session-03f10508-d745-4487-b544-1e19a385647c successfully reconnected via STOMP session stomp-5a077f4b-a216-4c89-b115-a4bcfe948dd4
01:34:07.708 [main] [] INFO  c.x.c.c.ReconnectionController - Reconnection request received for session session-65d5f2a0-aa3f-4194-9d76-333858fb0cda from STOMP session stomp-ac3ec3ad-1660-4ddc-a401-1457ccc18eba
01:34:07.708 [main] [] INFO  c.x.c.c.ReconnectionController - Session session-65d5f2a0-aa3f-4194-9d76-333858fb0cda successfully reconnected via STOMP session stomp-ac3ec3ad-1660-4ddc-a401-1457ccc18eba
01:34:07.710 [main] [] INFO  c.x.c.c.ReconnectionController - Reconnection request received for session session-f6e74b22-2f40-4ef2-9cf0-2b9bfeb7821b from STOMP session stomp-3f535384-1a47-474b-8771-e0be8769ee40
01:34:07.710 [main] [] INFO  c.x.c.c.ReconnectionController - Session session-f6e74b22-2f40-4ef2-9cf0-2b9bfeb7821b successfully reconnected via STOMP session stomp-3f535384-1a47-474b-8771-e0be8769ee40
01:34:07.712 [main] [] INFO  c.x.c.c.ReconnectionController - Reconnection request received for session session-1afd18aa-79ba-496a-ab7a-a85b27cf3b4b from STOMP session stomp-f3ecfa37-0195-4e8a-be2f-444a7ba3c783
01:34:07.714 [main] [] INFO  c.x.c.c.ReconnectionController - Session session-1afd18aa-79ba-496a-ab7a-a85b27cf3b4b successfully reconnected via STOMP session stomp-f3ecfa37-0195-4e8a-be2f-444a7ba3c783
01:34:07.714 [main] [] INFO  c.x.c.c.ReconnectionController - Reconnection request received for session session-3b2fde76-f631-460a-ada2-e9db25b955c7 from STOMP session stomp-639bae61-e7d0-4627-a533-ad5203cfacbd
01:34:07.714 [main] [] INFO  c.x.c.c.ReconnectionController - Session session-3b2fde76-f631-460a-ada2-e9db25b955c7 successfully reconnected via STOMP session stomp-639bae61-e7d0-4627-a533-ad5203cfacbd
01:34:07.714 [main] [] INFO  c.x.c.c.ReconnectionController - Reconnection request received for session session-2f03fe68-0275-4548-9df6-c6989c887169 from STOMP session stomp-ed391e9d-f3e2-44e8-9851-7e15c13a539c
01:34:07.714 [main] [] INFO  c.x.c.c.ReconnectionController - Session session-2f03fe68-0275-4548-9df6-c6989c887169 successfully reconnected via STOMP session stomp-ed391e9d-f3e2-44e8-9851-7e15c13a539c
01:34:07.714 [main] [] INFO  c.x.c.c.ReconnectionController - Reconnection request received for session session-997235c6-d225-463f-8046-dd50d90cbf7e from STOMP session stomp-9befc83e-465f-40c4-b863-3e9e881c0082
01:34:07.714 [main] [] INFO  c.x.c.c.ReconnectionController - Session session-997235c6-d225-463f-8046-dd50d90cbf7e successfully reconnected via STOMP session stomp-9befc83e-465f-40c4-b863-3e9e881c0082
01:34:07.714 [main] [] INFO  c.x.c.c.ReconnectionController - Reconnection request received for session session-3cd17989-0fb3-4d6f-ba47-47269a4763d4 from STOMP session stomp-a1330428-1053-4feb-b340-2d5bdb26fc01
01:34:07.714 [main] [] INFO  c.x.c.c.ReconnectionController - Session session-3cd17989-0fb3-4d6f-ba47-47269a4763d4 successfully reconnected via STOMP session stomp-a1330428-1053-4feb-b340-2d5bdb26fc01
01:34:07.714 [main] [] INFO  c.x.c.c.ReconnectionController - Reconnection request received for session session-e1104668-ae57-4e6f-a953-6bdf0fb70047 from STOMP session stomp-e5e66e05-35fe-449b-a9c2-1490258d3cbf
01:34:07.714 [main] [] INFO  c.x.c.c.ReconnectionController - Session session-e1104668-ae57-4e6f-a953-6bdf0fb70047 successfully reconnected via STOMP session stomp-e5e66e05-35fe-449b-a9c2-1490258d3cbf
01:34:07.720 [main] [] INFO  c.x.c.c.ReconnectionController - Reconnection request received for session session-8b338afa-26b7-4a52-a472-116af1efc06a from STOMP session stomp-dfd9e399-ed70-40d8-8a36-d1ce58ade330
01:34:07.720 [main] [] INFO  c.x.c.c.ReconnectionController - Session session-8b338afa-26b7-4a52-a472-116af1efc06a successfully reconnected via STOMP session stomp-dfd9e399-ed70-40d8-8a36-d1ce58ade330
01:34:07.721 [main] [] INFO  c.x.c.c.ReconnectionController - Reconnection request received for session session-03c535c5-7e59-4b94-b545-abad14c90baf from STOMP session stomp-9d7903db-d0b1-4082-86d1-c42024ae1990
01:34:07.721 [main] [] INFO  c.x.c.c.ReconnectionController - Session session-03c535c5-7e59-4b94-b545-abad14c90baf successfully reconnected via STOMP session stomp-9d7903db-d0b1-4082-86d1-c42024ae1990
01:34:07.722 [main] [] INFO  c.x.c.c.ReconnectionController - Reconnection request received for session session-8dc6f12a-456f-44b9-a94c-bc673ed3b926 from STOMP session stomp-6385849a-ddc5-4460-82dc-0ec4a0e8074b
01:34:07.722 [main] [] INFO  c.x.c.c.ReconnectionController - Session session-8dc6f12a-456f-44b9-a94c-bc673ed3b926 successfully reconnected via STOMP session stomp-6385849a-ddc5-4460-82dc-0ec4a0e8074b
01:34:07.722 [main] [] INFO  c.x.c.c.ReconnectionController - Reconnection request received for session session-8773cc01-0298-4a99-acb1-f208a74b4e55 from STOMP session stomp-9e518f52-28f3-40d1-abbd-c3af17797e14
01:34:07.722 [main] [] INFO  c.x.c.c.ReconnectionController - Session session-8773cc01-0298-4a99-acb1-f208a74b4e55 successfully reconnected via STOMP session stomp-9e518f52-28f3-40d1-abbd-c3af17797e14
01:34:07.722 [main] [] INFO  c.x.c.c.ReconnectionController - Reconnection request received for session session-62299933-0b98-4ef8-a1f3-733013ca97d4 from STOMP session stomp-9396c587-47ef-482f-8755-5aabb00f1cbf
01:34:07.722 [main] [] INFO  c.x.c.c.ReconnectionController - Session session-62299933-0b98-4ef8-a1f3-733013ca97d4 successfully reconnected via STOMP session stomp-9396c587-47ef-482f-8755-5aabb00f1cbf
01:34:07.722 [main] [] INFO  c.x.c.c.ReconnectionController - Reconnection request received for session session-62ab0297-72df-4d61-80f7-3c956d9b4495 from STOMP session stomp-7003d584-a0f6-46af-b630-e2fd102dc94d
01:34:07.729 [main] [] INFO  c.x.c.c.ReconnectionController - Session session-62ab0297-72df-4d61-80f7-3c956d9b4495 successfully reconnected via STOMP session stomp-7003d584-a0f6-46af-b630-e2fd102dc94d
01:34:07.729 [main] [] INFO  c.x.c.c.ReconnectionController - Reconnection request received for session session-288e6cb8-e038-4e60-82a7-f0f1ec85c1a3 from STOMP session stomp-fbc27682-8180-4f6e-a5c9-8a81d8864bf8
01:34:07.729 [main] [] INFO  c.x.c.c.ReconnectionController - Session session-288e6cb8-e038-4e60-82a7-f0f1ec85c1a3 successfully reconnected via STOMP session stomp-fbc27682-8180-4f6e-a5c9-8a81d8864bf8
01:34:07.729 [main] [] INFO  c.x.c.c.ReconnectionController - Reconnection request received for session session-f3ba7cec-0745-49cd-b9f1-50f9aff4e99e from STOMP session stomp-570afbae-1be1-484e-a018-76a905277e72
01:34:07.729 [main] [] INFO  c.x.c.c.ReconnectionController - Session session-f3ba7cec-0745-49cd-b9f1-50f9aff4e99e successfully reconnected via STOMP session stomp-570afbae-1be1-484e-a018-76a905277e72
01:34:07.733 [main] [] INFO  c.x.c.c.ReconnectionController - Reconnection request received for session session-c4e0cc23-b08a-488b-8700-2b70b45049bc from STOMP session stomp-319fd8bc-8f30-4150-abed-7a086681d830
01:34:07.733 [main] [] INFO  c.x.c.c.ReconnectionController - Session session-c4e0cc23-b08a-488b-8700-2b70b45049bc successfully reconnected via STOMP session stomp-319fd8bc-8f30-4150-abed-7a086681d830
01:34:07.735 [main] [] INFO  c.x.c.c.ReconnectionController - Reconnection request received for session session-ff7a9aa3-80b0-4288-80c1-ad03b6f22800 from STOMP session stomp-e51d7985-cf10-4ff6-ba75-26fccbc82371
01:34:07.735 [main] [] INFO  c.x.c.c.ReconnectionController - Session session-ff7a9aa3-80b0-4288-80c1-ad03b6f22800 successfully reconnected via STOMP session stomp-e51d7985-cf10-4ff6-ba75-26fccbc82371
01:34:07.737 [main] [] INFO  c.x.c.c.ReconnectionController - Reconnection request received for session session-d08bad41-0917-486d-bc00-d3359e5b79ab from STOMP session stomp-7e125890-01f3-4b43-9fb0-9e55e92c3d9a
01:34:07.737 [main] [] INFO  c.x.c.c.ReconnectionController - Session session-d08bad41-0917-486d-bc00-d3359e5b79ab successfully reconnected via STOMP session stomp-7e125890-01f3-4b43-9fb0-9e55e92c3d9a
01:34:07.739 [main] [] INFO  c.x.c.c.ReconnectionController - Reconnection request received for session session-8654c068-ebc8-413f-834c-744defb91b12 from STOMP session stomp-6d2aa343-218e-47cc-90df-33ca5dcc032e
01:34:07.739 [main] [] INFO  c.x.c.c.ReconnectionController - Session session-8654c068-ebc8-413f-834c-744defb91b12 successfully reconnected via STOMP session stomp-6d2aa343-218e-47cc-90df-33ca5dcc032e
01:34:07.741 [main] [] INFO  c.x.c.c.ReconnectionController - Reconnection request received for session session-790aea57-ab49-4b4e-b314-8d65221afee7 from STOMP session stomp-8d75e52b-6d45-4d3f-a839-f0a399979cd0
01:34:07.741 [main] [] INFO  c.x.c.c.ReconnectionController - Session session-790aea57-ab49-4b4e-b314-8d65221afee7 successfully reconnected via STOMP session stomp-8d75e52b-6d45-4d3f-a839-f0a399979cd0
01:34:07.743 [main] [] INFO  c.x.c.c.ReconnectionController - Reconnection request received for session session-71c4af27-b3cc-470a-9886-d64c3cb9f4f2 from STOMP session stomp-d9903c68-abe3-42b4-ae1f-ab433b56fd26
01:34:07.743 [main] [] INFO  c.x.c.c.ReconnectionController - Session session-71c4af27-b3cc-470a-9886-d64c3cb9f4f2 successfully reconnected via STOMP session stomp-d9903c68-abe3-42b4-ae1f-ab433b56fd26
01:34:07.745 [main] [] INFO  c.x.c.c.ReconnectionController - Reconnection request received for session session-6a423dca-dd85-4f35-ad79-4c404910f9f5 from STOMP session stomp-374dedc5-b80a-4509-80fc-6b864c29d46f
01:34:07.745 [main] [] INFO  c.x.c.c.ReconnectionController - Session session-6a423dca-dd85-4f35-ad79-4c404910f9f5 successfully reconnected via STOMP session stomp-374dedc5-b80a-4509-80fc-6b864c29d46f
timestamp = 2026-06-30T01:34:07.747234200, ReconnectionControllerPropertyTest:reconnectionResendStoredPromptPayload = 
                              |-----------------------jqwik-----------------------
tries = 100                   | # of calls to property
checks = 100                  | # of not rejected calls
generation = RANDOMIZED       | parameters are randomly generated
after-failure = SAMPLE_FIRST  | try previously failed sample, then previous seed
when-fixed-seed = ALLOW       | fixing the random seed is allowed
edge-cases#mode = MIXIN       | edge cases are mixed in
edge-cases#total = 32         | # of all combined edge cases
edge-cases#tried = 12         | # of edge cases tried in current run
seed = -4975171863841051085   | random seed to reproduce generated values


]]></system-out>
  </testcase>
  <testcase name="reconnectionSucceedsOnlyForDisconnectedSessions" classname="com.xpressbees.chatbot.controller.ReconnectionControllerPropertyTest" time="0.125">
    <system-out><![CDATA[01:34:07.754 [main] [] INFO  c.x.c.c.ReconnectionController - Reconnection request received for session session-ZZZZZ from STOMP session stomp-d8d4d731-229e-4983-bee8-9747ad9ef77f
01:34:07.754 [main] [] WARN  c.x.c.c.ReconnectionController - Reconnection failed: session session-ZZZZZ not found
01:34:07.758 [main] [] INFO  c.x.c.c.ReconnectionController - Reconnection request received for session session-TsPrQPLeyxYj from STOMP session stomp-8dc504b4-48da-4a00-9467-574d4974ac99
01:34:07.758 [main] [] WARN  c.x.c.c.ReconnectionController - Reconnection failed: session session-TsPrQPLeyxYj is already active on another connection
01:34:07.758 [main] [] INFO  c.x.c.c.ReconnectionController - Reconnection request received for session session-tjbCDVIoVZSp from STOMP session stomp-62a5c9e1-d6ed-4d59-914b-d1787d270e42
01:34:07.758 [main] [] WARN  c.x.c.c.ReconnectionController - Reconnection failed: session session-tjbCDVIoVZSp not found
01:34:07.763 [main] [] INFO  c.x.c.c.ReconnectionController - Reconnection request received for session session-WAwqNaAjtYPfP from STOMP session stomp-ec51b899-8673-49d2-acf4-0cf6712789b2
01:34:07.763 [main] [] INFO  c.x.c.c.ReconnectionController - Session session-WAwqNaAjtYPfP successfully reconnected via STOMP session stomp-ec51b899-8673-49d2-acf4-0cf6712789b2
01:34:07.765 [main] [] INFO  c.x.c.c.ReconnectionController - Reconnection request received for session session-AQaSETrdDWDJ from STOMP session stomp-0abc055f-f80c-4d82-804f-39d48619aa86
01:34:07.765 [main] [] INFO  c.x.c.c.ReconnectionController - Session session-AQaSETrdDWDJ successfully reconnected via STOMP session stomp-0abc055f-f80c-4d82-804f-39d48619aa86
01:34:07.767 [main] [] INFO  c.x.c.c.ReconnectionController - Reconnection request received for session session-NvUTPyMRpdo from STOMP session stomp-4d97280c-4b81-4c90-b506-94c5d83f0c99
01:34:07.767 [main] [] WARN  c.x.c.c.ReconnectionController - Reconnection failed: session session-NvUTPyMRpdo has already completed
01:34:07.767 [main] [] INFO  c.x.c.c.ReconnectionController - Reconnection request received for session session-RgCYX from STOMP session stomp-3510ffad-c499-430c-bc25-7b207a0dbf34
01:34:07.767 [main] [] WARN  c.x.c.c.ReconnectionController - Reconnection failed: session session-RgCYX has already completed
01:34:07.767 [main] [] INFO  c.x.c.c.ReconnectionController - Reconnection request received for session session-pzPFIEsvZCKQru from STOMP session stomp-1479568f-0f24-45bf-8ca9-31af370db615
01:34:07.767 [main] [] WARN  c.x.c.c.ReconnectionController - Reconnection failed: session session-pzPFIEsvZCKQru has already completed
01:34:07.771 [main] [] INFO  c.x.c.c.ReconnectionController - Reconnection request received for session session-SQNHTDaHQOr from STOMP session stomp-e707fce2-5750-4354-b1e8-f79d7441b2c8
01:34:07.771 [main] [] WARN  c.x.c.c.ReconnectionController - Reconnection failed: session session-SQNHTDaHQOr has already completed
01:34:07.773 [main] [] INFO  c.x.c.c.ReconnectionController - Reconnection request received for session session-AAAAA from STOMP session stomp-4b019322-aa84-4e7c-a347-f8eaee08a3db
01:34:07.773 [main] [] WARN  c.x.c.c.ReconnectionController - Reconnection failed: session session-AAAAA not found
01:34:07.773 [main] [] INFO  c.x.c.c.ReconnectionController - Reconnection request received for session session-rkJmne from STOMP session stomp-c1c8a223-187f-49fc-a547-fd075a5c1652
01:34:07.773 [main] [] WARN  c.x.c.c.ReconnectionController - Reconnection failed: session session-rkJmne is already active on another connection
01:34:07.775 [main] [] INFO  c.x.c.c.ReconnectionController - Reconnection request received for session session-zzzzz from STOMP session stomp-72863aad-d57b-47aa-8393-c9cfa6f5f2a9
01:34:07.775 [main] [] INFO  c.x.c.c.ReconnectionController - Session session-zzzzz successfully reconnected via STOMP session stomp-72863aad-d57b-47aa-8393-c9cfa6f5f2a9
01:34:07.775 [main] [] INFO  c.x.c.c.ReconnectionController - Reconnection request received for session session-PdbklVc from STOMP session stomp-714a1d37-6922-4e1a-b53a-a4d0767cc6b2
01:34:07.775 [main] [] WARN  c.x.c.c.ReconnectionController - Reconnection failed: session session-PdbklVc is already active on another connection
01:34:07.777 [main] [] INFO  c.x.c.c.ReconnectionController - Reconnection request received for session session-EVOFpb from STOMP session stomp-fc7ed3c9-da2c-48eb-be9b-0b6b3341a4a2
01:34:07.777 [main] [] WARN  c.x.c.c.ReconnectionController - Reconnection failed: session session-EVOFpb is already active on another connection
01:34:07.779 [main] [] INFO  c.x.c.c.ReconnectionController - Reconnection request received for session session-DhPAqoaBuIvhOppZ from STOMP session stomp-b104e2d9-3614-4912-b34d-8e95e31d401a
01:34:07.779 [main] [] WARN  c.x.c.c.ReconnectionController - Reconnection failed: session session-DhPAqoaBuIvhOppZ is already active on another connection
01:34:07.783 [main] [] INFO  c.x.c.c.ReconnectionController - Reconnection request received for session session-DwAPCNafBFiWHV from STOMP session stomp-b106c9dd-2264-4e3e-9e12-2847362509cc
01:34:07.783 [main] [] WARN  c.x.c.c.ReconnectionController - Reconnection failed: session session-DwAPCNafBFiWHV has already completed
01:34:07.783 [main] [] INFO  c.x.c.c.ReconnectionController - Reconnection request received for session session-VkcitZxtAlI from STOMP session stomp-421d1673-22d5-43b8-8a64-790f22c496c8
01:34:07.783 [main] [] WARN  c.x.c.c.ReconnectionController - Reconnection failed: session session-VkcitZxtAlI has already completed
01:34:07.783 [main] [] INFO  c.x.c.c.ReconnectionController - Reconnection request received for session session-gzsYYLLOgD from STOMP session stomp-80d7dc94-d03c-40f7-ba9a-27fff256955a
01:34:07.783 [main] [] WARN  c.x.c.c.ReconnectionController - Reconnection failed: session session-gzsYYLLOgD is already active on another connection
01:34:07.783 [main] [] INFO  c.x.c.c.ReconnectionController - Reconnection request received for session session-nGFEgEqkC from STOMP session stomp-d8910df9-4417-45fc-aa5f-126555fc1568
01:34:07.783 [main] [] WARN  c.x.c.c.ReconnectionController - Reconnection failed: session session-nGFEgEqkC not found
01:34:07.783 [main] [] INFO  c.x.c.c.ReconnectionController - Reconnection request received for session session-anNrJMTOuevHITj from STOMP session stomp-f8079ab0-d61f-4fe9-9fbd-70465e1e008c
01:34:07.783 [main] [] WARN  c.x.c.c.ReconnectionController - Reconnection failed: session session-anNrJMTOuevHITj is already active on another connection
01:34:07.783 [main] [] INFO  c.x.c.c.ReconnectionController - Reconnection request received for session session-aaaaa from STOMP session stomp-cd4a2d78-f3e3-4d9d-805f-19c4d1bfe7e2
01:34:07.783 [main] [] WARN  c.x.c.c.ReconnectionController - Reconnection failed: session session-aaaaa not found
01:34:07.783 [main] [] INFO  c.x.c.c.ReconnectionController - Reconnection request received for session session-oEBGCnv from STOMP session stomp-7cd979e2-e18a-4257-8a76-a8528cc8c664
01:34:07.783 [main] [] WARN  c.x.c.c.ReconnectionController - Reconnection failed: session session-oEBGCnv has already completed
01:34:07.783 [main] [] INFO  c.x.c.c.ReconnectionController - Reconnection request received for session session-SWPmoQdc from STOMP session stomp-875c04b8-911d-4642-b3df-4e92e0720792
01:34:07.783 [main] [] WARN  c.x.c.c.ReconnectionController - Reconnection failed: session session-SWPmoQdc has already completed
01:34:07.783 [main] [] INFO  c.x.c.c.ReconnectionController - Reconnection request received for session session-AAAAA from STOMP session stomp-1bd670d5-7b62-4911-8d65-5134f4fa0339
01:34:07.783 [main] [] WARN  c.x.c.c.ReconnectionController - Reconnection failed: session session-AAAAA not found
01:34:07.783 [main] [] INFO  c.x.c.c.ReconnectionController - Reconnection request received for session session-AAAAA from STOMP session stomp-27c774dc-6604-4a80-80c8-b202299b28b2
01:34:07.783 [main] [] WARN  c.x.c.c.ReconnectionController - Reconnection failed: session session-AAAAA not found
01:34:07.783 [main] [] INFO  c.x.c.c.ReconnectionController - Reconnection request received for session session-VpJupWagqWWOy from STOMP session stomp-49100394-f2b4-492e-ae7e-2eabc7bc522a
01:34:07.783 [main] [] INFO  c.x.c.c.ReconnectionController - Session session-VpJupWagqWWOy successfully reconnected via STOMP session stomp-49100394-f2b4-492e-ae7e-2eabc7bc522a
01:34:07.783 [main] [] INFO  c.x.c.c.ReconnectionController - Reconnection request received for session session-rgCrMqvxBEKU from STOMP session stomp-05e94943-548b-4949-a163-d865fa708e27
01:34:07.783 [main] [] WARN  c.x.c.c.ReconnectionController - Reconnection failed: session session-rgCrMqvxBEKU not found
01:34:07.796 [main] [] INFO  c.x.c.c.ReconnectionController - Reconnection request received for session session-NcsMQK from STOMP session stomp-f19028ac-9af6-4354-9a8a-4856b85addd9
01:34:07.796 [main] [] WARN  c.x.c.c.ReconnectionController - Reconnection failed: session session-NcsMQK has already completed
01:34:07.799 [main] [] INFO  c.x.c.c.ReconnectionController - Reconnection request received for session session-sgThCnAMiPmdw from STOMP session stomp-470278ce-9425-4368-bc1d-6e3cccfa0aaf
01:34:07.799 [main] [] INFO  c.x.c.c.ReconnectionController - Session session-sgThCnAMiPmdw successfully reconnected via STOMP session stomp-470278ce-9425-4368-bc1d-6e3cccfa0aaf
01:34:07.799 [main] [] INFO  c.x.c.c.ReconnectionController - Reconnection request received for session session-TxpjyZtVaUQXno from STOMP session stomp-0f81d2e6-cce9-401d-b0f2-05434f1e4004
01:34:07.799 [main] [] WARN  c.x.c.c.ReconnectionController - Reconnection failed: session session-TxpjyZtVaUQXno is already active on another connection
01:34:07.799 [main] [] INFO  c.x.c.c.ReconnectionController - Reconnection request received for session session-DYiGJmbd from STOMP session stomp-e9ddb134-d5ab-4fb8-8fad-cddaf0b11c81
01:34:07.799 [main] [] WARN  c.x.c.c.ReconnectionController - Reconnection failed: session session-DYiGJmbd is already active on another connection
01:34:07.799 [main] [] INFO  c.x.c.c.ReconnectionController - Reconnection request received for session session-edZDceSgON from STOMP session stomp-4fc05aaa-4e93-4367-830f-19ced8a680cc
01:34:07.799 [main] [] INFO  c.x.c.c.ReconnectionController - Session session-edZDceSgON successfully reconnected via STOMP session stomp-4fc05aaa-4e93-4367-830f-19ced8a680cc
01:34:07.799 [main] [] INFO  c.x.c.c.ReconnectionController - Reconnection request received for session session-DSBKxvvUcW from STOMP session stomp-bf32b14d-a5ce-4700-995b-b5f656230c85
01:34:07.799 [main] [] INFO  c.x.c.c.ReconnectionController - Session session-DSBKxvvUcW successfully reconnected via STOMP session stomp-bf32b14d-a5ce-4700-995b-b5f656230c85
01:34:07.799 [main] [] INFO  c.x.c.c.ReconnectionController - Reconnection request received for session session-bBNTgoqajM from STOMP session stomp-1fd7b67a-f432-4865-82be-7a86f8dea640
01:34:07.799 [main] [] WARN  c.x.c.c.ReconnectionController - Reconnection failed: session session-bBNTgoqajM is already active on another connection
01:34:07.799 [main] [] INFO  c.x.c.c.ReconnectionController - Reconnection request received for session session-EWxsmxnQvFSSxGs from STOMP session stomp-f54161c4-8893-4237-b919-d6fa6d50d6fc
01:34:07.799 [main] [] WARN  c.x.c.c.ReconnectionController - Reconnection failed: session session-EWxsmxnQvFSSxGs not found
01:34:07.799 [main] [] INFO  c.x.c.c.ReconnectionController - Reconnection request received for session session-vOSxrmUe from STOMP session stomp-d64d681b-3250-4caa-ab75-65c04b006340
01:34:07.799 [main] [] WARN  c.x.c.c.ReconnectionController - Reconnection failed: session session-vOSxrmUe not found
01:34:07.799 [main] [] INFO  c.x.c.c.ReconnectionController - Reconnection request received for session session-jDktE from STOMP session stomp-30855bb0-7d02-4a77-a865-fd0e3c016fa0
01:34:07.799 [main] [] WARN  c.x.c.c.ReconnectionController - Reconnection failed: session session-jDktE not found
01:34:07.799 [main] [] INFO  c.x.c.c.ReconnectionController - Reconnection request received for session session-LEMwDghVCBUHyz from STOMP session stomp-de43800b-0c02-488f-b05c-ae6a0530325f
01:34:07.799 [main] [] WARN  c.x.c.c.ReconnectionController - Reconnection failed: session session-LEMwDghVCBUHyz not found
01:34:07.799 [main] [] INFO  c.x.c.c.ReconnectionController - Reconnection request received for session session-jcadJivvUlzBmr from STOMP session stomp-0e06df18-ca87-42c3-890b-42fe484162a8
01:34:07.799 [main] [] WARN  c.x.c.c.ReconnectionController - Reconnection failed: session session-jcadJivvUlzBmr has already completed
01:34:07.799 [main] [] INFO  c.x.c.c.ReconnectionController - Reconnection request received for session session-AAAAA from STOMP session stomp-d5f41b15-86ed-40c1-a5ea-c49c01097bf2
01:34:07.799 [main] [] INFO  c.x.c.c.ReconnectionController - Session session-AAAAA successfully reconnected via STOMP session stomp-d5f41b15-86ed-40c1-a5ea-c49c01097bf2
01:34:07.799 [main] [] INFO  c.x.c.c.ReconnectionController - Reconnection request received for session session-IHKqDFnSTH from STOMP session stomp-7f0475f6-43f9-46d1-9ef5-15522fb86f07
01:34:07.799 [main] [] INFO  c.x.c.c.ReconnectionController - Session session-IHKqDFnSTH successfully reconnected via STOMP session stomp-7f0475f6-43f9-46d1-9ef5-15522fb86f07
01:34:07.799 [main] [] INFO  c.x.c.c.ReconnectionController - Reconnection request received for session session-AetNMWoAQXC from STOMP session stomp-40a83b53-8525-4f83-bf03-a85e8c23b7d2
01:34:07.799 [main] [] WARN  c.x.c.c.ReconnectionController - Reconnection failed: session session-AetNMWoAQXC is already active on another connection
01:34:07.799 [main] [] INFO  c.x.c.c.ReconnectionController - Reconnection request received for session session-AVdMUMhjquJzlzDxKQwv from STOMP session stomp-518b96f7-ebab-414a-b461-e45de7a4312d
01:34:07.799 [main] [] WARN  c.x.c.c.ReconnectionController - Reconnection failed: session session-AVdMUMhjquJzlzDxKQwv has already completed
01:34:07.799 [main] [] INFO  c.x.c.c.ReconnectionController - Reconnection request received for session session-ManitQ from STOMP session stomp-9d068fe1-59bf-43b8-9e92-ff73269a58c5
01:34:07.799 [main] [] WARN  c.x.c.c.ReconnectionController - Reconnection failed: session session-ManitQ has already completed
01:34:07.799 [main] [] INFO  c.x.c.c.ReconnectionController - Reconnection request received for session session-hoIohfJUfAKDxQjSqvRu from STOMP session stomp-0c69d481-1a46-4d7b-9908-c03dff58fe00
01:34:07.799 [main] [] WARN  c.x.c.c.ReconnectionController - Reconnection failed: session session-hoIohfJUfAKDxQjSqvRu not found
01:34:07.812 [main] [] INFO  c.x.c.c.ReconnectionController - Reconnection request received for session session-ZZZZZ from STOMP session stomp-abe0c1a1-f6ad-4ae9-8720-eb74be956abc
01:34:07.812 [main] [] WARN  c.x.c.c.ReconnectionController - Reconnection failed: session session-ZZZZZ not found
01:34:07.814 [main] [] INFO  c.x.c.c.ReconnectionController - Reconnection request received for session session-AAAAA from STOMP session stomp-f2312864-9865-4191-b6cc-e5ec00b0658c
01:34:07.814 [main] [] INFO  c.x.c.c.ReconnectionController - Session session-AAAAA successfully reconnected via STOMP session stomp-f2312864-9865-4191-b6cc-e5ec00b0658c
01:34:07.814 [main] [] INFO  c.x.c.c.ReconnectionController - Reconnection request received for session session-DhLEslfZ from STOMP session stomp-a4722181-d2f0-4a3e-aaf4-db4e2981b898
01:34:07.814 [main] [] WARN  c.x.c.c.ReconnectionController - Reconnection failed: session session-DhLEslfZ is already active on another connection
01:34:07.814 [main] [] INFO  c.x.c.c.ReconnectionController - Reconnection request received for session session-psbDpaOjOWjJndzd from STOMP session stomp-9751509c-3273-4f48-ba10-3a4556346ca1
01:34:07.814 [main] [] INFO  c.x.c.c.ReconnectionController - Session session-psbDpaOjOWjJndzd successfully reconnected via STOMP session stomp-9751509c-3273-4f48-ba10-3a4556346ca1
01:34:07.814 [main] [] INFO  c.x.c.c.ReconnectionController - Reconnection request received for session session-DSpRWVItdOgTc from STOMP session stomp-73b09f3a-f942-459c-a17d-69de8058488a
01:34:07.814 [main] [] WARN  c.x.c.c.ReconnectionController - Reconnection failed: session session-DSpRWVItdOgTc has already completed
01:34:07.814 [main] [] INFO  c.x.c.c.ReconnectionController - Reconnection request received for session session-ZZZZZ from STOMP session stomp-69c84b3e-d54a-4337-8042-340a9bfa2566
01:34:07.814 [main] [] INFO  c.x.c.c.ReconnectionController - Session session-ZZZZZ successfully reconnected via STOMP session stomp-69c84b3e-d54a-4337-8042-340a9bfa2566
01:34:07.814 [main] [] INFO  c.x.c.c.ReconnectionController - Reconnection request received for session session-tvnSmyVHkqiEqeeLtKET from STOMP session stomp-b2fcd70e-7922-4f7d-8d01-1e95f0c05d46
01:34:07.814 [main] [] WARN  c.x.c.c.ReconnectionController - Reconnection failed: session session-tvnSmyVHkqiEqeeLtKET has already completed
01:34:07.814 [main] [] INFO  c.x.c.c.ReconnectionController - Reconnection request received for session session-tULmBTOUErDs from STOMP session stomp-0d43744d-c12d-4dff-a4c5-024ea6a601f8
01:34:07.814 [main] [] INFO  c.x.c.c.ReconnectionController - Session session-tULmBTOUErDs successfully reconnected via STOMP session stomp-0d43744d-c12d-4dff-a4c5-024ea6a601f8
01:34:07.823 [main] [] INFO  c.x.c.c.ReconnectionController - Reconnection request received for session session-JmsJzGX from STOMP session stomp-653c3d57-8e77-4dc3-801b-249d5e8f77ab
01:34:07.823 [main] [] INFO  c.x.c.c.ReconnectionController - Session session-JmsJzGX successfully reconnected via STOMP session stomp-653c3d57-8e77-4dc3-801b-249d5e8f77ab
01:34:07.823 [main] [] INFO  c.x.c.c.ReconnectionController - Reconnection request received for session session-cGjkjcFfEqJKy from STOMP session stomp-d3129986-c67e-4b49-ab95-7422fa793c35
01:34:07.823 [main] [] INFO  c.x.c.c.ReconnectionController - Session session-cGjkjcFfEqJKy successfully reconnected via STOMP session stomp-d3129986-c67e-4b49-ab95-7422fa793c35
01:34:07.825 [main] [] INFO  c.x.c.c.ReconnectionController - Reconnection request received for session session-KfXUcuxoCw from STOMP session stomp-fcb28a49-2e2b-4a2d-9066-86e58d59a30a
01:34:07.825 [main] [] WARN  c.x.c.c.ReconnectionController - Reconnection failed: session session-KfXUcuxoCw not found
01:34:07.825 [main] [] INFO  c.x.c.c.ReconnectionController - Reconnection request received for session session-JaSlXkkmKO from STOMP session stomp-dc7ea15a-5bb1-46a0-be5e-4bc84d3dd6bd
01:34:07.825 [main] [] WARN  c.x.c.c.ReconnectionController - Reconnection failed: session session-JaSlXkkmKO has already completed
01:34:07.827 [main] [] INFO  c.x.c.c.ReconnectionController - Reconnection request received for session session-aaaaa from STOMP session stomp-3b6d9bed-805e-4402-b952-54997fe27cd8
01:34:07.827 [main] [] WARN  c.x.c.c.ReconnectionController - Reconnection failed: session session-aaaaa not found
01:34:07.830 [main] [] INFO  c.x.c.c.ReconnectionController - Reconnection request received for session session-JmNVACryqllOnWAshIkt from STOMP session stomp-17a0dfc3-f4e3-44fb-af95-c52d1798bdc8
01:34:07.830 [main] [] WARN  c.x.c.c.ReconnectionController - Reconnection failed: session session-JmNVACryqllOnWAshIkt has already completed
01:34:07.830 [main] [] INFO  c.x.c.c.ReconnectionController - Reconnection request received for session session-KohrJWtHrf from STOMP session stomp-828eab3b-cd97-427b-9b1e-71d55c7a3645
01:34:07.830 [main] [] INFO  c.x.c.c.ReconnectionController - Session session-KohrJWtHrf successfully reconnected via STOMP session stomp-828eab3b-cd97-427b-9b1e-71d55c7a3645
01:34:07.830 [main] [] INFO  c.x.c.c.ReconnectionController - Reconnection request received for session session-SilGIlTo from STOMP session stomp-5b4cd008-adc9-4cd4-8e9c-5e74909aed23
01:34:07.830 [main] [] WARN  c.x.c.c.ReconnectionController - Reconnection failed: session session-SilGIlTo not found
01:34:07.830 [main] [] INFO  c.x.c.c.ReconnectionController - Reconnection request received for session session-ObiuiaVUGY from STOMP session stomp-107767ca-59cf-40e7-a7c6-e7223faa3022
01:34:07.830 [main] [] WARN  c.x.c.c.ReconnectionController - Reconnection failed: session session-ObiuiaVUGY has already completed
01:34:07.830 [main] [] INFO  c.x.c.c.ReconnectionController - Reconnection request received for session session-refhuYsB from STOMP session stomp-0f2c2016-4134-4441-bd49-3afa170c3815
01:34:07.830 [main] [] WARN  c.x.c.c.ReconnectionController - Reconnection failed: session session-refhuYsB is already active on another connection
01:34:07.830 [main] [] INFO  c.x.c.c.ReconnectionController - Reconnection request received for session session-lGgvSRSX from STOMP session stomp-98856623-6dae-4cf2-9395-b5bd382c8191
01:34:07.830 [main] [] INFO  c.x.c.c.ReconnectionController - Session session-lGgvSRSX successfully reconnected via STOMP session stomp-98856623-6dae-4cf2-9395-b5bd382c8191
01:34:07.830 [main] [] INFO  c.x.c.c.ReconnectionController - Reconnection request received for session session-zOlMnhFonCPv from STOMP session stomp-a4939a0a-ba41-4f89-ade2-7eb0a9ddb7de
01:34:07.830 [main] [] INFO  c.x.c.c.ReconnectionController - Session session-zOlMnhFonCPv successfully reconnected via STOMP session stomp-a4939a0a-ba41-4f89-ade2-7eb0a9ddb7de
01:34:07.830 [main] [] INFO  c.x.c.c.ReconnectionController - Reconnection request received for session session-mWgkLJRWEqdA from STOMP session stomp-6b0e6b21-a6fb-4af7-bb45-ed533ba5dd94
01:34:07.830 [main] [] WARN  c.x.c.c.ReconnectionController - Reconnection failed: session session-mWgkLJRWEqdA is already active on another connection
01:34:07.830 [main] [] INFO  c.x.c.c.ReconnectionController - Reconnection request received for session session-oPsbjPTOjPRJisA from STOMP session stomp-81fddaff-def7-4eaa-8dbc-1e14afe3d385
01:34:07.830 [main] [] WARN  c.x.c.c.ReconnectionController - Reconnection failed: session session-oPsbjPTOjPRJisA is already active on another connection
01:34:07.830 [main] [] INFO  c.x.c.c.ReconnectionController - Reconnection request received for session session-XMqbnkNtaFQEpV from STOMP session stomp-7b12145b-b605-4f52-b1bd-27089f113da0
01:34:07.830 [main] [] WARN  c.x.c.c.ReconnectionController - Reconnection failed: session session-XMqbnkNtaFQEpV has already completed
01:34:07.830 [main] [] INFO  c.x.c.c.ReconnectionController - Reconnection request received for session session-aaaaa from STOMP session stomp-648db33d-cdd1-4640-8fab-0051e81f7046
01:34:07.830 [main] [] INFO  c.x.c.c.ReconnectionController - Session session-aaaaa successfully reconnected via STOMP session stomp-648db33d-cdd1-4640-8fab-0051e81f7046
01:34:07.830 [main] [] INFO  c.x.c.c.ReconnectionController - Reconnection request received for session session-zzzzz from STOMP session stomp-1e1953b3-c9be-4a3a-90fd-8cbfd21db8f5
01:34:07.830 [main] [] INFO  c.x.c.c.ReconnectionController - Session session-zzzzz successfully reconnected via STOMP session stomp-1e1953b3-c9be-4a3a-90fd-8cbfd21db8f5
01:34:07.830 [main] [] INFO  c.x.c.c.ReconnectionController - Reconnection request received for session session-DMuRz from STOMP session stomp-e02c4acd-7fa2-4ccd-b01b-99c47e9a320b
01:34:07.830 [main] [] WARN  c.x.c.c.ReconnectionController - Reconnection failed: session session-DMuRz not found
01:34:07.830 [main] [] INFO  c.x.c.c.ReconnectionController - Reconnection request received for session session-kgGcvvXYRU from STOMP session stomp-9b519751-c428-4128-ab74-11ca6df1edde
01:34:07.830 [main] [] WARN  c.x.c.c.ReconnectionController - Reconnection failed: session session-kgGcvvXYRU is already active on another connection
01:34:07.830 [main] [] INFO  c.x.c.c.ReconnectionController - Reconnection request received for session session-qQCGas from STOMP session stomp-e1c101b8-2163-4d69-9c62-b057f06f5376
01:34:07.830 [main] [] WARN  c.x.c.c.ReconnectionController - Reconnection failed: session session-qQCGas is already active on another connection
01:34:07.830 [main] [] INFO  c.x.c.c.ReconnectionController - Reconnection request received for session session-wKpveYOI from STOMP session stomp-52cb43b8-cba6-4396-b26e-133d5cd6fc2f
01:34:07.830 [main] [] WARN  c.x.c.c.ReconnectionController - Reconnection failed: session session-wKpveYOI is already active on another connection
01:34:07.848 [main] [] INFO  c.x.c.c.ReconnectionController - Reconnection request received for session session-wpvqWuNVyJkiDeJkg from STOMP session stomp-07e23828-b2b7-47a4-b346-0f77b023d6e1
01:34:07.848 [main] [] WARN  c.x.c.c.ReconnectionController - Reconnection failed: session session-wpvqWuNVyJkiDeJkg is already active on another connection
01:34:07.848 [main] [] INFO  c.x.c.c.ReconnectionController - Reconnection request received for session session-aaaaa from STOMP session stomp-eb39301d-a107-4676-a53d-c53d4a5e4580
01:34:07.848 [main] [] WARN  c.x.c.c.ReconnectionController - Reconnection failed: session session-aaaaa not found
01:34:07.850 [main] [] INFO  c.x.c.c.ReconnectionController - Reconnection request received for session session-OAUyOLIAM from STOMP session stomp-b41d6938-92c2-40e8-8cbe-6953d48bd2ac
01:34:07.850 [main] [] WARN  c.x.c.c.ReconnectionController - Reconnection failed: session session-OAUyOLIAM has already completed
01:34:07.850 [main] [] INFO  c.x.c.c.ReconnectionController - Reconnection request received for session session-ZZZZZ from STOMP session stomp-f5487f59-9927-40c9-b7aa-8d0f4948b552
01:34:07.850 [main] [] INFO  c.x.c.c.ReconnectionController - Session session-ZZZZZ successfully reconnected via STOMP session stomp-f5487f59-9927-40c9-b7aa-8d0f4948b552
01:34:07.850 [main] [] INFO  c.x.c.c.ReconnectionController - Reconnection request received for session session-wRKuJB from STOMP session stomp-022fc3fe-5ff8-47eb-9541-4ba0fdd9aaa1
01:34:07.850 [main] [] INFO  c.x.c.c.ReconnectionController - Session session-wRKuJB successfully reconnected via STOMP session stomp-022fc3fe-5ff8-47eb-9541-4ba0fdd9aaa1
01:34:07.850 [main] [] INFO  c.x.c.c.ReconnectionController - Reconnection request received for session session-zNQtmEYu from STOMP session stomp-1b5a1727-3c11-4562-8e00-12aa461980c1
01:34:07.850 [main] [] WARN  c.x.c.c.ReconnectionController - Reconnection failed: session session-zNQtmEYu is already active on another connection
01:34:07.850 [main] [] INFO  c.x.c.c.ReconnectionController - Reconnection request received for session session-epwowczaD from STOMP session stomp-bb11a80f-fe5d-40a0-b84c-f326b5cbc37f
01:34:07.850 [main] [] INFO  c.x.c.c.ReconnectionController - Session session-epwowczaD successfully reconnected via STOMP session stomp-bb11a80f-fe5d-40a0-b84c-f326b5cbc37f
01:34:07.850 [main] [] INFO  c.x.c.c.ReconnectionController - Reconnection request received for session session-LcbVOqBbOmy from STOMP session stomp-462c2790-cb61-4065-91cd-0794362f1557
01:34:07.850 [main] [] INFO  c.x.c.c.ReconnectionController - Session session-LcbVOqBbOmy successfully reconnected via STOMP session stomp-462c2790-cb61-4065-91cd-0794362f1557
01:34:07.850 [main] [] INFO  c.x.c.c.ReconnectionController - Reconnection request received for session session-uTrVHQ from STOMP session stomp-bb9ee285-62f5-4281-98f0-7ca401fadbd9
01:34:07.850 [main] [] INFO  c.x.c.c.ReconnectionController - Session session-uTrVHQ successfully reconnected via STOMP session stomp-bb9ee285-62f5-4281-98f0-7ca401fadbd9
01:34:07.850 [main] [] INFO  c.x.c.c.ReconnectionController - Reconnection request received for session session-TdArez from STOMP session stomp-e40a3fbc-74aa-4a84-97ce-66d1375febf2
01:34:07.850 [main] [] WARN  c.x.c.c.ReconnectionController - Reconnection failed: session session-TdArez is already active on another connection
01:34:07.850 [main] [] INFO  c.x.c.c.ReconnectionController - Reconnection request received for session session-CUjEVoBerO from STOMP session stomp-e6e347a4-c1ac-4764-bef6-4d44a0e178e4
01:34:07.850 [main] [] WARN  c.x.c.c.ReconnectionController - Reconnection failed: session session-CUjEVoBerO is already active on another connection
01:34:07.850 [main] [] INFO  c.x.c.c.ReconnectionController - Reconnection request received for session session-sLHwWydWZOiQiJI from STOMP session stomp-a4d3056e-5550-4f62-baa3-318d328f77ae
01:34:07.850 [main] [] INFO  c.x.c.c.ReconnectionController - Session session-sLHwWydWZOiQiJI successfully reconnected via STOMP session stomp-a4d3056e-5550-4f62-baa3-318d328f77ae
01:34:07.850 [main] [] INFO  c.x.c.c.ReconnectionController - Reconnection request received for session session-zzzzz from STOMP session stomp-0d47f2c2-5277-448d-8991-abee058c4313
01:34:07.850 [main] [] WARN  c.x.c.c.ReconnectionController - Reconnection failed: session session-zzzzz not found
01:34:07.850 [main] [] INFO  c.x.c.c.ReconnectionController - Reconnection request received for session session-QwJZERvWD from STOMP session stomp-f299f6b4-0d33-40f6-9073-c95ff0091a8a
01:34:07.850 [main] [] WARN  c.x.c.c.ReconnectionController - Reconnection failed: session session-QwJZERvWD has already completed
01:34:07.862 [main] [] INFO  c.x.c.c.ReconnectionController - Reconnection request received for session session-OwEoFyt from STOMP session stomp-ff493975-9746-4055-bc30-eb87a2a0a4c4
01:34:07.862 [main] [] INFO  c.x.c.c.ReconnectionController - Session session-OwEoFyt successfully reconnected via STOMP session stomp-ff493975-9746-4055-bc30-eb87a2a0a4c4
01:34:07.864 [main] [] INFO  c.x.c.c.ReconnectionController - Reconnection request received for session session-zHHhptwxzycUe from STOMP session stomp-14a18788-42a6-4d67-8cd1-45a671a95ccc
01:34:07.864 [main] [] WARN  c.x.c.c.ReconnectionController - Reconnection failed: session session-zHHhptwxzycUe has already completed
01:34:07.866 [main] [] INFO  c.x.c.c.ReconnectionController - Reconnection request received for session session-dnlsOHoTxCJiO from STOMP session stomp-26946442-56b3-4ca1-a9c5-72f451a9e155
01:34:07.866 [main] [] WARN  c.x.c.c.ReconnectionController - Reconnection failed: session session-dnlsOHoTxCJiO has already completed
01:34:07.866 [main] [] INFO  c.x.c.c.ReconnectionController - Reconnection request received for session session-PJVEROZdRbHtNRoByvcz from STOMP session stomp-6775157d-9bb6-4001-8527-6a7113cfb4c8
01:34:07.866 [main] [] WARN  c.x.c.c.ReconnectionController - Reconnection failed: session session-PJVEROZdRbHtNRoByvcz not found
01:34:07.868 [main] [] INFO  c.x.c.c.ReconnectionController - Reconnection request received for session session-pzOooTwoLXWakyp from STOMP session stomp-20b00b46-f4e1-4281-86ac-325185270abc
01:34:07.868 [main] [] WARN  c.x.c.c.ReconnectionController - Reconnection failed: session session-pzOooTwoLXWakyp is already active on another connection
01:34:07.868 [main] [] INFO  c.x.c.c.ReconnectionController - Reconnection request received for session session-aaaaa from STOMP session stomp-41e2eb4d-ec1c-4d80-8f9a-a9e01eb417cb
01:34:07.868 [main] [] WARN  c.x.c.c.ReconnectionController - Reconnection failed: session session-aaaaa not found
01:34:07.870 [main] [] INFO  c.x.c.c.ReconnectionController - Reconnection request received for session session-SUldecqcxXNcMWZVB from STOMP session stomp-4f71db1e-1d98-4313-b541-075c904b5586
01:34:07.870 [main] [] WARN  c.x.c.c.ReconnectionController - Reconnection failed: session session-SUldecqcxXNcMWZVB has already completed
01:34:07.870 [main] [] INFO  c.x.c.c.ReconnectionController - Reconnection request received for session session-hACqGdrVusNm from STOMP session stomp-d7ad6691-04e2-46b4-a2bf-d9de8acb5465
01:34:07.870 [main] [] WARN  c.x.c.c.ReconnectionController - Reconnection failed: session session-hACqGdrVusNm is already active on another connection
01:34:07.872 [main] [] INFO  c.x.c.c.ReconnectionController - Reconnection request received for session session-uWHYSxwPI from STOMP session stomp-0806a800-0fd6-4f78-86a1-fbd35cebefd6
01:34:07.872 [main] [] WARN  c.x.c.c.ReconnectionController - Reconnection failed: session session-uWHYSxwPI is already active on another connection
01:34:07.872 [main] [] INFO  c.x.c.c.ReconnectionController - Reconnection request received for session session-olfuFHwYyHwFBZ from STOMP session stomp-ed8357b5-1734-4e3b-b5e4-f47932a99f83
01:34:07.872 [main] [] WARN  c.x.c.c.ReconnectionController - Reconnection failed: session session-olfuFHwYyHwFBZ has already completed
01:34:07.872 [main] [] INFO  c.x.c.c.ReconnectionController - Reconnection request received for session session-LXihkuhvGJ from STOMP session stomp-a7c800b0-4f3f-431e-9bcc-33cb3924081b
01:34:07.874 [main] [] WARN  c.x.c.c.ReconnectionController - Reconnection failed: session session-LXihkuhvGJ is already active on another connection
01:34:07.874 [main] [] INFO  c.x.c.c.ReconnectionController - Reconnection request received for session session-pLTHhdKNiOwcDP from STOMP session stomp-de8f7221-4d08-4d06-9e89-634bfcce1516
01:34:07.874 [main] [] WARN  c.x.c.c.ReconnectionController - Reconnection failed: session session-pLTHhdKNiOwcDP is already active on another connection
timestamp = 2026-06-30T01:34:07.874429300, ReconnectionControllerPropertyTest:reconnectionSucceedsOnlyForDisconnectedSessions = 
                              |-----------------------jqwik-----------------------
tries = 100                   | # of calls to property
checks = 100                  | # of not rejected calls
generation = RANDOMIZED       | parameters are randomly generated
after-failure = SAMPLE_FIRST  | try previously failed sample, then previous seed
when-fixed-seed = ALLOW       | fixing the random seed is allowed
edge-cases#mode = MIXIN       | edge cases are mixed in
edge-cases#total = 8          | # of all combined edge cases
edge-cases#tried = 7          | # of edge cases tried in current run
seed = 5154682221703546997    | random seed to reproduce generated values


]]></system-out>
  </testcase>
</testsuite>