<?xml version="1.0" encoding="UTF-8"?>
<testsuite xmlns:xsi="http://www.w3.org/2001/XMLSchema-instance" xsi:noNamespaceSchemaLocation="https://maven.apache.org/surefire/maven-surefire-plugin/xsd/surefire-test-report-3.0.xsd" version="3.0" name="com.xpressbees.chatbot.service.RestClientPoolTest" time="1.081" tests="4" errors="0" skipped="0" failures="0">
  <properties>
[...]
</properties>
  <testcase name="concurrentAccessNeverCrashesAndReturnsValidClients" classname="com.xpressbees.chatbot.service.RestClientPoolTest" time="0.587">
    <system-out><![CDATA[15:26:14.545 [pool-14-thread-7] [] DEBUG c.x.chatbot.service.RestClientPool - Created new RestClient for timeout 586ms (pool size: 1)
15:26:14.545 [pool-14-thread-1] [] DEBUG c.x.chatbot.service.RestClientPool - Created new RestClient for timeout 229ms (pool size: 1)
15:26:14.545 [pool-14-thread-3] [] DEBUG c.x.chatbot.service.RestClientPool - Created new RestClient for timeout 393ms (pool size: 1)
15:26:14.545 [pool-14-thread-6] [] DEBUG c.x.chatbot.service.RestClientPool - Created new RestClient for timeout 1036ms (pool size: 1)
15:26:14.545 [pool-14-thread-2] [] DEBUG c.x.chatbot.service.RestClientPool - Created new RestClient for timeout 8175ms (pool size: 1)
15:26:14.545 [pool-14-thread-4] [] DEBUG c.x.chatbot.service.RestClientPool - Created new RestClient for timeout 418ms (pool size: 1)
15:26:14.546 [pool-14-thread-7] [] INFO  c.x.chatbot.service.RestClientPool - RestClient pool at max size (2), returning closest-timeout client for 661ms
15:26:14.545 [pool-14-thread-8] [] DEBUG c.x.chatbot.service.RestClientPool - Created new RestClient for timeout 20439ms (pool size: 1)
15:26:14.546 [pool-14-thread-7] [] INFO  c.x.chatbot.service.RestClientPool - RestClient pool at max size (2), returning closest-timeout client for 174ms
15:26:14.546 [pool-14-thread-7] [] INFO  c.x.chatbot.service.RestClientPool - RestClient pool at max size (2), returning closest-timeout client for 125ms
15:26:14.547 [pool-14-thread-5] [] DEBUG c.x.chatbot.service.RestClientPool - Created new RestClient for timeout 213ms (pool size: 7)
15:26:14.547 [pool-14-thread-1] [] DEBUG c.x.chatbot.service.RestClientPool - Created new RestClient for timeout 6158ms (pool size: 8)
15:26:14.551 [pool-15-thread-2] [] DEBUG c.x.chatbot.service.RestClientPool - Created new RestClient for timeout 1473ms (pool size: 1)
15:26:14.551 [pool-15-thread-6] [] DEBUG c.x.chatbot.service.RestClientPool - Created new RestClient for timeout 122ms (pool size: 1)
15:26:14.551 [pool-15-thread-7] [] DEBUG c.x.chatbot.service.RestClientPool - Created new RestClient for timeout 211ms (pool size: 1)
15:26:14.551 [pool-15-thread-2] [] DEBUG c.x.chatbot.service.RestClientPool - Created new RestClient for timeout 15623ms (pool size: 3)
15:26:14.553 [pool-15-thread-7] [] DEBUG c.x.chatbot.service.RestClientPool - Created new RestClient for timeout 110ms (pool size: 5)
15:26:14.553 [pool-15-thread-5] [] DEBUG c.x.chatbot.service.RestClientPool - Created new RestClient for timeout 2364ms (pool size: 5)
15:26:14.553 [pool-15-thread-3] [] DEBUG c.x.chatbot.service.RestClientPool - Created new RestClient for timeout 192ms (pool size: 5)
15:26:14.554 [pool-15-thread-4] [] DEBUG c.x.chatbot.service.RestClientPool - Created new RestClient for timeout 4129ms (pool size: 8)
15:26:14.554 [pool-15-thread-1] [] DEBUG c.x.chatbot.service.RestClientPool - Created new RestClient for timeout 121ms (pool size: 8)
15:26:14.554 [pool-15-thread-6] [] DEBUG c.x.chatbot.service.RestClientPool - Created new RestClient for timeout 652ms (pool size: 9)
15:26:14.554 [pool-15-thread-8] [] INFO  c.x.chatbot.service.RestClientPool - RestClient pool at max size (5), returning closest-timeout client for 2475ms
15:26:14.557 [pool-16-thread-1] [] DEBUG c.x.chatbot.service.RestClientPool - Created new RestClient for timeout 2690ms (pool size: 1)
15:26:14.557 [pool-16-thread-5] [] DEBUG c.x.chatbot.service.RestClientPool - Created new RestClient for timeout 125ms (pool size: 1)
15:26:14.557 [pool-16-thread-6] [] DEBUG c.x.chatbot.service.RestClientPool - Created new RestClient for timeout 2865ms (pool size: 1)
15:26:14.559 [pool-16-thread-4] [] DEBUG c.x.chatbot.service.RestClientPool - Created new RestClient for timeout 24243ms (pool size: 3)
15:26:14.560 [pool-16-thread-2] [] DEBUG c.x.chatbot.service.RestClientPool - Created new RestClient for timeout 196ms (pool size: 4)
15:26:14.560 [pool-16-thread-7] [] DEBUG c.x.chatbot.service.RestClientPool - Created new RestClient for timeout 107ms (pool size: 6)
15:26:14.561 [pool-16-thread-3] [] DEBUG c.x.chatbot.service.RestClientPool - Created new RestClient for timeout 19418ms (pool size: 6)
15:26:14.561 [pool-16-thread-8] [] INFO  c.x.chatbot.service.RestClientPool - RestClient pool at max size (4), returning closest-timeout client for 153ms
15:26:14.566 [pool-17-thread-2] [] DEBUG c.x.chatbot.service.RestClientPool - Created new RestClient for timeout 300ms (pool size: 1)
15:26:14.566 [pool-17-thread-5] [] DEBUG c.x.chatbot.service.RestClientPool - Created new RestClient for timeout 438ms (pool size: 1)
15:26:14.566 [pool-17-thread-1] [] DEBUG c.x.chatbot.service.RestClientPool - Created new RestClient for timeout 112ms (pool size: 1)
15:26:14.566 [pool-17-thread-6] [] DEBUG c.x.chatbot.service.RestClientPool - Created new RestClient for timeout 101ms (pool size: 1)
15:26:14.567 [pool-17-thread-2] [] DEBUG c.x.chatbot.service.RestClientPool - Created new RestClient for timeout 120ms (pool size: 4)
15:26:14.568 [pool-17-thread-5] [] DEBUG c.x.chatbot.service.RestClientPool - Created new RestClient for timeout 29999ms (pool size: 6)
15:26:14.568 [pool-17-thread-8] [] DEBUG c.x.chatbot.service.RestClientPool - Created new RestClient for timeout 2562ms (pool size: 6)
15:26:14.568 [pool-17-thread-4] [] DEBUG c.x.chatbot.service.RestClientPool - Created new RestClient for timeout 110ms (pool size: 6)
15:26:14.569 [pool-17-thread-3] [] DEBUG c.x.chatbot.service.RestClientPool - Created new RestClient for timeout 2238ms (pool size: 9)
15:26:14.573 [pool-18-thread-4] [] DEBUG c.x.chatbot.service.RestClientPool - Created new RestClient for timeout 1074ms (pool size: 1)
15:26:14.573 [pool-18-thread-1] [] DEBUG c.x.chatbot.service.RestClientPool - Created new RestClient for timeout 1674ms (pool size: 1)
15:26:14.573 [pool-18-thread-5] [] DEBUG c.x.chatbot.service.RestClientPool - Created new RestClient for timeout 109ms (pool size: 1)
15:26:14.573 [pool-18-thread-3] [] DEBUG c.x.chatbot.service.RestClientPool - Created new RestClient for timeout 392ms (pool size: 1)
15:26:14.574 [pool-18-thread-2] [] DEBUG c.x.chatbot.service.RestClientPool - Created new RestClient for timeout 139ms (pool size: 4)
15:26:14.574 [pool-18-thread-6] [] DEBUG c.x.chatbot.service.RestClientPool - Created new RestClient for timeout 269ms (pool size: 6)
15:26:14.576 [pool-18-thread-7] [] DEBUG c.x.chatbot.service.RestClientPool - Created new RestClient for timeout 171ms (pool size: 7)
15:26:14.579 [pool-19-thread-3] [] DEBUG c.x.chatbot.service.RestClientPool - Created new RestClient for timeout 163ms (pool size: 1)
15:26:14.582 [pool-19-thread-2] [] DEBUG c.x.chatbot.service.RestClientPool - Created new RestClient for timeout 108ms (pool size: 2)
15:26:14.582 [pool-19-thread-5] [] DEBUG c.x.chatbot.service.RestClientPool - Created new RestClient for timeout 494ms (pool size: 2)
15:26:14.582 [pool-19-thread-1] [] DEBUG c.x.chatbot.service.RestClientPool - Created new RestClient for timeout 426ms (pool size: 2)
15:26:14.583 [pool-19-thread-4] [] DEBUG c.x.chatbot.service.RestClientPool - Created new RestClient for timeout 140ms (pool size: 5)
15:26:14.585 [pool-20-thread-3] [] DEBUG c.x.chatbot.service.RestClientPool - Created new RestClient for timeout 3745ms (pool size: 1)
15:26:14.586 [pool-20-thread-1] [] DEBUG c.x.chatbot.service.RestClientPool - Created new RestClient for timeout 233ms (pool size: 1)
15:26:14.586 [pool-20-thread-2] [] DEBUG c.x.chatbot.service.RestClientPool - Created new RestClient for timeout 220ms (pool size: 1)
15:26:14.586 [pool-20-thread-6] [] DEBUG c.x.chatbot.service.RestClientPool - Created new RestClient for timeout 7302ms (pool size: 1)
15:26:14.587 [pool-20-thread-1] [] INFO  c.x.chatbot.service.RestClientPool - RestClient pool at max size (4), returning closest-timeout client for 298ms
15:26:14.587 [pool-20-thread-1] [] INFO  c.x.chatbot.service.RestClientPool - RestClient pool at max size (4), returning closest-timeout client for 14599ms
15:26:14.587 [pool-20-thread-1] [] INFO  c.x.chatbot.service.RestClientPool - RestClient pool at max size (4), returning closest-timeout client for 24896ms
15:26:14.587 [pool-20-thread-1] [] INFO  c.x.chatbot.service.RestClientPool - RestClient pool at max size (4), returning closest-timeout client for 188ms
15:26:14.587 [pool-20-thread-2] [] DEBUG c.x.chatbot.service.RestClientPool - Created new RestClient for timeout 5577ms (pool size: 5)
15:26:14.587 [pool-20-thread-5] [] DEBUG c.x.chatbot.service.RestClientPool - Created new RestClient for timeout 952ms (pool size: 5)
15:26:14.587 [pool-20-thread-6] [] DEBUG c.x.chatbot.service.RestClientPool - Created new RestClient for timeout 27422ms (pool size: 5)
15:26:14.587 [pool-20-thread-7] [] INFO  c.x.chatbot.service.RestClientPool - RestClient pool at max size (4), returning closest-timeout client for 1052ms
15:26:14.587 [pool-20-thread-4] [] DEBUG c.x.chatbot.service.RestClientPool - Created new RestClient for timeout 22783ms (pool size: 5)
15:26:14.587 [pool-20-thread-8] [] INFO  c.x.chatbot.service.RestClientPool - RestClient pool at max size (4), returning closest-timeout client for 5245ms
15:26:14.587 [pool-20-thread-3] [] DEBUG c.x.chatbot.service.RestClientPool - Created new RestClient for timeout 150ms (pool size: 9)
15:26:14.591 [pool-21-thread-2] [] DEBUG c.x.chatbot.service.RestClientPool - Created new RestClient for timeout 455ms (pool size: 1)
15:26:14.593 [pool-21-thread-3] [] DEBUG c.x.chatbot.service.RestClientPool - Created new RestClient for timeout 773ms (pool size: 2)
15:26:14.594 [pool-21-thread-1] [] DEBUG c.x.chatbot.service.RestClientPool - Created new RestClient for timeout 484ms (pool size: 2)
15:26:14.594 [pool-21-thread-7] [] INFO  c.x.chatbot.service.RestClientPool - RestClient pool at max size (3), returning closest-timeout client for 102ms
15:26:14.595 [pool-21-thread-6] [] DEBUG c.x.chatbot.service.RestClientPool - Created new RestClient for timeout 109ms (pool size: 4)
15:26:14.595 [pool-21-thread-4] [] DEBUG c.x.chatbot.service.RestClientPool - Created new RestClient for timeout 103ms (pool size: 4)
15:26:14.596 [pool-21-thread-5] [] DEBUG c.x.chatbot.service.RestClientPool - Created new RestClient for timeout 9437ms (pool size: 6)
15:26:14.600 [pool-22-thread-4] [] DEBUG c.x.chatbot.service.RestClientPool - Created new RestClient for timeout 159ms (pool size: 1)
15:26:14.600 [pool-22-thread-3] [] DEBUG c.x.chatbot.service.RestClientPool - Created new RestClient for timeout 106ms (pool size: 1)
15:26:14.600 [pool-22-thread-7] [] DEBUG c.x.chatbot.service.RestClientPool - Created new RestClient for timeout 115ms (pool size: 1)
15:26:14.601 [pool-22-thread-8] [] DEBUG c.x.chatbot.service.RestClientPool - Created new RestClient for timeout 9033ms (pool size: 1)
15:26:14.601 [pool-22-thread-2] [] DEBUG c.x.chatbot.service.RestClientPool - Created new RestClient for timeout 187ms (pool size: 1)
15:26:14.601 [pool-22-thread-3] [] INFO  c.x.chatbot.service.RestClientPool - RestClient pool at max size (2), returning closest-timeout client for 102ms
15:26:14.601 [pool-22-thread-7] [] INFO  c.x.chatbot.service.RestClientPool - RestClient pool at max size (2), returning closest-timeout client for 271ms
15:26:14.601 [pool-22-thread-1] [] DEBUG c.x.chatbot.service.RestClientPool - Created new RestClient for timeout 158ms (pool size: 5)
15:26:14.602 [pool-22-thread-5] [] DEBUG c.x.chatbot.service.RestClientPool - Created new RestClient for timeout 5035ms (pool size: 7)
15:26:14.602 [pool-22-thread-6] [] DEBUG c.x.chatbot.service.RestClientPool - Created new RestClient for timeout 29999ms (pool size: 7)
15:26:14.605 [pool-23-thread-6] [] DEBUG c.x.chatbot.service.RestClientPool - Created new RestClient for timeout 7605ms (pool size: 1)
15:26:14.605 [pool-23-thread-3] [] DEBUG c.x.chatbot.service.RestClientPool - Created new RestClient for timeout 169ms (pool size: 1)
15:26:14.605 [pool-23-thread-4] [] DEBUG c.x.chatbot.service.RestClientPool - Created new RestClient for timeout 9102ms (pool size: 1)
15:26:14.606 [pool-23-thread-7] [] DEBUG c.x.chatbot.service.RestClientPool - Created new RestClient for timeout 108ms (pool size: 1)
15:26:14.607 [pool-23-thread-3] [] DEBUG c.x.chatbot.service.RestClientPool - Created new RestClient for timeout 26715ms (pool size: 5)
15:26:14.607 [pool-23-thread-6] [] DEBUG c.x.chatbot.service.RestClientPool - Created new RestClient for timeout 26887ms (pool size: 5)
15:26:14.608 [pool-23-thread-6] [] INFO  c.x.chatbot.service.RestClientPool - RestClient pool at max size (5), returning closest-timeout client for 425ms
15:26:14.608 [pool-23-thread-5] [] DEBUG c.x.chatbot.service.RestClientPool - Created new RestClient for timeout 800ms (pool size: 7)
15:26:14.610 [pool-23-thread-8] [] INFO  c.x.chatbot.service.RestClientPool - RestClient pool at max size (5), returning closest-timeout client for 773ms
15:26:14.610 [pool-23-thread-1] [] DEBUG c.x.chatbot.service.RestClientPool - Created new RestClient for timeout 129ms (pool size: 8)
15:26:14.610 [pool-23-thread-7] [] DEBUG c.x.chatbot.service.RestClientPool - Created new RestClient for timeout 117ms (pool size: 8)
15:26:14.611 [pool-23-thread-4] [] DEBUG c.x.chatbot.service.RestClientPool - Created new RestClient for timeout 142ms (pool size: 8)
15:26:14.612 [pool-23-thread-2] [] DEBUG c.x.chatbot.service.RestClientPool - Created new RestClient for timeout 881ms (pool size: 11)
15:26:14.616 [pool-24-thread-1] [] DEBUG c.x.chatbot.service.RestClientPool - Created new RestClient for timeout 5334ms (pool size: 1)
15:26:14.616 [pool-24-thread-2] [] DEBUG c.x.chatbot.service.RestClientPool - Created new RestClient for timeout 135ms (pool size: 1)
15:26:14.616 [pool-24-thread-5] [] DEBUG c.x.chatbot.service.RestClientPool - Created new RestClient for timeout 804ms (pool size: 1)
15:26:14.616 [pool-24-thread-4] [] DEBUG c.x.chatbot.service.RestClientPool - Created new RestClient for timeout 1429ms (pool size: 1)
15:26:14.617 [pool-24-thread-1] [] DEBUG c.x.chatbot.service.RestClientPool - Created new RestClient for timeout 594ms (pool size: 4)
15:26:14.617 [pool-24-thread-7] [] DEBUG c.x.chatbot.service.RestClientPool - Created new RestClient for timeout 122ms (pool size: 4)
15:26:14.617 [pool-24-thread-5] [] DEBUG c.x.chatbot.service.RestClientPool - Created new RestClient for timeout 158ms (pool size: 4)
15:26:14.617 [pool-24-thread-3] [] DEBUG c.x.chatbot.service.RestClientPool - Created new RestClient for timeout 108ms (pool size: 4)
15:26:14.617 [pool-24-thread-1] [] INFO  c.x.chatbot.service.RestClientPool - RestClient pool at max size (4), returning closest-timeout client for 5319ms
15:26:14.617 [pool-24-thread-4] [] INFO  c.x.chatbot.service.RestClientPool - RestClient pool at max size (4), returning closest-timeout client for 101ms
15:26:14.617 [pool-24-thread-1] [] INFO  c.x.chatbot.service.RestClientPool - RestClient pool at max size (4), returning closest-timeout client for 9822ms
15:26:14.617 [pool-24-thread-7] [] INFO  c.x.chatbot.service.RestClientPool - RestClient pool at max size (4), returning closest-timeout client for 2237ms
15:26:14.617 [pool-24-thread-2] [] DEBUG c.x.chatbot.service.RestClientPool - Created new RestClient for timeout 1768ms (pool size: 9)
15:26:14.617 [pool-24-thread-8] [] INFO  c.x.chatbot.service.RestClientPool - RestClient pool at max size (4), returning closest-timeout client for 29999ms
15:26:14.617 [pool-24-thread-6] [] DEBUG c.x.chatbot.service.RestClientPool - Created new RestClient for timeout 29999ms (pool size: 9)
15:26:14.620 [pool-25-thread-1] [] DEBUG c.x.chatbot.service.RestClientPool - Created new RestClient for timeout 111ms (pool size: 1)
15:26:14.620 [pool-25-thread-4] [] DEBUG c.x.chatbot.service.RestClientPool - Created new RestClient for timeout 3229ms (pool size: 1)
15:26:14.620 [pool-25-thread-2] [] DEBUG c.x.chatbot.service.RestClientPool - Created new RestClient for timeout 184ms (pool size: 1)
15:26:14.620 [pool-25-thread-3] [] DEBUG c.x.chatbot.service.RestClientPool - Created new RestClient for timeout 163ms (pool size: 1)
15:26:14.620 [pool-25-thread-7] [] DEBUG c.x.chatbot.service.RestClientPool - Created new RestClient for timeout 8080ms (pool size: 1)
15:26:14.620 [pool-25-thread-6] [] DEBUG c.x.chatbot.service.RestClientPool - Created new RestClient for timeout 201ms (pool size: 1)
15:26:14.621 [pool-25-thread-2] [] DEBUG c.x.chatbot.service.RestClientPool - Created new RestClient for timeout 30000ms (pool size: 7)
15:26:14.621 [pool-25-thread-5] [] DEBUG c.x.chatbot.service.RestClientPool - Created new RestClient for timeout 621ms (pool size: 7)
15:26:14.622 [pool-25-thread-8] [] DEBUG c.x.chatbot.service.RestClientPool - Created new RestClient for timeout 144ms (pool size: 9)
15:26:14.626 [pool-26-thread-3] [] DEBUG c.x.chatbot.service.RestClientPool - Created new RestClient for timeout 688ms (pool size: 1)
15:26:14.626 [pool-26-thread-1] [] DEBUG c.x.chatbot.service.RestClientPool - Created new RestClient for timeout 25254ms (pool size: 1)
15:26:14.628 [pool-26-thread-2] [] DEBUG c.x.chatbot.service.RestClientPool - Created new RestClient for timeout 195ms (pool size: 3)
15:26:14.628 [pool-26-thread-3] [] DEBUG c.x.chatbot.service.RestClientPool - Created new RestClient for timeout 3980ms (pool size: 3)
15:26:14.628 [pool-26-thread-1] [] DEBUG c.x.chatbot.service.RestClientPool - Created new RestClient for timeout 609ms (pool size: 3)
15:26:14.629 [pool-26-thread-3] [] INFO  c.x.chatbot.service.RestClientPool - RestClient pool at max size (4), returning closest-timeout client for 1960ms
15:26:14.629 [pool-26-thread-2] [] INFO  c.x.chatbot.service.RestClientPool - RestClient pool at max size (4), returning closest-timeout client for 6324ms
15:26:14.629 [pool-26-thread-4] [] INFO  c.x.chatbot.service.RestClientPool - RestClient pool at max size (4), returning closest-timeout client for 208ms
15:26:14.629 [pool-26-thread-6] [] INFO  c.x.chatbot.service.RestClientPool - RestClient pool at max size (4), returning closest-timeout client for 555ms
15:26:14.629 [pool-26-thread-8] [] INFO  c.x.chatbot.service.RestClientPool - RestClient pool at max size (4), returning closest-timeout client for 374ms
15:26:14.629 [pool-26-thread-5] [] DEBUG c.x.chatbot.service.RestClientPool - Created new RestClient for timeout 8217ms (pool size: 5)
15:26:14.629 [pool-26-thread-7] [] INFO  c.x.chatbot.service.RestClientPool - RestClient pool at max size (4), returning closest-timeout client for 103ms
15:26:14.632 [pool-27-thread-6] [] DEBUG c.x.chatbot.service.RestClientPool - Created new RestClient for timeout 495ms (pool size: 1)
15:26:14.632 [pool-27-thread-1] [] DEBUG c.x.chatbot.service.RestClientPool - Created new RestClient for timeout 210ms (pool size: 1)
15:26:14.632 [pool-27-thread-3] [] DEBUG c.x.chatbot.service.RestClientPool - Created new RestClient for timeout 132ms (pool size: 1)
15:26:14.632 [pool-27-thread-4] [] DEBUG c.x.chatbot.service.RestClientPool - Created new RestClient for timeout 185ms (pool size: 1)
15:26:14.633 [pool-27-thread-2] [] DEBUG c.x.chatbot.service.RestClientPool - Created new RestClient for timeout 6172ms (pool size: 4)
15:26:14.633 [pool-27-thread-5] [] INFO  c.x.chatbot.service.RestClientPool - RestClient pool at max size (4), returning closest-timeout client for 14166ms
15:26:14.635 [pool-28-thread-4] [] DEBUG c.x.chatbot.service.RestClientPool - Created new RestClient for timeout 30000ms (pool size: 1)
15:26:14.635 [pool-28-thread-8] [] DEBUG c.x.chatbot.service.RestClientPool - Created new RestClient for timeout 248ms (pool size: 1)
15:26:14.635 [pool-28-thread-2] [] DEBUG c.x.chatbot.service.RestClientPool - Created new RestClient for timeout 2015ms (pool size: 1)
15:26:14.636 [pool-28-thread-6] [] DEBUG c.x.chatbot.service.RestClientPool - Created new RestClient for timeout 677ms (pool size: 1)
15:26:14.636 [pool-28-thread-1] [] DEBUG c.x.chatbot.service.RestClientPool - Created new RestClient for timeout 219ms (pool size: 3)
15:26:14.636 [pool-28-thread-8] [] DEBUG c.x.chatbot.service.RestClientPool - Created new RestClient for timeout 761ms (pool size: 5)
15:26:14.636 [pool-28-thread-4] [] DEBUG c.x.chatbot.service.RestClientPool - Created new RestClient for timeout 115ms (pool size: 6)
15:26:14.637 [pool-28-thread-6] [] DEBUG c.x.chatbot.service.RestClientPool - Created new RestClient for timeout 829ms (pool size: 6)
15:26:14.637 [pool-28-thread-3] [] DEBUG c.x.chatbot.service.RestClientPool - Created new RestClient for timeout 331ms (pool size: 9)
15:26:14.638 [pool-28-thread-5] [] DEBUG c.x.chatbot.service.RestClientPool - Created new RestClient for timeout 1979ms (pool size: 10)
15:26:14.642 [pool-29-thread-1] [] DEBUG c.x.chatbot.service.RestClientPool - Created new RestClient for timeout 126ms (pool size: 1)
15:26:14.644 [pool-29-thread-2] [] DEBUG c.x.chatbot.service.RestClientPool - Created new RestClient for timeout 1080ms (pool size: 2)
15:26:14.644 [pool-29-thread-3] [] DEBUG c.x.chatbot.service.RestClientPool - Created new RestClient for timeout 235ms (pool size: 2)
15:26:14.644 [pool-29-thread-4] [] DEBUG c.x.chatbot.service.RestClientPool - Created new RestClient for timeout 1170ms (pool size: 2)
15:26:14.654 [pool-29-thread-6] [] INFO  c.x.chatbot.service.RestClientPool - RestClient pool at max size (2), returning closest-timeout client for 256ms
15:26:14.654 [pool-29-thread-8] [] INFO  c.x.chatbot.service.RestClientPool - RestClient pool at max size (2), returning closest-timeout client for 211ms
15:26:14.654 [pool-29-thread-7] [] INFO  c.x.chatbot.service.RestClientPool - RestClient pool at max size (2), returning closest-timeout client for 1087ms
15:26:14.654 [pool-29-thread-5] [] DEBUG c.x.chatbot.service.RestClientPool - Created new RestClient for timeout 1048ms (pool size: 5)
15:26:14.658 [pool-30-thread-4] [] DEBUG c.x.chatbot.service.RestClientPool - Created new RestClient for timeout 133ms (pool size: 1)
15:26:14.658 [pool-30-thread-1] [] DEBUG c.x.chatbot.service.RestClientPool - Created new RestClient for timeout 104ms (pool size: 1)
15:26:14.658 [pool-30-thread-8] [] DEBUG c.x.chatbot.service.RestClientPool - Created new RestClient for timeout 126ms (pool size: 1)
15:26:14.658 [pool-30-thread-4] [] INFO  c.x.chatbot.service.RestClientPool - RestClient pool at max size (2), returning closest-timeout client for 207ms
15:26:14.658 [pool-30-thread-1] [] INFO  c.x.chatbot.service.RestClientPool - RestClient pool at max size (2), returning closest-timeout client for 25108ms
15:26:14.658 [pool-30-thread-4] [] INFO  c.x.chatbot.service.RestClientPool - RestClient pool at max size (2), returning closest-timeout client for 114ms
15:26:14.658 [pool-30-thread-8] [] INFO  c.x.chatbot.service.RestClientPool - RestClient pool at max size (2), returning closest-timeout client for 344ms
15:26:14.658 [pool-30-thread-1] [] INFO  c.x.chatbot.service.RestClientPool - RestClient pool at max size (2), returning closest-timeout client for 302ms
15:26:14.660 [pool-30-thread-3] [] INFO  c.x.chatbot.service.RestClientPool - RestClient pool at max size (2), returning closest-timeout client for 116ms
15:26:14.660 [pool-30-thread-2] [] INFO  c.x.chatbot.service.RestClientPool - RestClient pool at max size (2), returning closest-timeout client for 6454ms
15:26:14.661 [pool-30-thread-5] [] DEBUG c.x.chatbot.service.RestClientPool - Created new RestClient for timeout 100ms (pool size: 4)
15:26:14.661 [pool-30-thread-7] [] INFO  c.x.chatbot.service.RestClientPool - RestClient pool at max size (2), returning closest-timeout client for 216ms
15:26:14.661 [pool-30-thread-6] [] INFO  c.x.chatbot.service.RestClientPool - RestClient pool at max size (2), returning closest-timeout client for 941ms
15:26:14.664 [pool-31-thread-1] [] DEBUG c.x.chatbot.service.RestClientPool - Created new RestClient for timeout 344ms (pool size: 1)
15:26:14.665 [pool-31-thread-5] [] DEBUG c.x.chatbot.service.RestClientPool - Created new RestClient for timeout 207ms (pool size: 1)
15:26:14.665 [pool-31-thread-2] [] DEBUG c.x.chatbot.service.RestClientPool - Created new RestClient for timeout 160ms (pool size: 2)
15:26:14.666 [pool-31-thread-3] [] DEBUG c.x.chatbot.service.RestClientPool - Created new RestClient for timeout 1038ms (pool size: 3)
15:26:14.666 [pool-31-thread-7] [] DEBUG c.x.chatbot.service.RestClientPool - Created new RestClient for timeout 137ms (pool size: 4)
15:26:14.667 [pool-31-thread-4] [] DEBUG c.x.chatbot.service.RestClientPool - Created new RestClient for timeout 335ms (pool size: 6)
15:26:14.667 [pool-31-thread-6] [] DEBUG c.x.chatbot.service.RestClientPool - Created new RestClient for timeout 118ms (pool size: 6)
15:26:14.669 [pool-32-thread-2] [] DEBUG c.x.chatbot.service.RestClientPool - Created new RestClient for timeout 154ms (pool size: 1)
15:26:14.669 [pool-32-thread-4] [] DEBUG c.x.chatbot.service.RestClientPool - Created new RestClient for timeout 108ms (pool size: 1)
15:26:14.669 [pool-32-thread-6] [] DEBUG c.x.chatbot.service.RestClientPool - Created new RestClient for timeout 248ms (pool size: 1)
15:26:14.670 [pool-32-thread-3] [] DEBUG c.x.chatbot.service.RestClientPool - Created new RestClient for timeout 101ms (pool size: 4)
15:26:14.670 [pool-32-thread-5] [] DEBUG c.x.chatbot.service.RestClientPool - Created new RestClient for timeout 215ms (pool size: 4)
15:26:14.670 [pool-32-thread-7] [] DEBUG c.x.chatbot.service.RestClientPool - Created new RestClient for timeout 13123ms (pool size: 4)
15:26:14.670 [pool-32-thread-1] [] DEBUG c.x.chatbot.service.RestClientPool - Created new RestClient for timeout 22681ms (pool size: 4)
15:26:14.670 [pool-32-thread-2] [] DEBUG c.x.chatbot.service.RestClientPool - Created new RestClient for timeout 214ms (pool size: 4)
15:26:14.671 [pool-32-thread-6] [] DEBUG c.x.chatbot.service.RestClientPool - Created new RestClient for timeout 2995ms (pool size: 9)
15:26:14.671 [pool-32-thread-8] [] DEBUG c.x.chatbot.service.RestClientPool - Created new RestClient for timeout 102ms (pool size: 10)
15:26:14.675 [pool-33-thread-2] [] DEBUG c.x.chatbot.service.RestClientPool - Created new RestClient for timeout 104ms (pool size: 1)
15:26:14.676 [pool-33-thread-1] [] DEBUG c.x.chatbot.service.RestClientPool - Created new RestClient for timeout 13500ms (pool size: 1)
15:26:14.676 [pool-33-thread-3] [] DEBUG c.x.chatbot.service.RestClientPool - Created new RestClient for timeout 199ms (pool size: 1)
15:26:14.677 [pool-33-thread-7] [] INFO  c.x.chatbot.service.RestClientPool - RestClient pool at max size (2), returning closest-timeout client for 149ms
15:26:14.678 [pool-33-thread-4] [] DEBUG c.x.chatbot.service.RestClientPool - Created new RestClient for timeout 9772ms (pool size: 4)
15:26:14.678 [pool-33-thread-6] [] INFO  c.x.chatbot.service.RestClientPool - RestClient pool at max size (2), returning closest-timeout client for 20446ms
15:26:14.678 [pool-33-thread-8] [] INFO  c.x.chatbot.service.RestClientPool - RestClient pool at max size (2), returning closest-timeout client for 127ms
15:26:14.678 [pool-33-thread-5] [] INFO  c.x.chatbot.service.RestClientPool - RestClient pool at max size (2), returning closest-timeout client for 894ms
15:26:14.682 [pool-34-thread-2] [] DEBUG c.x.chatbot.service.RestClientPool - Created new RestClient for timeout 7915ms (pool size: 1)
15:26:14.682 [pool-34-thread-4] [] DEBUG c.x.chatbot.service.RestClientPool - Created new RestClient for timeout 3657ms (pool size: 1)
15:26:14.683 [pool-34-thread-7] [] DEBUG c.x.chatbot.service.RestClientPool - Created new RestClient for timeout 202ms (pool size: 3)
15:26:14.683 [pool-34-thread-3] [] DEBUG c.x.chatbot.service.RestClientPool - Created new RestClient for timeout 101ms (pool size: 3)
15:26:14.683 [pool-34-thread-6] [] DEBUG c.x.chatbot.service.RestClientPool - Created new RestClient for timeout 121ms (pool size: 3)
15:26:14.683 [pool-34-thread-1] [] DEBUG c.x.chatbot.service.RestClientPool - Created new RestClient for timeout 103ms (pool size: 3)
15:26:14.684 [pool-34-thread-5] [] DEBUG c.x.chatbot.service.RestClientPool - Created new RestClient for timeout 15865ms (pool size: 7)
15:26:14.687 [pool-35-thread-7] [] DEBUG c.x.chatbot.service.RestClientPool - Created new RestClient for timeout 3795ms (pool size: 1)
15:26:14.687 [pool-35-thread-2] [] DEBUG c.x.chatbot.service.RestClientPool - Created new RestClient for timeout 689ms (pool size: 1)
15:26:14.687 [pool-35-thread-1] [] DEBUG c.x.chatbot.service.RestClientPool - Created new RestClient for timeout 2498ms (pool size: 1)
15:26:14.688 [pool-35-thread-3] [] DEBUG c.x.chatbot.service.RestClientPool - Created new RestClient for timeout 175ms (pool size: 1)
15:26:14.688 [pool-35-thread-4] [] DEBUG c.x.chatbot.service.RestClientPool - Created new RestClient for timeout 108ms (pool size: 5)
15:26:14.688 [pool-35-thread-5] [] DEBUG c.x.chatbot.service.RestClientPool - Created new RestClient for timeout 450ms (pool size: 5)
15:26:14.689 [pool-35-thread-8] [] DEBUG c.x.chatbot.service.RestClientPool - Created new RestClient for timeout 3167ms (pool size: 5)
15:26:14.689 [pool-35-thread-6] [] DEBUG c.x.chatbot.service.RestClientPool - Created new RestClient for timeout 4882ms (pool size: 8)
15:26:14.694 [pool-36-thread-3] [] DEBUG c.x.chatbot.service.RestClientPool - Created new RestClient for timeout 109ms (pool size: 1)
15:26:14.694 [pool-36-thread-2] [] DEBUG c.x.chatbot.service.RestClientPool - Created new RestClient for timeout 1039ms (pool size: 1)
15:26:14.694 [pool-36-thread-1] [] DEBUG c.x.chatbot.service.RestClientPool - Created new RestClient for timeout 364ms (pool size: 1)
15:26:14.694 [pool-36-thread-6] [] DEBUG c.x.chatbot.service.RestClientPool - Created new RestClient for timeout 4459ms (pool size: 4)
15:26:14.695 [pool-36-thread-2] [] DEBUG c.x.chatbot.service.RestClientPool - Created new RestClient for timeout 2818ms (pool size: 4)
15:26:14.695 [pool-36-thread-7] [] DEBUG c.x.chatbot.service.RestClientPool - Created new RestClient for timeout 382ms (pool size: 4)
15:26:14.695 [pool-36-thread-1] [] DEBUG c.x.chatbot.service.RestClientPool - Created new RestClient for timeout 2504ms (pool size: 5)
15:26:14.695 [pool-36-thread-3] [] DEBUG c.x.chatbot.service.RestClientPool - Created new RestClient for timeout 29999ms (pool size: 5)
15:26:14.695 [pool-36-thread-2] [] INFO  c.x.chatbot.service.RestClientPool - RestClient pool at max size (5), returning closest-timeout client for 874ms
15:26:14.695 [pool-36-thread-2] [] INFO  c.x.chatbot.service.RestClientPool - RestClient pool at max size (5), returning closest-timeout client for 215ms
15:26:14.695 [pool-36-thread-2] [] INFO  c.x.chatbot.service.RestClientPool - RestClient pool at max size (5), returning closest-timeout client for 173ms
15:26:14.696 [pool-36-thread-8] [] INFO  c.x.chatbot.service.RestClientPool - RestClient pool at max size (5), returning closest-timeout client for 116ms
15:26:14.696 [pool-36-thread-5] [] INFO  c.x.chatbot.service.RestClientPool - RestClient pool at max size (5), returning closest-timeout client for 194ms
15:26:14.696 [pool-36-thread-4] [] INFO  c.x.chatbot.service.RestClientPool - RestClient pool at max size (5), returning closest-timeout client for 805ms
15:26:14.696 [pool-36-thread-6] [] DEBUG c.x.chatbot.service.RestClientPool - Created new RestClient for timeout 7352ms (pool size: 9)
15:26:14.699 [pool-37-thread-7] [] DEBUG c.x.chatbot.service.RestClientPool - Created new RestClient for timeout 564ms (pool size: 1)
15:26:14.700 [pool-37-thread-5] [] DEBUG c.x.chatbot.service.RestClientPool - Created new RestClient for timeout 1105ms (pool size: 1)
15:26:14.700 [pool-37-thread-7] [] DEBUG c.x.chatbot.service.RestClientPool - Created new RestClient for timeout 442ms (pool size: 2)
15:26:14.700 [pool-37-thread-5] [] INFO  c.x.chatbot.service.RestClientPool - RestClient pool at max size (2), returning closest-timeout client for 8607ms
15:26:14.700 [pool-37-thread-5] [] INFO  c.x.chatbot.service.RestClientPool - RestClient pool at max size (2), returning closest-timeout client for 9353ms
15:26:14.700 [pool-37-thread-5] [] INFO  c.x.chatbot.service.RestClientPool - RestClient pool at max size (2), returning closest-timeout client for 127ms
15:26:14.700 [pool-37-thread-1] [] DEBUG c.x.chatbot.service.RestClientPool - Created new RestClient for timeout 1719ms (pool size: 3)
15:26:14.700 [pool-37-thread-3] [] DEBUG c.x.chatbot.service.RestClientPool - Created new RestClient for timeout 398ms (pool size: 4)
15:26:14.700 [pool-37-thread-2] [] DEBUG c.x.chatbot.service.RestClientPool - Created new RestClient for timeout 5535ms (pool size: 4)
15:26:14.700 [pool-37-thread-8] [] INFO  c.x.chatbot.service.RestClientPool - RestClient pool at max size (2), returning closest-timeout client for 136ms
15:26:14.700 [pool-37-thread-4] [] INFO  c.x.chatbot.service.RestClientPool - RestClient pool at max size (2), returning closest-timeout client for 616ms
15:26:14.702 [pool-37-thread-6] [] DEBUG c.x.chatbot.service.RestClientPool - Created new RestClient for timeout 126ms (pool size: 7)
15:26:14.706 [pool-38-thread-2] [] DEBUG c.x.chatbot.service.RestClientPool - Created new RestClient for timeout 3239ms (pool size: 1)
15:26:14.707 [pool-38-thread-5] [] DEBUG c.x.chatbot.service.RestClientPool - Created new RestClient for timeout 131ms (pool size: 2)
15:26:14.707 [pool-38-thread-1] [] DEBUG c.x.chatbot.service.RestClientPool - Created new RestClient for timeout 25259ms (pool size: 2)
15:26:14.707 [pool-38-thread-3] [] DEBUG c.x.chatbot.service.RestClientPool - Created new RestClient for timeout 661ms (pool size: 2)
15:26:14.709 [pool-38-thread-4] [] DEBUG c.x.chatbot.service.RestClientPool - Created new RestClient for timeout 106ms (pool size: 5)
15:26:14.712 [pool-39-thread-2] [] DEBUG c.x.chatbot.service.RestClientPool - Created new RestClient for timeout 3343ms (pool size: 1)
15:26:14.712 [pool-39-thread-6] [] DEBUG c.x.chatbot.service.RestClientPool - Created new RestClient for timeout 7369ms (pool size: 1)
15:26:14.713 [pool-39-thread-5] [] DEBUG c.x.chatbot.service.RestClientPool - Created new RestClient for timeout 1159ms (pool size: 1)
15:26:14.713 [pool-39-thread-1] [] DEBUG c.x.chatbot.service.RestClientPool - Created new RestClient for timeout 19996ms (pool size: 4)
15:26:14.713 [pool-39-thread-3] [] INFO  c.x.chatbot.service.RestClientPool - RestClient pool at max size (2), returning closest-timeout client for 174ms
15:26:14.713 [pool-39-thread-4] [] INFO  c.x.chatbot.service.RestClientPool - RestClient pool at max size (2), returning closest-timeout client for 12931ms
15:26:14.716 [pool-40-thread-1] [] DEBUG c.x.chatbot.service.RestClientPool - Created new RestClient for timeout 263ms (pool size: 1)
15:26:14.717 [pool-40-thread-3] [] DEBUG c.x.chatbot.service.RestClientPool - Created new RestClient for timeout 209ms (pool size: 1)
15:26:14.717 [pool-40-thread-2] [] DEBUG c.x.chatbot.service.RestClientPool - Created new RestClient for timeout 24723ms (pool size: 1)
15:26:14.717 [pool-40-thread-5] [] DEBUG c.x.chatbot.service.RestClientPool - Created new RestClient for timeout 101ms (pool size: 1)
15:26:14.720 [pool-41-thread-6] [] DEBUG c.x.chatbot.service.RestClientPool - Created new RestClient for timeout 853ms (pool size: 1)
15:26:14.720 [pool-41-thread-5] [] DEBUG c.x.chatbot.service.RestClientPool - Created new RestClient for timeout 138ms (pool size: 1)
15:26:14.721 [pool-41-thread-1] [] DEBUG c.x.chatbot.service.RestClientPool - Created new RestClient for timeout 3188ms (pool size: 1)
15:26:14.722 [pool-41-thread-3] [] DEBUG c.x.chatbot.service.RestClientPool - Created new RestClient for timeout 201ms (pool size: 2)
15:26:14.722 [pool-41-thread-2] [] DEBUG c.x.chatbot.service.RestClientPool - Created new RestClient for timeout 5157ms (pool size: 5)
15:26:14.722 [pool-41-thread-4] [] DEBUG c.x.chatbot.service.RestClientPool - Created new RestClient for timeout 337ms (pool size: 5)
15:26:14.726 [pool-42-thread-1] [] DEBUG c.x.chatbot.service.RestClientPool - Created new RestClient for timeout 118ms (pool size: 1)
15:26:14.726 [pool-42-thread-5] [] DEBUG c.x.chatbot.service.RestClientPool - Created new RestClient for timeout 125ms (pool size: 1)
15:26:14.726 [pool-42-thread-2] [] DEBUG c.x.chatbot.service.RestClientPool - Created new RestClient for timeout 5071ms (pool size: 1)
15:26:14.728 [pool-42-thread-8] [] DEBUG c.x.chatbot.service.RestClientPool - Created new RestClient for timeout 261ms (pool size: 4)
15:26:14.728 [pool-42-thread-5] [] DEBUG c.x.chatbot.service.RestClientPool - Created new RestClient for timeout 1282ms (pool size: 4)
15:26:14.728 [pool-42-thread-4] [] DEBUG c.x.chatbot.service.RestClientPool - Created new RestClient for timeout 3391ms (pool size: 4)
15:26:14.729 [pool-42-thread-4] [] INFO  c.x.chatbot.service.RestClientPool - RestClient pool at max size (4), returning closest-timeout client for 20422ms
15:26:14.729 [pool-42-thread-1] [] DEBUG c.x.chatbot.service.RestClientPool - Created new RestClient for timeout 3416ms (pool size: 7)
15:26:14.729 [pool-42-thread-2] [] DEBUG c.x.chatbot.service.RestClientPool - Created new RestClient for timeout 254ms (pool size: 8)
15:26:14.729 [pool-42-thread-3] [] DEBUG c.x.chatbot.service.RestClientPool - Created new RestClient for timeout 100ms (pool size: 8)
15:26:14.730 [pool-42-thread-6] [] INFO  c.x.chatbot.service.RestClientPool - RestClient pool at max size (4), returning closest-timeout client for 1073ms
15:26:14.730 [pool-42-thread-7] [] INFO  c.x.chatbot.service.RestClientPool - RestClient pool at max size (4), returning closest-timeout client for 169ms
15:26:14.732 [pool-43-thread-1] [] DEBUG c.x.chatbot.service.RestClientPool - Created new RestClient for timeout 7252ms (pool size: 1)
15:26:14.732 [pool-43-thread-2] [] DEBUG c.x.chatbot.service.RestClientPool - Created new RestClient for timeout 1431ms (pool size: 1)
15:26:14.732 [pool-43-thread-4] [] DEBUG c.x.chatbot.service.RestClientPool - Created new RestClient for timeout 26923ms (pool size: 1)
15:26:14.732 [pool-43-thread-5] [] DEBUG c.x.chatbot.service.RestClientPool - Created new RestClient for timeout 184ms (pool size: 1)
15:26:14.733 [pool-43-thread-3] [] DEBUG c.x.chatbot.service.RestClientPool - Created new RestClient for timeout 151ms (pool size: 5)
15:26:14.733 [pool-43-thread-6] [] DEBUG c.x.chatbot.service.RestClientPool - Created new RestClient for timeout 19000ms (pool size: 5)
15:26:14.735 [pool-44-thread-2] [] DEBUG c.x.chatbot.service.RestClientPool - Created new RestClient for timeout 3925ms (pool size: 1)
15:26:14.735 [pool-44-thread-4] [] DEBUG c.x.chatbot.service.RestClientPool - Created new RestClient for timeout 111ms (pool size: 1)
15:26:14.735 [pool-44-thread-6] [] DEBUG c.x.chatbot.service.RestClientPool - Created new RestClient for timeout 230ms (pool size: 1)
15:26:14.735 [pool-44-thread-1] [] DEBUG c.x.chatbot.service.RestClientPool - Created new RestClient for timeout 2126ms (pool size: 1)
15:26:14.735 [pool-44-thread-5] [] DEBUG c.x.chatbot.service.RestClientPool - Created new RestClient for timeout 179ms (pool size: 1)
15:26:14.735 [pool-44-thread-4] [] INFO  c.x.chatbot.service.RestClientPool - RestClient pool at max size (4), returning closest-timeout client for 825ms
15:26:14.735 [pool-44-thread-4] [] INFO  c.x.chatbot.service.RestClientPool - RestClient pool at max size (4), returning closest-timeout client for 100ms
15:26:14.736 [pool-44-thread-7] [] DEBUG c.x.chatbot.service.RestClientPool - Created new RestClient for timeout 5207ms (pool size: 6)
15:26:14.736 [pool-44-thread-2] [] DEBUG c.x.chatbot.service.RestClientPool - Created new RestClient for timeout 310ms (pool size: 7)
15:26:14.736 [pool-44-thread-8] [] DEBUG c.x.chatbot.service.RestClientPool - Created new RestClient for timeout 101ms (pool size: 7)
15:26:14.737 [pool-44-thread-3] [] DEBUG c.x.chatbot.service.RestClientPool - Created new RestClient for timeout 29999ms (pool size: 7)
15:26:14.737 [pool-44-thread-6] [] DEBUG c.x.chatbot.service.RestClientPool - Created new RestClient for timeout 103ms (pool size: 7)
15:26:14.737 [pool-44-thread-1] [] DEBUG c.x.chatbot.service.RestClientPool - Created new RestClient for timeout 3036ms (pool size: 9)
15:26:14.739 [pool-45-thread-8] [] DEBUG c.x.chatbot.service.RestClientPool - Created new RestClient for timeout 2229ms (pool size: 1)
15:26:14.739 [pool-45-thread-3] [] DEBUG c.x.chatbot.service.RestClientPool - Created new RestClient for timeout 303ms (pool size: 1)
15:26:14.739 [pool-45-thread-2] [] DEBUG c.x.chatbot.service.RestClientPool - Created new RestClient for timeout 195ms (pool size: 1)
15:26:14.739 [pool-45-thread-4] [] DEBUG c.x.chatbot.service.RestClientPool - Created new RestClient for timeout 1143ms (pool size: 1)
15:26:14.739 [pool-45-thread-6] [] DEBUG c.x.chatbot.service.RestClientPool - Created new RestClient for timeout 2270ms (pool size: 1)
15:26:14.740 [pool-45-thread-5] [] DEBUG c.x.chatbot.service.RestClientPool - Created new RestClient for timeout 378ms (pool size: 5)
15:26:14.740 [pool-45-thread-1] [] DEBUG c.x.chatbot.service.RestClientPool - Created new RestClient for timeout 107ms (pool size: 6)
15:26:14.740 [pool-45-thread-7] [] DEBUG c.x.chatbot.service.RestClientPool - Created new RestClient for timeout 29999ms (pool size: 6)
15:26:14.744 [pool-46-thread-2] [] DEBUG c.x.chatbot.service.RestClientPool - Created new RestClient for timeout 30000ms (pool size: 1)
15:26:14.744 [pool-46-thread-1] [] DEBUG c.x.chatbot.service.RestClientPool - Created new RestClient for timeout 120ms (pool size: 1)
15:26:14.745 [pool-46-thread-3] [] DEBUG c.x.chatbot.service.RestClientPool - Created new RestClient for timeout 651ms (pool size: 1)
15:26:14.745 [pool-46-thread-4] [] DEBUG c.x.chatbot.service.RestClientPool - Created new RestClient for timeout 7583ms (pool size: 1)
15:26:14.745 [pool-46-thread-6] [] DEBUG c.x.chatbot.service.RestClientPool - Created new RestClient for timeout 119ms (pool size: 2)
15:26:14.745 [pool-46-thread-6] [] INFO  c.x.chatbot.service.RestClientPool - RestClient pool at max size (5), returning closest-timeout client for 19886ms
15:26:14.745 [pool-46-thread-3] [] DEBUG c.x.chatbot.service.RestClientPool - Created new RestClient for timeout 265ms (pool size: 6)
15:26:14.745 [pool-46-thread-1] [] INFO  c.x.chatbot.service.RestClientPool - RestClient pool at max size (5), returning closest-timeout client for 385ms
15:26:14.746 [pool-46-thread-7] [] DEBUG c.x.chatbot.service.RestClientPool - Created new RestClient for timeout 139ms (pool size: 6)
15:26:14.746 [pool-46-thread-4] [] DEBUG c.x.chatbot.service.RestClientPool - Created new RestClient for timeout 101ms (pool size: 6)
15:26:14.746 [pool-46-thread-8] [] INFO  c.x.chatbot.service.RestClientPool - RestClient pool at max size (5), returning closest-timeout client for 1527ms
15:26:14.746 [pool-46-thread-2] [] DEBUG c.x.chatbot.service.RestClientPool - Created new RestClient for timeout 128ms (pool size: 7)
15:26:14.747 [pool-46-thread-5] [] DEBUG c.x.chatbot.service.RestClientPool - Created new RestClient for timeout 1711ms (pool size: 9)
15:26:14.749 [pool-47-thread-2] [] DEBUG c.x.chatbot.service.RestClientPool - Created new RestClient for timeout 2066ms (pool size: 1)
15:26:14.749 [pool-47-thread-3] [] DEBUG c.x.chatbot.service.RestClientPool - Created new RestClient for timeout 399ms (pool size: 1)
15:26:14.749 [pool-47-thread-7] [] DEBUG c.x.chatbot.service.RestClientPool - Created new RestClient for timeout 20732ms (pool size: 1)
15:26:14.749 [pool-47-thread-6] [] DEBUG c.x.chatbot.service.RestClientPool - Created new RestClient for timeout 5589ms (pool size: 1)
15:26:14.749 [pool-47-thread-1] [] DEBUG c.x.chatbot.service.RestClientPool - Created new RestClient for timeout 157ms (pool size: 2)
15:26:14.750 [pool-47-thread-2] [] DEBUG c.x.chatbot.service.RestClientPool - Created new RestClient for timeout 1048ms (pool size: 4)
15:26:14.750 [pool-47-thread-3] [] DEBUG c.x.chatbot.service.RestClientPool - Created new RestClient for timeout 1090ms (pool size: 6)
15:26:14.751 [pool-47-thread-4] [] DEBUG c.x.chatbot.service.RestClientPool - Created new RestClient for timeout 102ms (pool size: 8)
15:26:14.751 [pool-47-thread-8] [] DEBUG c.x.chatbot.service.RestClientPool - Created new RestClient for timeout 4165ms (pool size: 8)
15:26:14.751 [pool-47-thread-6] [] DEBUG c.x.chatbot.service.RestClientPool - Created new RestClient for timeout 109ms (pool size: 8)
15:26:14.751 [pool-47-thread-1] [] DEBUG c.x.chatbot.service.RestClientPool - Created new RestClient for timeout 458ms (pool size: 8)
15:26:14.751 [pool-47-thread-5] [] DEBUG c.x.chatbot.service.RestClientPool - Created new RestClient for timeout 3295ms (pool size: 12)
15:26:14.753 [pool-48-thread-2] [] DEBUG c.x.chatbot.service.RestClientPool - Created new RestClient for timeout 2199ms (pool size: 1)
15:26:14.753 [pool-48-thread-3] [] DEBUG c.x.chatbot.service.RestClientPool - Created new RestClient for timeout 1576ms (pool size: 1)
15:26:14.753 [pool-48-thread-6] [] DEBUG c.x.chatbot.service.RestClientPool - Created new RestClient for timeout 108ms (pool size: 1)
15:26:14.754 [pool-48-thread-2] [] INFO  c.x.chatbot.service.RestClientPool - RestClient pool at max size (2), returning closest-timeout client for 110ms
15:26:14.754 [pool-48-thread-6] [] INFO  c.x.chatbot.service.RestClientPool - RestClient pool at max size (2), returning closest-timeout client for 7012ms
15:26:14.754 [pool-48-thread-2] [] INFO  c.x.chatbot.service.RestClientPool - RestClient pool at max size (2), returning closest-timeout client for 227ms
15:26:14.754 [pool-48-thread-6] [] INFO  c.x.chatbot.service.RestClientPool - RestClient pool at max size (2), returning closest-timeout client for 449ms
15:26:14.754 [pool-48-thread-3] [] INFO  c.x.chatbot.service.RestClientPool - RestClient pool at max size (2), returning closest-timeout client for 107ms
15:26:14.754 [pool-48-thread-2] [] INFO  c.x.chatbot.service.RestClientPool - RestClient pool at max size (2), returning closest-timeout client for 757ms
15:26:14.754 [pool-48-thread-7] [] DEBUG c.x.chatbot.service.RestClientPool - Created new RestClient for timeout 110ms (pool size: 4)
15:26:14.754 [pool-48-thread-8] [] INFO  c.x.chatbot.service.RestClientPool - RestClient pool at max size (2), returning closest-timeout client for 1012ms
15:26:14.754 [pool-48-thread-4] [] DEBUG c.x.chatbot.service.RestClientPool - Created new RestClient for timeout 14891ms (pool size: 4)
15:26:14.754 [pool-48-thread-5] [] DEBUG c.x.chatbot.service.RestClientPool - Created new RestClient for timeout 4389ms (pool size: 4)
15:26:14.754 [pool-48-thread-1] [] DEBUG c.x.chatbot.service.RestClientPool - Created new RestClient for timeout 2042ms (pool size: 7)
15:26:14.756 [pool-49-thread-1] [] DEBUG c.x.chatbot.service.RestClientPool - Created new RestClient for timeout 8635ms (pool size: 1)
15:26:14.757 [pool-49-thread-2] [] DEBUG c.x.chatbot.service.RestClientPool - Created new RestClient for timeout 702ms (pool size: 1)
15:26:14.757 [pool-49-thread-3] [] DEBUG c.x.chatbot.service.RestClientPool - Created new RestClient for timeout 103ms (pool size: 1)
15:26:14.757 [pool-49-thread-4] [] DEBUG c.x.chatbot.service.RestClientPool - Created new RestClient for timeout 163ms (pool size: 3)
15:26:14.757 [pool-49-thread-5] [] DEBUG c.x.chatbot.service.RestClientPool - Created new RestClient for timeout 30000ms (pool size: 3)
15:26:14.757 [pool-49-thread-7] [] DEBUG c.x.chatbot.service.RestClientPool - Created new RestClient for timeout 210ms (pool size: 5)
15:26:14.757 [pool-49-thread-8] [] INFO  c.x.chatbot.service.RestClientPool - RestClient pool at max size (3), returning closest-timeout client for 9743ms
15:26:14.757 [pool-49-thread-6] [] DEBUG c.x.chatbot.service.RestClientPool - Created new RestClient for timeout 109ms (pool size: 5)
15:26:14.762 [pool-50-thread-8] [] DEBUG c.x.chatbot.service.RestClientPool - Created new RestClient for timeout 149ms (pool size: 1)
15:26:14.762 [pool-50-thread-4] [] DEBUG c.x.chatbot.service.RestClientPool - Created new RestClient for timeout 2547ms (pool size: 1)
15:26:14.762 [pool-50-thread-3] [] DEBUG c.x.chatbot.service.RestClientPool - Created new RestClient for timeout 105ms (pool size: 1)
15:26:14.762 [pool-50-thread-2] [] DEBUG c.x.chatbot.service.RestClientPool - Created new RestClient for timeout 17051ms (pool size: 1)
15:26:14.762 [pool-50-thread-3] [] INFO  c.x.chatbot.service.RestClientPool - RestClient pool at max size (2), returning closest-timeout client for 333ms
15:26:14.762 [pool-50-thread-3] [] INFO  c.x.chatbot.service.RestClientPool - RestClient pool at max size (2), returning closest-timeout client for 108ms
15:26:14.762 [pool-50-thread-3] [] INFO  c.x.chatbot.service.RestClientPool - RestClient pool at max size (2), returning closest-timeout client for 100ms
15:26:14.762 [pool-50-thread-3] [] INFO  c.x.chatbot.service.RestClientPool - RestClient pool at max size (2), returning closest-timeout client for 100ms
15:26:14.762 [pool-50-thread-8] [] INFO  c.x.chatbot.service.RestClientPool - RestClient pool at max size (2), returning closest-timeout client for 13156ms
15:26:14.762 [pool-50-thread-6] [] DEBUG c.x.chatbot.service.RestClientPool - Created new RestClient for timeout 100ms (pool size: 4)
15:26:14.763 [pool-50-thread-1] [] DEBUG c.x.chatbot.service.RestClientPool - Created new RestClient for timeout 1882ms (pool size: 5)
15:26:14.763 [pool-50-thread-7] [] DEBUG c.x.chatbot.service.RestClientPool - Created new RestClient for timeout 104ms (pool size: 6)
15:26:14.764 [pool-50-thread-5] [] DEBUG c.x.chatbot.service.RestClientPool - Created new RestClient for timeout 10954ms (pool size: 8)
15:26:14.766 [pool-51-thread-5] [] DEBUG c.x.chatbot.service.RestClientPool - Created new RestClient for timeout 109ms (pool size: 1)
15:26:14.766 [pool-51-thread-2] [] DEBUG c.x.chatbot.service.RestClientPool - Created new RestClient for timeout 162ms (pool size: 1)
15:26:14.766 [pool-51-thread-6] [] DEBUG c.x.chatbot.service.RestClientPool - Created new RestClient for timeout 174ms (pool size: 1)
15:26:14.766 [pool-51-thread-1] [] DEBUG c.x.chatbot.service.RestClientPool - Created new RestClient for timeout 204ms (pool size: 1)
15:26:14.766 [pool-51-thread-1] [] INFO  c.x.chatbot.service.RestClientPool - RestClient pool at max size (2), returning closest-timeout client for 1242ms
15:26:14.766 [pool-51-thread-6] [] INFO  c.x.chatbot.service.RestClientPool - RestClient pool at max size (2), returning closest-timeout client for 200ms
15:26:14.766 [pool-51-thread-2] [] INFO  c.x.chatbot.service.RestClientPool - RestClient pool at max size (2), returning closest-timeout client for 370ms
15:26:14.766 [pool-51-thread-5] [] INFO  c.x.chatbot.service.RestClientPool - RestClient pool at max size (2), returning closest-timeout client for 3230ms
15:26:14.767 [pool-51-thread-4] [] DEBUG c.x.chatbot.service.RestClientPool - Created new RestClient for timeout 6095ms (pool size: 5)
15:26:14.767 [pool-51-thread-3] [] DEBUG c.x.chatbot.service.RestClientPool - Created new RestClient for timeout 101ms (pool size: 5)
15:26:14.767 [pool-51-thread-7] [] DEBUG c.x.chatbot.service.RestClientPool - Created new RestClient for timeout 108ms (pool size: 5)
15:26:14.768 [pool-51-thread-8] [] DEBUG c.x.chatbot.service.RestClientPool - Created new RestClient for timeout 399ms (pool size: 8)
15:26:14.770 [pool-52-thread-3] [] DEBUG c.x.chatbot.service.RestClientPool - Created new RestClient for timeout 638ms (pool size: 1)
15:26:14.770 [pool-52-thread-1] [] DEBUG c.x.chatbot.service.RestClientPool - Created new RestClient for timeout 173ms (pool size: 1)
15:26:14.770 [pool-52-thread-2] [] DEBUG c.x.chatbot.service.RestClientPool - Created new RestClient for timeout 568ms (pool size: 1)
15:26:14.771 [pool-52-thread-5] [] DEBUG c.x.chatbot.service.RestClientPool - Created new RestClient for timeout 8038ms (pool size: 1)
15:26:14.771 [pool-52-thread-7] [] DEBUG c.x.chatbot.service.RestClientPool - Created new RestClient for timeout 215ms (pool size: 1)
15:26:14.771 [pool-52-thread-4] [] DEBUG c.x.chatbot.service.RestClientPool - Created new RestClient for timeout 202ms (pool size: 3)
15:26:14.771 [pool-52-thread-6] [] DEBUG c.x.chatbot.service.RestClientPool - Created new RestClient for timeout 16396ms (pool size: 6)
15:26:14.773 [pool-53-thread-4] [] DEBUG c.x.chatbot.service.RestClientPool - Created new RestClient for timeout 3087ms (pool size: 1)
15:26:14.773 [pool-53-thread-3] [] DEBUG c.x.chatbot.service.RestClientPool - Created new RestClient for timeout 353ms (pool size: 1)
15:26:14.773 [pool-53-thread-2] [] DEBUG c.x.chatbot.service.RestClientPool - Created new RestClient for timeout 108ms (pool size: 1)
15:26:14.773 [pool-53-thread-1] [] DEBUG c.x.chatbot.service.RestClientPool - Created new RestClient for timeout 694ms (pool size: 1)
15:26:14.774 [pool-53-thread-5] [] DEBUG c.x.chatbot.service.RestClientPool - Created new RestClient for timeout 2697ms (pool size: 5)
15:26:14.774 [pool-53-thread-7] [] DEBUG c.x.chatbot.service.RestClientPool - Created new RestClient for timeout 111ms (pool size: 5)
15:26:14.774 [pool-53-thread-6] [] DEBUG c.x.chatbot.service.RestClientPool - Created new RestClient for timeout 252ms (pool size: 5)
15:26:14.779 [pool-54-thread-1] [] DEBUG c.x.chatbot.service.RestClientPool - Created new RestClient for timeout 107ms (pool size: 1)
15:26:14.779 [pool-54-thread-2] [] DEBUG c.x.chatbot.service.RestClientPool - Created new RestClient for timeout 7150ms (pool size: 1)
15:26:14.779 [pool-54-thread-6] [] DEBUG c.x.chatbot.service.RestClientPool - Created new RestClient for timeout 209ms (pool size: 1)
15:26:14.779 [pool-54-thread-7] [] DEBUG c.x.chatbot.service.RestClientPool - Created new RestClient for timeout 118ms (pool size: 1)
15:26:14.779 [pool-54-thread-8] [] DEBUG c.x.chatbot.service.RestClientPool - Created new RestClient for timeout 10048ms (pool size: 1)
15:26:14.780 [pool-54-thread-8] [] INFO  c.x.chatbot.service.RestClientPool - RestClient pool at max size (2), returning closest-timeout client for 139ms
15:26:14.780 [pool-54-thread-8] [] INFO  c.x.chatbot.service.RestClientPool - RestClient pool at max size (2), returning closest-timeout client for 206ms
15:26:14.780 [pool-54-thread-8] [] INFO  c.x.chatbot.service.RestClientPool - RestClient pool at max size (2), returning closest-timeout client for 107ms
15:26:14.780 [pool-54-thread-8] [] INFO  c.x.chatbot.service.RestClientPool - RestClient pool at max size (2), returning closest-timeout client for 100ms
15:26:14.780 [pool-54-thread-8] [] INFO  c.x.chatbot.service.RestClientPool - RestClient pool at max size (2), returning closest-timeout client for 1137ms
15:26:14.780 [pool-54-thread-6] [] INFO  c.x.chatbot.service.RestClientPool - RestClient pool at max size (2), returning closest-timeout client for 450ms
15:26:14.780 [pool-54-thread-5] [] DEBUG c.x.chatbot.service.RestClientPool - Created new RestClient for timeout 130ms (pool size: 4)
15:26:14.780 [pool-54-thread-2] [] DEBUG c.x.chatbot.service.RestClientPool - Created new RestClient for timeout 7193ms (pool size: 6)
15:26:14.780 [pool-54-thread-4] [] DEBUG c.x.chatbot.service.RestClientPool - Created new RestClient for timeout 15966ms (pool size: 7)
15:26:14.780 [pool-54-thread-3] [] DEBUG c.x.chatbot.service.RestClientPool - Created new RestClient for timeout 203ms (pool size: 8)
15:26:14.783 [pool-55-thread-5] [] DEBUG c.x.chatbot.service.RestClientPool - Created new RestClient for timeout 3070ms (pool size: 1)
15:26:14.783 [pool-55-thread-3] [] DEBUG c.x.chatbot.service.RestClientPool - Created new RestClient for timeout 250ms (pool size: 1)
15:26:14.783 [pool-55-thread-2] [] DEBUG c.x.chatbot.service.RestClientPool - Created new RestClient for timeout 2504ms (pool size: 1)
15:26:14.783 [pool-55-thread-4] [] DEBUG c.x.chatbot.service.RestClientPool - Created new RestClient for timeout 221ms (pool size: 1)
15:26:14.783 [pool-55-thread-1] [] DEBUG c.x.chatbot.service.RestClientPool - Created new RestClient for timeout 187ms (pool size: 1)
15:26:14.783 [pool-55-thread-5] [] INFO  c.x.chatbot.service.RestClientPool - RestClient pool at max size (2), returning closest-timeout client for 232ms
15:26:14.783 [pool-55-thread-2] [] INFO  c.x.chatbot.service.RestClientPool - RestClient pool at max size (2), returning closest-timeout client for 29999ms
15:26:14.783 [pool-55-thread-5] [] INFO  c.x.chatbot.service.RestClientPool - RestClient pool at max size (2), returning closest-timeout client for 101ms
15:26:14.783 [pool-55-thread-2] [] INFO  c.x.chatbot.service.RestClientPool - RestClient pool at max size (2), returning closest-timeout client for 163ms
15:26:14.783 [pool-55-thread-3] [] INFO  c.x.chatbot.service.RestClientPool - RestClient pool at max size (2), returning closest-timeout client for 104ms
15:26:14.783 [pool-55-thread-6] [] DEBUG c.x.chatbot.service.RestClientPool - Created new RestClient for timeout 979ms (pool size: 6)
15:26:14.783 [pool-55-thread-7] [] DEBUG c.x.chatbot.service.RestClientPool - Created new RestClient for timeout 412ms (pool size: 6)
15:26:14.783 [pool-55-thread-8] [] DEBUG c.x.chatbot.service.RestClientPool - Created new RestClient for timeout 466ms (pool size: 7)
15:26:14.786 [pool-56-thread-2] [] DEBUG c.x.chatbot.service.RestClientPool - Created new RestClient for timeout 6535ms (pool size: 1)
15:26:14.786 [pool-56-thread-1] [] DEBUG c.x.chatbot.service.RestClientPool - Created new RestClient for timeout 14462ms (pool size: 1)
15:26:14.786 [pool-56-thread-5] [] DEBUG c.x.chatbot.service.RestClientPool - Created new RestClient for timeout 6435ms (pool size: 1)
15:26:14.786 [pool-56-thread-4] [] DEBUG c.x.chatbot.service.RestClientPool - Created new RestClient for timeout 11316ms (pool size: 1)
15:26:14.786 [pool-56-thread-3] [] DEBUG c.x.chatbot.service.RestClientPool - Created new RestClient for timeout 3041ms (pool size: 1)
15:26:14.786 [pool-56-thread-5] [] INFO  c.x.chatbot.service.RestClientPool - RestClient pool at max size (3), returning closest-timeout client for 5121ms
15:26:14.786 [pool-56-thread-8] [] DEBUG c.x.chatbot.service.RestClientPool - Created new RestClient for timeout 5610ms (pool size: 5)
15:26:14.787 [pool-56-thread-1] [] DEBUG c.x.chatbot.service.RestClientPool - Created new RestClient for timeout 7179ms (pool size: 6)
15:26:14.787 [pool-56-thread-6] [] DEBUG c.x.chatbot.service.RestClientPool - Created new RestClient for timeout 212ms (pool size: 7)
15:26:14.787 [pool-56-thread-7] [] DEBUG c.x.chatbot.service.RestClientPool - Created new RestClient for timeout 3777ms (pool size: 8)
15:26:14.787 [pool-56-thread-2] [] DEBUG c.x.chatbot.service.RestClientPool - Created new RestClient for timeout 2455ms (pool size: 8)
15:26:14.789 [pool-57-thread-2] [] DEBUG c.x.chatbot.service.RestClientPool - Created new RestClient for timeout 1068ms (pool size: 1)
15:26:14.789 [pool-57-thread-1] [] DEBUG c.x.chatbot.service.RestClientPool - Created new RestClient for timeout 737ms (pool size: 1)
15:26:14.789 [pool-57-thread-5] [] DEBUG c.x.chatbot.service.RestClientPool - Created new RestClient for timeout 101ms (pool size: 1)
15:26:14.789 [pool-57-thread-3] [] DEBUG c.x.chatbot.service.RestClientPool - Created new RestClient for timeout 14104ms (pool size: 1)
15:26:14.789 [pool-57-thread-4] [] DEBUG c.x.chatbot.service.RestClientPool - Created new RestClient for timeout 131ms (pool size: 1)
15:26:14.793 [pool-58-thread-3] [] DEBUG c.x.chatbot.service.RestClientPool - Created new RestClient for timeout 368ms (pool size: 1)
15:26:14.793 [pool-58-thread-4] [] DEBUG c.x.chatbot.service.RestClientPool - Created new RestClient for timeout 190ms (pool size: 1)
15:26:14.794 [pool-58-thread-1] [] DEBUG c.x.chatbot.service.RestClientPool - Created new RestClient for timeout 2628ms (pool size: 1)
15:26:14.794 [pool-58-thread-6] [] DEBUG c.x.chatbot.service.RestClientPool - Created new RestClient for timeout 201ms (pool size: 4)
15:26:14.794 [pool-58-thread-5] [] DEBUG c.x.chatbot.service.RestClientPool - Created new RestClient for timeout 4986ms (pool size: 4)
15:26:14.795 [pool-58-thread-2] [] DEBUG c.x.chatbot.service.RestClientPool - Created new RestClient for timeout 164ms (pool size: 6)
15:26:14.797 [pool-59-thread-3] [] DEBUG c.x.chatbot.service.RestClientPool - Created new RestClient for timeout 2884ms (pool size: 1)
15:26:14.797 [pool-59-thread-1] [] DEBUG c.x.chatbot.service.RestClientPool - Created new RestClient for timeout 915ms (pool size: 1)
15:26:14.797 [pool-59-thread-5] [] DEBUG c.x.chatbot.service.RestClientPool - Created new RestClient for timeout 103ms (pool size: 1)
15:26:14.797 [pool-59-thread-4] [] DEBUG c.x.chatbot.service.RestClientPool - Created new RestClient for timeout 127ms (pool size: 1)
15:26:14.798 [pool-59-thread-2] [] DEBUG c.x.chatbot.service.RestClientPool - Created new RestClient for timeout 20957ms (pool size: 5)
15:26:14.798 [pool-59-thread-4] [] DEBUG c.x.chatbot.service.RestClientPool - Created new RestClient for timeout 126ms (pool size: 5)
15:26:14.798 [pool-59-thread-8] [] DEBUG c.x.chatbot.service.RestClientPool - Created new RestClient for timeout 441ms (pool size: 5)
15:26:14.798 [pool-59-thread-2] [] INFO  c.x.chatbot.service.RestClientPool - RestClient pool at max size (5), returning closest-timeout client for 200ms
15:26:14.798 [pool-59-thread-6] [] DEBUG c.x.chatbot.service.RestClientPool - Created new RestClient for timeout 507ms (pool size: 6)
15:26:14.799 [pool-59-thread-7] [] DEBUG c.x.chatbot.service.RestClientPool - Created new RestClient for timeout 687ms (pool size: 7)
15:26:14.799 [pool-59-thread-5] [] DEBUG c.x.chatbot.service.RestClientPool - Created new RestClient for timeout 3128ms (pool size: 8)
15:26:14.799 [pool-59-thread-3] [] DEBUG c.x.chatbot.service.RestClientPool - Created new RestClient for timeout 100ms (pool size: 9)
15:26:14.799 [pool-59-thread-1] [] DEBUG c.x.chatbot.service.RestClientPool - Created new RestClient for timeout 541ms (pool size: 10)
15:26:14.802 [pool-60-thread-2] [] DEBUG c.x.chatbot.service.RestClientPool - Created new RestClient for timeout 3249ms (pool size: 1)
15:26:14.802 [pool-60-thread-3] [] DEBUG c.x.chatbot.service.RestClientPool - Created new RestClient for timeout 2932ms (pool size: 1)
15:26:14.802 [pool-60-thread-1] [] DEBUG c.x.chatbot.service.RestClientPool - Created new RestClient for timeout 171ms (pool size: 1)
15:26:14.802 [pool-60-thread-7] [] DEBUG c.x.chatbot.service.RestClientPool - Created new RestClient for timeout 124ms (pool size: 1)
15:26:14.802 [pool-60-thread-4] [] DEBUG c.x.chatbot.service.RestClientPool - Created new RestClient for timeout 6542ms (pool size: 4)
15:26:14.802 [pool-60-thread-5] [] DEBUG c.x.chatbot.service.RestClientPool - Created new RestClient for timeout 4755ms (pool size: 5)
15:26:14.803 [pool-60-thread-3] [] DEBUG c.x.chatbot.service.RestClientPool - Created new RestClient for timeout 218ms (pool size: 5)
15:26:14.803 [pool-60-thread-8] [] INFO  c.x.chatbot.service.RestClientPool - RestClient pool at max size (4), returning closest-timeout client for 101ms
15:26:14.803 [pool-60-thread-2] [] DEBUG c.x.chatbot.service.RestClientPool - Created new RestClient for timeout 7859ms (pool size: 8)
15:26:14.804 [pool-60-thread-6] [] DEBUG c.x.chatbot.service.RestClientPool - Created new RestClient for timeout 115ms (pool size: 9)
15:26:14.806 [pool-61-thread-3] [] DEBUG c.x.chatbot.service.RestClientPool - Created new RestClient for timeout 6494ms (pool size: 1)
15:26:14.806 [pool-61-thread-1] [] DEBUG c.x.chatbot.service.RestClientPool - Created new RestClient for timeout 760ms (pool size: 1)
15:26:14.806 [pool-61-thread-2] [] DEBUG c.x.chatbot.service.RestClientPool - Created new RestClient for timeout 111ms (pool size: 1)
15:26:14.806 [pool-61-thread-8] [] DEBUG c.x.chatbot.service.RestClientPool - Created new RestClient for timeout 1372ms (pool size: 1)
15:26:14.806 [pool-61-thread-5] [] DEBUG c.x.chatbot.service.RestClientPool - Created new RestClient for timeout 107ms (pool size: 1)
15:26:14.807 [pool-61-thread-3] [] INFO  c.x.chatbot.service.RestClientPool - RestClient pool at max size (3), returning closest-timeout client for 30000ms
15:26:14.807 [pool-61-thread-8] [] INFO  c.x.chatbot.service.RestClientPool - RestClient pool at max size (3), returning closest-timeout client for 366ms
15:26:14.807 [pool-61-thread-1] [] INFO  c.x.chatbot.service.RestClientPool - RestClient pool at max size (3), returning closest-timeout client for 1509ms
15:26:14.807 [pool-61-thread-2] [] INFO  c.x.chatbot.service.RestClientPool - RestClient pool at max size (3), returning closest-timeout client for 3016ms
15:26:14.807 [pool-61-thread-6] [] DEBUG c.x.chatbot.service.RestClientPool - Created new RestClient for timeout 3396ms (pool size: 6)
15:26:14.807 [pool-61-thread-4] [] DEBUG c.x.chatbot.service.RestClientPool - Created new RestClient for timeout 29999ms (pool size: 7)
15:26:14.807 [pool-61-thread-7] [] DEBUG c.x.chatbot.service.RestClientPool - Created new RestClient for timeout 324ms (pool size: 7)
15:26:14.812 [pool-62-thread-3] [] DEBUG c.x.chatbot.service.RestClientPool - Created new RestClient for timeout 268ms (pool size: 1)
15:26:14.812 [pool-62-thread-2] [] DEBUG c.x.chatbot.service.RestClientPool - Created new RestClient for timeout 102ms (pool size: 1)
15:26:14.813 [pool-62-thread-7] [] DEBUG c.x.chatbot.service.RestClientPool - Created new RestClient for timeout 100ms (pool size: 1)
15:26:14.813 [pool-62-thread-4] [] DEBUG c.x.chatbot.service.RestClientPool - Created new RestClient for timeout 264ms (pool size: 1)
15:26:14.813 [pool-62-thread-1] [] DEBUG c.x.chatbot.service.RestClientPool - Created new RestClient for timeout 1129ms (pool size: 5)
15:26:14.813 [pool-62-thread-6] [] DEBUG c.x.chatbot.service.RestClientPool - Created new RestClient for timeout 177ms (pool size: 5)
15:26:14.813 [pool-62-thread-7] [] DEBUG c.x.chatbot.service.RestClientPool - Created new RestClient for timeout 964ms (pool size: 5)
15:26:14.814 [pool-62-thread-2] [] DEBUG c.x.chatbot.service.RestClientPool - Created new RestClient for timeout 140ms (pool size: 7)
15:26:14.814 [pool-62-thread-5] [] DEBUG c.x.chatbot.service.RestClientPool - Created new RestClient for timeout 1945ms (pool size: 9)
15:26:14.814 [pool-62-thread-8] [] DEBUG c.x.chatbot.service.RestClientPool - Created new RestClient for timeout 188ms (pool size: 9)
15:26:14.817 [pool-63-thread-2] [] DEBUG c.x.chatbot.service.RestClientPool - Created new RestClient for timeout 101ms (pool size: 1)
15:26:14.817 [pool-63-thread-4] [] DEBUG c.x.chatbot.service.RestClientPool - Created new RestClient for timeout 129ms (pool size: 1)
15:26:14.817 [pool-63-thread-1] [] DEBUG c.x.chatbot.service.RestClientPool - Created new RestClient for timeout 2759ms (pool size: 1)
15:26:14.817 [pool-63-thread-3] [] DEBUG c.x.chatbot.service.RestClientPool - Created new RestClient for timeout 20413ms (pool size: 3)
15:26:14.817 [pool-63-thread-5] [] DEBUG c.x.chatbot.service.RestClientPool - Created new RestClient for timeout 19721ms (pool size: 3)
timestamp = 2026-06-30T15:26:14.817733800, RestClientPoolTest:concurrentAccessNeverCrashesAndReturnsValidClients = 
                              |-----------------------jqwik-----------------------
tries = 50                    | # of calls to property
checks = 50                   | # of not rejected calls
generation = RANDOMIZED       | parameters are randomly generated
after-failure = SAMPLE_FIRST  | try previously failed sample, then previous seed
when-fixed-seed = ALLOW       | fixing the random seed is allowed
edge-cases#mode = MIXIN       | edge cases are mixed in
edge-cases#total = 0          | # of all combined edge cases
edge-cases#tried = 0          | # of edge cases tried in current run
seed = -8267133272604804332   | random seed to reproduce generated values


]]></system-out>
  </testcase>
  <testcase name="poolAtCapacityStillReturnsClient" classname="com.xpressbees.chatbot.service.RestClientPoolTest" time="0.233">
    <system-out><![CDATA[15:26:14.820 [main] [] DEBUG c.x.chatbot.service.RestClientPool - Created new RestClient for timeout 1000ms (pool size: 1)
15:26:14.820 [main] [] DEBUG c.x.chatbot.service.RestClientPool - Created new RestClient for timeout 2000ms (pool size: 2)
15:26:14.820 [main] [] DEBUG c.x.chatbot.service.RestClientPool - Created new RestClient for timeout 3000ms (pool size: 3)
15:26:14.820 [main] [] DEBUG c.x.chatbot.service.RestClientPool - Created new RestClient for timeout 4000ms (pool size: 4)
15:26:14.826 [main] [] DEBUG c.x.chatbot.service.RestClientPool - Created new RestClient for timeout 5000ms (pool size: 5)
15:26:14.826 [main] [] INFO  c.x.chatbot.service.RestClientPool - RestClient pool at max size (5), returning closest-timeout client for 99999ms
15:26:14.828 [main] [] DEBUG c.x.chatbot.service.RestClientPool - Created new RestClient for timeout 1000ms (pool size: 1)
15:26:14.829 [main] [] DEBUG c.x.chatbot.service.RestClientPool - Created new RestClient for timeout 2000ms (pool size: 2)
15:26:14.830 [main] [] DEBUG c.x.chatbot.service.RestClientPool - Created new RestClient for timeout 3000ms (pool size: 3)
15:26:14.830 [main] [] DEBUG c.x.chatbot.service.RestClientPool - Created new RestClient for timeout 4000ms (pool size: 4)
15:26:14.830 [main] [] DEBUG c.x.chatbot.service.RestClientPool - Created new RestClient for timeout 5000ms (pool size: 5)
15:26:14.830 [main] [] INFO  c.x.chatbot.service.RestClientPool - RestClient pool at max size (5), returning closest-timeout client for 99999ms
15:26:14.832 [main] [] DEBUG c.x.chatbot.service.RestClientPool - Created new RestClient for timeout 1000ms (pool size: 1)
15:26:14.832 [main] [] INFO  c.x.chatbot.service.RestClientPool - RestClient pool at max size (1), returning closest-timeout client for 99999ms
15:26:14.832 [main] [] DEBUG c.x.chatbot.service.RestClientPool - Created new RestClient for timeout 1000ms (pool size: 1)
15:26:14.832 [main] [] INFO  c.x.chatbot.service.RestClientPool - RestClient pool at max size (1), returning closest-timeout client for 99999ms
15:26:14.832 [main] [] DEBUG c.x.chatbot.service.RestClientPool - Created new RestClient for timeout 1000ms (pool size: 1)
15:26:14.832 [main] [] DEBUG c.x.chatbot.service.RestClientPool - Created new RestClient for timeout 2000ms (pool size: 2)
15:26:14.832 [main] [] INFO  c.x.chatbot.service.RestClientPool - RestClient pool at max size (2), returning closest-timeout client for 99999ms
15:26:14.832 [main] [] DEBUG c.x.chatbot.service.RestClientPool - Created new RestClient for timeout 1000ms (pool size: 1)
15:26:14.832 [main] [] DEBUG c.x.chatbot.service.RestClientPool - Created new RestClient for timeout 2000ms (pool size: 2)
15:26:14.832 [main] [] DEBUG c.x.chatbot.service.RestClientPool - Created new RestClient for timeout 3000ms (pool size: 3)
15:26:14.832 [main] [] DEBUG c.x.chatbot.service.RestClientPool - Created new RestClient for timeout 4000ms (pool size: 4)
15:26:14.832 [main] [] INFO  c.x.chatbot.service.RestClientPool - RestClient pool at max size (4), returning closest-timeout client for 99999ms
15:26:14.832 [main] [] DEBUG c.x.chatbot.service.RestClientPool - Created new RestClient for timeout 1000ms (pool size: 1)
15:26:14.841 [main] [] DEBUG c.x.chatbot.service.RestClientPool - Created new RestClient for timeout 2000ms (pool size: 2)
15:26:14.843 [main] [] DEBUG c.x.chatbot.service.RestClientPool - Created new RestClient for timeout 3000ms (pool size: 3)
15:26:14.845 [main] [] DEBUG c.x.chatbot.service.RestClientPool - Created new RestClient for timeout 4000ms (pool size: 4)
15:26:14.845 [main] [] DEBUG c.x.chatbot.service.RestClientPool - Created new RestClient for timeout 5000ms (pool size: 5)
15:26:14.845 [main] [] INFO  c.x.chatbot.service.RestClientPool - RestClient pool at max size (5), returning closest-timeout client for 99999ms
15:26:14.845 [main] [] DEBUG c.x.chatbot.service.RestClientPool - Created new RestClient for timeout 1000ms (pool size: 1)
15:26:14.845 [main] [] DEBUG c.x.chatbot.service.RestClientPool - Created new RestClient for timeout 2000ms (pool size: 2)
15:26:14.845 [main] [] DEBUG c.x.chatbot.service.RestClientPool - Created new RestClient for timeout 3000ms (pool size: 3)
15:26:14.845 [main] [] DEBUG c.x.chatbot.service.RestClientPool - Created new RestClient for timeout 4000ms (pool size: 4)
15:26:14.845 [main] [] DEBUG c.x.chatbot.service.RestClientPool - Created new RestClient for timeout 5000ms (pool size: 5)
15:26:14.845 [main] [] INFO  c.x.chatbot.service.RestClientPool - RestClient pool at max size (5), returning closest-timeout client for 99999ms
15:26:14.845 [main] [] DEBUG c.x.chatbot.service.RestClientPool - Created new RestClient for timeout 1000ms (pool size: 1)
15:26:14.850 [main] [] DEBUG c.x.chatbot.service.RestClientPool - Created new RestClient for timeout 2000ms (pool size: 2)
15:26:14.850 [main] [] DEBUG c.x.chatbot.service.RestClientPool - Created new RestClient for timeout 3000ms (pool size: 3)
15:26:14.850 [main] [] INFO  c.x.chatbot.service.RestClientPool - RestClient pool at max size (3), returning closest-timeout client for 99999ms
15:26:14.850 [main] [] DEBUG c.x.chatbot.service.RestClientPool - Created new RestClient for timeout 1000ms (pool size: 1)
15:26:14.850 [main] [] DEBUG c.x.chatbot.service.RestClientPool - Created new RestClient for timeout 2000ms (pool size: 2)
15:26:14.850 [main] [] INFO  c.x.chatbot.service.RestClientPool - RestClient pool at max size (2), returning closest-timeout client for 99999ms
15:26:14.850 [main] [] DEBUG c.x.chatbot.service.RestClientPool - Created new RestClient for timeout 1000ms (pool size: 1)
15:26:14.850 [main] [] DEBUG c.x.chatbot.service.RestClientPool - Created new RestClient for timeout 2000ms (pool size: 2)
15:26:14.850 [main] [] INFO  c.x.chatbot.service.RestClientPool - RestClient pool at max size (2), returning closest-timeout client for 99999ms
15:26:14.850 [main] [] DEBUG c.x.chatbot.service.RestClientPool - Created new RestClient for timeout 1000ms (pool size: 1)
15:26:14.850 [main] [] DEBUG c.x.chatbot.service.RestClientPool - Created new RestClient for timeout 2000ms (pool size: 2)
15:26:14.850 [main] [] DEBUG c.x.chatbot.service.RestClientPool - Created new RestClient for timeout 3000ms (pool size: 3)
15:26:14.850 [main] [] INFO  c.x.chatbot.service.RestClientPool - RestClient pool at max size (3), returning closest-timeout client for 99999ms
15:26:14.850 [main] [] DEBUG c.x.chatbot.service.RestClientPool - Created new RestClient for timeout 1000ms (pool size: 1)
15:26:14.856 [main] [] INFO  c.x.chatbot.service.RestClientPool - RestClient pool at max size (1), returning closest-timeout client for 99999ms
15:26:14.856 [main] [] DEBUG c.x.chatbot.service.RestClientPool - Created new RestClient for timeout 1000ms (pool size: 1)
15:26:14.856 [main] [] DEBUG c.x.chatbot.service.RestClientPool - Created new RestClient for timeout 2000ms (pool size: 2)
15:26:14.856 [main] [] DEBUG c.x.chatbot.service.RestClientPool - Created new RestClient for timeout 3000ms (pool size: 3)
15:26:14.856 [main] [] INFO  c.x.chatbot.service.RestClientPool - RestClient pool at max size (3), returning closest-timeout client for 99999ms
15:26:14.860 [main] [] DEBUG c.x.chatbot.service.RestClientPool - Created new RestClient for timeout 1000ms (pool size: 1)
15:26:14.861 [main] [] DEBUG c.x.chatbot.service.RestClientPool - Created new RestClient for timeout 2000ms (pool size: 2)
15:26:14.862 [main] [] INFO  c.x.chatbot.service.RestClientPool - RestClient pool at max size (2), returning closest-timeout client for 99999ms
15:26:14.862 [main] [] DEBUG c.x.chatbot.service.RestClientPool - Created new RestClient for timeout 1000ms (pool size: 1)
15:26:14.862 [main] [] DEBUG c.x.chatbot.service.RestClientPool - Created new RestClient for timeout 2000ms (pool size: 2)
15:26:14.862 [main] [] DEBUG c.x.chatbot.service.RestClientPool - Created new RestClient for timeout 3000ms (pool size: 3)
15:26:14.862 [main] [] DEBUG c.x.chatbot.service.RestClientPool - Created new RestClient for timeout 4000ms (pool size: 4)
15:26:14.862 [main] [] DEBUG c.x.chatbot.service.RestClientPool - Created new RestClient for timeout 5000ms (pool size: 5)
15:26:14.862 [main] [] INFO  c.x.chatbot.service.RestClientPool - RestClient pool at max size (5), returning closest-timeout client for 99999ms
15:26:14.862 [main] [] DEBUG c.x.chatbot.service.RestClientPool - Created new RestClient for timeout 1000ms (pool size: 1)
15:26:14.862 [main] [] DEBUG c.x.chatbot.service.RestClientPool - Created new RestClient for timeout 2000ms (pool size: 2)
15:26:14.862 [main] [] DEBUG c.x.chatbot.service.RestClientPool - Created new RestClient for timeout 3000ms (pool size: 3)
15:26:14.862 [main] [] DEBUG c.x.chatbot.service.RestClientPool - Created new RestClient for timeout 4000ms (pool size: 4)
15:26:14.862 [main] [] INFO  c.x.chatbot.service.RestClientPool - RestClient pool at max size (4), returning closest-timeout client for 99999ms
15:26:14.862 [main] [] DEBUG c.x.chatbot.service.RestClientPool - Created new RestClient for timeout 1000ms (pool size: 1)
15:26:14.862 [main] [] DEBUG c.x.chatbot.service.RestClientPool - Created new RestClient for timeout 2000ms (pool size: 2)
15:26:14.862 [main] [] DEBUG c.x.chatbot.service.RestClientPool - Created new RestClient for timeout 3000ms (pool size: 3)
15:26:14.870 [main] [] DEBUG c.x.chatbot.service.RestClientPool - Created new RestClient for timeout 4000ms (pool size: 4)
15:26:14.870 [main] [] DEBUG c.x.chatbot.service.RestClientPool - Created new RestClient for timeout 5000ms (pool size: 5)
15:26:14.870 [main] [] INFO  c.x.chatbot.service.RestClientPool - RestClient pool at max size (5), returning closest-timeout client for 99999ms
15:26:14.870 [main] [] DEBUG c.x.chatbot.service.RestClientPool - Created new RestClient for timeout 1000ms (pool size: 1)
15:26:14.872 [main] [] INFO  c.x.chatbot.service.RestClientPool - RestClient pool at max size (1), returning closest-timeout client for 99999ms
15:26:14.874 [main] [] DEBUG c.x.chatbot.service.RestClientPool - Created new RestClient for timeout 1000ms (pool size: 1)
15:26:14.877 [main] [] DEBUG c.x.chatbot.service.RestClientPool - Created new RestClient for timeout 2000ms (pool size: 2)
15:26:14.879 [main] [] DEBUG c.x.chatbot.service.RestClientPool - Created new RestClient for timeout 3000ms (pool size: 3)
15:26:14.879 [main] [] INFO  c.x.chatbot.service.RestClientPool - RestClient pool at max size (3), returning closest-timeout client for 99999ms
15:26:14.880 [main] [] DEBUG c.x.chatbot.service.RestClientPool - Created new RestClient for timeout 1000ms (pool size: 1)
15:26:14.880 [main] [] DEBUG c.x.chatbot.service.RestClientPool - Created new RestClient for timeout 2000ms (pool size: 2)
15:26:14.880 [main] [] DEBUG c.x.chatbot.service.RestClientPool - Created new RestClient for timeout 3000ms (pool size: 3)
15:26:14.880 [main] [] INFO  c.x.chatbot.service.RestClientPool - RestClient pool at max size (3), returning closest-timeout client for 99999ms
15:26:14.880 [main] [] DEBUG c.x.chatbot.service.RestClientPool - Created new RestClient for timeout 1000ms (pool size: 1)
15:26:14.880 [main] [] DEBUG c.x.chatbot.service.RestClientPool - Created new RestClient for timeout 2000ms (pool size: 2)
15:26:14.880 [main] [] DEBUG c.x.chatbot.service.RestClientPool - Created new RestClient for timeout 3000ms (pool size: 3)
[...]
15:26:15.283 [main] [] INFO  c.x.chatbot.service.RestClientPool - RestClient pool at max size (5), returning closest-timeout client for 174ms
15:26:15.283 [main] [] DEBUG c.x.chatbot.service.RestClientPool - Created new RestClient for timeout 18707ms (pool size: 1)
15:26:15.283 [main] [] DEBUG c.x.chatbot.service.RestClientPool - Created new RestClient for timeout 29695ms (pool size: 2)
15:26:15.283 [main] [] DEBUG c.x.chatbot.service.RestClientPool - Created new RestClient for timeout 212ms (pool size: 3)
15:26:15.283 [main] [] DEBUG c.x.chatbot.service.RestClientPool - Created new RestClient for timeout 450ms (pool size: 4)
15:26:15.283 [main] [] DEBUG c.x.chatbot.service.RestClientPool - Created new RestClient for timeout 106ms (pool size: 5)
15:26:15.283 [main] [] INFO  c.x.chatbot.service.RestClientPool - RestClient pool at max size (5), returning closest-timeout client for 464ms
15:26:15.283 [main] [] INFO  c.x.chatbot.service.RestClientPool - RestClient pool at max size (5), returning closest-timeout client for 3886ms
15:26:15.283 [main] [] INFO  c.x.chatbot.service.RestClientPool - RestClient pool at max size (5), returning closest-timeout client for 208ms
15:26:15.283 [main] [] INFO  c.x.chatbot.service.RestClientPool - RestClient pool at max size (5), returning closest-timeout client for 132ms
15:26:15.283 [main] [] INFO  c.x.chatbot.service.RestClientPool - RestClient pool at max size (5), returning closest-timeout client for 410ms
15:26:15.291 [main] [] DEBUG c.x.chatbot.service.RestClientPool - Created new RestClient for timeout 2491ms (pool size: 1)
15:26:15.293 [main] [] DEBUG c.x.chatbot.service.RestClientPool - Created new RestClient for timeout 601ms (pool size: 2)
15:26:15.294 [main] [] INFO  c.x.chatbot.service.RestClientPool - RestClient pool at max size (2), returning closest-timeout client for 415ms
15:26:15.294 [main] [] INFO  c.x.chatbot.service.RestClientPool - RestClient pool at max size (2), returning closest-timeout client for 1113ms
15:26:15.294 [main] [] INFO  c.x.chatbot.service.RestClientPool - RestClient pool at max size (2), returning closest-timeout client for 965ms
15:26:15.294 [main] [] INFO  c.x.chatbot.service.RestClientPool - RestClient pool at max size (2), returning closest-timeout client for 112ms
15:26:15.294 [main] [] INFO  c.x.chatbot.service.RestClientPool - RestClient pool at max size (2), returning closest-timeout client for 100ms
15:26:15.294 [main] [] INFO  c.x.chatbot.service.RestClientPool - RestClient pool at max size (2), returning closest-timeout client for 7823ms
15:26:15.294 [main] [] INFO  c.x.chatbot.service.RestClientPool - RestClient pool at max size (2), returning closest-timeout client for 1505ms
15:26:15.294 [main] [] INFO  c.x.chatbot.service.RestClientPool - RestClient pool at max size (2), returning closest-timeout client for 189ms
15:26:15.294 [main] [] INFO  c.x.chatbot.service.RestClientPool - RestClient pool at max size (2), returning closest-timeout client for 374ms
15:26:15.294 [main] [] INFO  c.x.chatbot.service.RestClientPool - RestClient pool at max size (2), returning closest-timeout client for 466ms
15:26:15.294 [main] [] INFO  c.x.chatbot.service.RestClientPool - RestClient pool at max size (2), returning closest-timeout client for 231ms
15:26:15.294 [main] [] INFO  c.x.chatbot.service.RestClientPool - RestClient pool at max size (2), returning closest-timeout client for 734ms
15:26:15.294 [main] [] INFO  c.x.chatbot.service.RestClientPool - RestClient pool at max size (2), returning closest-timeout client for 11937ms
15:26:15.294 [main] [] INFO  c.x.chatbot.service.RestClientPool - RestClient pool at max size (2), returning closest-timeout client for 598ms
15:26:15.294 [main] [] INFO  c.x.chatbot.service.RestClientPool - RestClient pool at max size (2), returning closest-timeout client for 434ms
15:26:15.294 [main] [] INFO  c.x.chatbot.service.RestClientPool - RestClient pool at max size (2), returning closest-timeout client for 7874ms
15:26:15.294 [main] [] INFO  c.x.chatbot.service.RestClientPool - RestClient pool at max size (2), returning closest-timeout client for 106ms
15:26:15.295 [main] [] DEBUG c.x.chatbot.service.RestClientPool - Created new RestClient for timeout 2065ms (pool size: 1)
15:26:15.295 [main] [] DEBUG c.x.chatbot.service.RestClientPool - Created new RestClient for timeout 132ms (pool size: 2)
15:26:15.295 [main] [] INFO  c.x.chatbot.service.RestClientPool - RestClient pool at max size (2), returning closest-timeout client for 5863ms
15:26:15.295 [main] [] INFO  c.x.chatbot.service.RestClientPool - RestClient pool at max size (2), returning closest-timeout client for 117ms
15:26:15.295 [main] [] INFO  c.x.chatbot.service.RestClientPool - RestClient pool at max size (2), returning closest-timeout client for 116ms
15:26:15.295 [main] [] INFO  c.x.chatbot.service.RestClientPool - RestClient pool at max size (2), returning closest-timeout client for 674ms
15:26:15.295 [main] [] INFO  c.x.chatbot.service.RestClientPool - RestClient pool at max size (2), returning closest-timeout client for 313ms
15:26:15.295 [main] [] INFO  c.x.chatbot.service.RestClientPool - RestClient pool at max size (2), returning closest-timeout client for 4981ms
15:26:15.295 [main] [] INFO  c.x.chatbot.service.RestClientPool - RestClient pool at max size (2), returning closest-timeout client for 7785ms
15:26:15.295 [main] [] INFO  c.x.chatbot.service.RestClientPool - RestClient pool at max size (2), returning closest-timeout client for 190ms
15:26:15.295 [main] [] INFO  c.x.chatbot.service.RestClientPool - RestClient pool at max size (2), returning closest-timeout client for 5633ms
15:26:15.297 [main] [] DEBUG c.x.chatbot.service.RestClientPool - Created new RestClient for timeout 1582ms (pool size: 1)
15:26:15.297 [main] [] DEBUG c.x.chatbot.service.RestClientPool - Created new RestClient for timeout 29999ms (pool size: 2)
15:26:15.297 [main] [] INFO  c.x.chatbot.service.RestClientPool - RestClient pool at max size (2), returning closest-timeout client for 189ms
15:26:15.297 [main] [] INFO  c.x.chatbot.service.RestClientPool - RestClient pool at max size (2), returning closest-timeout client for 900ms
15:26:15.297 [main] [] INFO  c.x.chatbot.service.RestClientPool - RestClient pool at max size (2), returning closest-timeout client for 145ms
15:26:15.297 [main] [] INFO  c.x.chatbot.service.RestClientPool - RestClient pool at max size (2), returning closest-timeout client for 218ms
15:26:15.297 [main] [] INFO  c.x.chatbot.service.RestClientPool - RestClient pool at max size (2), returning closest-timeout client for 123ms
15:26:15.297 [main] [] INFO  c.x.chatbot.service.RestClientPool - RestClient pool at max size (2), returning closest-timeout client for 7174ms
15:26:15.297 [main] [] INFO  c.x.chatbot.service.RestClientPool - RestClient pool at max size (2), returning closest-timeout client for 110ms
15:26:15.297 [main] [] INFO  c.x.chatbot.service.RestClientPool - RestClient pool at max size (2), returning closest-timeout client for 126ms
15:26:15.297 [main] [] DEBUG c.x.chatbot.service.RestClientPool - Created new RestClient for timeout 101ms (pool size: 1)
15:26:15.297 [main] [] DEBUG c.x.chatbot.service.RestClientPool - Created new RestClient for timeout 175ms (pool size: 2)
15:26:15.297 [main] [] DEBUG c.x.chatbot.service.RestClientPool - Created new RestClient for timeout 29999ms (pool size: 3)
15:26:15.297 [main] [] DEBUG c.x.chatbot.service.RestClientPool - Created new RestClient for timeout 1066ms (pool size: 4)
15:26:15.297 [main] [] INFO  c.x.chatbot.service.RestClientPool - RestClient pool at max size (4), returning closest-timeout client for 4334ms
15:26:15.297 [main] [] INFO  c.x.chatbot.service.RestClientPool - RestClient pool at max size (4), returning closest-timeout client for 203ms
15:26:15.297 [main] [] INFO  c.x.chatbot.service.RestClientPool - RestClient pool at max size (4), returning closest-timeout client for 1141ms
15:26:15.297 [main] [] INFO  c.x.chatbot.service.RestClientPool - RestClient pool at max size (4), returning closest-timeout client for 108ms
15:26:15.297 [main] [] INFO  c.x.chatbot.service.RestClientPool - RestClient pool at max size (4), returning closest-timeout client for 154ms
15:26:15.297 [main] [] INFO  c.x.chatbot.service.RestClientPool - RestClient pool at max size (4), returning closest-timeout client for 19455ms
15:26:15.297 [main] [] INFO  c.x.chatbot.service.RestClientPool - RestClient pool at max size (4), returning closest-timeout client for 6875ms
15:26:15.297 [main] [] INFO  c.x.chatbot.service.RestClientPool - RestClient pool at max size (4), returning closest-timeout client for 106ms
15:26:15.297 [main] [] INFO  c.x.chatbot.service.RestClientPool - RestClient pool at max size (4), returning closest-timeout client for 111ms
15:26:15.297 [main] [] INFO  c.x.chatbot.service.RestClientPool - RestClient pool at max size (4), returning closest-timeout client for 1178ms
15:26:15.297 [main] [] INFO  c.x.chatbot.service.RestClientPool - RestClient pool at max size (4), returning closest-timeout client for 8840ms
15:26:15.297 [main] [] INFO  c.x.chatbot.service.RestClientPool - RestClient pool at max size (4), returning closest-timeout client for 107ms
15:26:15.297 [main] [] INFO  c.x.chatbot.service.RestClientPool - RestClient pool at max size (4), returning closest-timeout client for 268ms
15:26:15.297 [main] [] INFO  c.x.chatbot.service.RestClientPool - RestClient pool at max size (4), returning closest-timeout client for 4993ms
15:26:15.297 [main] [] INFO  c.x.chatbot.service.RestClientPool - RestClient pool at max size (4), returning closest-timeout client for 1229ms
15:26:15.297 [main] [] INFO  c.x.chatbot.service.RestClientPool - RestClient pool at max size (4), returning closest-timeout client for 209ms
15:26:15.297 [main] [] DEBUG c.x.chatbot.service.RestClientPool - Created new RestClient for timeout 1134ms (pool size: 1)
15:26:15.297 [main] [] DEBUG c.x.chatbot.service.RestClientPool - Created new RestClient for timeout 1732ms (pool size: 2)
15:26:15.297 [main] [] DEBUG c.x.chatbot.service.RestClientPool - Created new RestClient for timeout 7893ms (pool size: 3)
15:26:15.297 [main] [] INFO  c.x.chatbot.service.RestClientPool - RestClient pool at max size (3), returning closest-timeout client for 160ms
15:26:15.297 [main] [] INFO  c.x.chatbot.service.RestClientPool - RestClient pool at max size (3), returning closest-timeout client for 3829ms
15:26:15.297 [main] [] INFO  c.x.chatbot.service.RestClientPool - RestClient pool at max size (3), returning closest-timeout client for 106ms
15:26:15.297 [main] [] INFO  c.x.chatbot.service.RestClientPool - RestClient pool at max size (3), returning closest-timeout client for 206ms
15:26:15.297 [main] [] INFO  c.x.chatbot.service.RestClientPool - RestClient pool at max size (3), returning closest-timeout client for 295ms
15:26:15.297 [main] [] INFO  c.x.chatbot.service.RestClientPool - RestClient pool at max size (3), returning closest-timeout client for 100ms
15:26:15.297 [main] [] INFO  c.x.chatbot.service.RestClientPool - RestClient pool at max size (3), returning closest-timeout client for 3961ms
15:26:15.297 [main] [] INFO  c.x.chatbot.service.RestClientPool - RestClient pool at max size (3), returning closest-timeout client for 161ms
15:26:15.297 [main] [] INFO  c.x.chatbot.service.RestClientPool - RestClient pool at max size (3), returning closest-timeout client for 962ms
15:26:15.297 [main] [] INFO  c.x.chatbot.service.RestClientPool - RestClient pool at max size (3), returning closest-timeout client for 5112ms
15:26:15.297 [main] [] INFO  c.x.chatbot.service.RestClientPool - RestClient pool at max size (3), returning closest-timeout client for 29999ms
15:26:15.297 [main] [] INFO  c.x.chatbot.service.RestClientPool - RestClient pool at max size (3), returning closest-timeout client for 101ms
15:26:15.297 [main] [] DEBUG c.x.chatbot.service.RestClientPool - Created new RestClient for timeout 21091ms (pool size: 1)
15:26:15.297 [main] [] DEBUG c.x.chatbot.service.RestClientPool - Created new RestClient for timeout 638ms (pool size: 2)
15:26:15.297 [main] [] INFO  c.x.chatbot.service.RestClientPool - RestClient pool at max size (2), returning closest-timeout client for 114ms
15:26:15.297 [main] [] INFO  c.x.chatbot.service.RestClientPool - RestClient pool at max size (2), returning closest-timeout client for 352ms
15:26:15.297 [main] [] INFO  c.x.chatbot.service.RestClientPool - RestClient pool at max size (2), returning closest-timeout client for 691ms
15:26:15.297 [main] [] INFO  c.x.chatbot.service.RestClientPool - RestClient pool at max size (2), returning closest-timeout client for 8228ms
15:26:15.297 [main] [] INFO  c.x.chatbot.service.RestClientPool - RestClient pool at max size (2), returning closest-timeout client for 134ms
15:26:15.297 [main] [] INFO  c.x.chatbot.service.RestClientPool - RestClient pool at max size (2), returning closest-timeout client for 113ms
15:26:15.297 [main] [] DEBUG c.x.chatbot.service.RestClientPool - Created new RestClient for timeout 10470ms (pool size: 1)
15:26:15.297 [main] [] DEBUG c.x.chatbot.service.RestClientPool - Created new RestClient for timeout 235ms (pool size: 2)
15:26:15.297 [main] [] INFO  c.x.chatbot.service.RestClientPool - RestClient pool at max size (2), returning closest-timeout client for 761ms
15:26:15.297 [main] [] INFO  c.x.chatbot.service.RestClientPool - RestClient pool at max size (2), returning closest-timeout client for 565ms
15:26:15.297 [main] [] INFO  c.x.chatbot.service.RestClientPool - RestClient pool at max size (2), returning closest-timeout client for 112ms
15:26:15.297 [main] [] INFO  c.x.chatbot.service.RestClientPool - RestClient pool at max size (2), returning closest-timeout client for 262ms
15:26:15.297 [main] [] INFO  c.x.chatbot.service.RestClientPool - RestClient pool at max size (2), returning closest-timeout client for 17252ms
15:26:15.297 [main] [] INFO  c.x.chatbot.service.RestClientPool - RestClient pool at max size (2), returning closest-timeout client for 322ms
15:26:15.297 [main] [] INFO  c.x.chatbot.service.RestClientPool - RestClient pool at max size (2), returning closest-timeout client for 210ms
15:26:15.297 [main] [] INFO  c.x.chatbot.service.RestClientPool - RestClient pool at max size (2), returning closest-timeout client for 30000ms
15:26:15.297 [main] [] INFO  c.x.chatbot.service.RestClientPool - RestClient pool at max size (2), returning closest-timeout client for 422ms
15:26:15.297 [main] [] INFO  c.x.chatbot.service.RestClientPool - RestClient pool at max size (2), returning closest-timeout client for 8603ms
15:26:15.297 [main] [] DEBUG c.x.chatbot.service.RestClientPool - Created new RestClient for timeout 8600ms (pool size: 1)
15:26:15.297 [main] [] DEBUG c.x.chatbot.service.RestClientPool - Created new RestClient for timeout 3228ms (pool size: 2)
15:26:15.297 [main] [] DEBUG c.x.chatbot.service.RestClientPool - Created new RestClient for timeout 29999ms (pool size: 3)
15:26:15.297 [main] [] DEBUG c.x.chatbot.service.RestClientPool - Created new RestClient for timeout 205ms (pool size: 4)
15:26:15.297 [main] [] DEBUG c.x.chatbot.service.RestClientPool - Created new RestClient for timeout 203ms (pool size: 5)
15:26:15.297 [main] [] INFO  c.x.chatbot.service.RestClientPool - RestClient pool at max size (5), returning closest-timeout client for 1317ms
15:26:15.297 [main] [] INFO  c.x.chatbot.service.RestClientPool - RestClient pool at max size (5), returning closest-timeout client for 126ms
15:26:15.297 [main] [] INFO  c.x.chatbot.service.RestClientPool - RestClient pool at max size (5), returning closest-timeout client for 1113ms
15:26:15.297 [main] [] INFO  c.x.chatbot.service.RestClientPool - RestClient pool at max size (5), returning closest-timeout client for 1018ms
15:26:15.297 [main] [] INFO  c.x.chatbot.service.RestClientPool - RestClient pool at max size (5), returning closest-timeout client for 166ms
15:26:15.297 [main] [] DEBUG c.x.chatbot.service.RestClientPool - Created new RestClient for timeout 7965ms (pool size: 1)
15:26:15.297 [main] [] INFO  c.x.chatbot.service.RestClientPool - RestClient pool at max size (1), returning closest-timeout client for 154ms
15:26:15.297 [main] [] INFO  c.x.chatbot.service.RestClientPool - RestClient pool at max size (1), returning closest-timeout client for 30000ms
15:26:15.297 [main] [] INFO  c.x.chatbot.service.RestClientPool - RestClient pool at max size (1), returning closest-timeout client for 104ms
15:26:15.297 [main] [] INFO  c.x.chatbot.service.RestClientPool - RestClient pool at max size (1), returning closest-timeout client for 396ms
15:26:15.297 [main] [] INFO  c.x.chatbot.service.RestClientPool - RestClient pool at max size (1), returning closest-timeout client for 148ms
15:26:15.297 [main] [] INFO  c.x.chatbot.service.RestClientPool - RestClient pool at max size (1), returning closest-timeout client for 101ms
15:26:15.297 [main] [] INFO  c.x.chatbot.service.RestClientPool - RestClient pool at max size (1), returning closest-timeout client for 137ms
15:26:15.297 [main] [] DEBUG c.x.chatbot.service.RestClientPool - Created new RestClient for timeout 105ms (pool size: 1)
15:26:15.297 [main] [] INFO  c.x.chatbot.service.RestClientPool - RestClient pool at max size (1), returning closest-timeout client for 134ms
15:26:15.297 [main] [] INFO  c.x.chatbot.service.RestClientPool - RestClient pool at max size (1), returning closest-timeout client for 144ms
15:26:15.297 [main] [] INFO  c.x.chatbot.service.RestClientPool - RestClient pool at max size (1), returning closest-timeout client for 135ms
15:26:15.297 [main] [] INFO  c.x.chatbot.service.RestClientPool - RestClient pool at max size (1), returning closest-timeout client for 6837ms
15:26:15.297 [main] [] INFO  c.x.chatbot.service.RestClientPool - RestClient pool at max size (1), returning closest-timeout client for 8891ms
15:26:15.297 [main] [] INFO  c.x.chatbot.service.RestClientPool - RestClient pool at max size (1), returning closest-timeout client for 8303ms
15:26:15.297 [main] [] INFO  c.x.chatbot.service.RestClientPool - RestClient pool at max size (1), returning closest-timeout client for 169ms
15:26:15.308 [main] [] DEBUG c.x.chatbot.service.RestClientPool - Created new RestClient for timeout 365ms (pool size: 1)
15:26:15.310 [main] [] DEBUG c.x.chatbot.service.RestClientPool - Created new RestClient for timeout 172ms (pool size: 2)
15:26:15.311 [main] [] DEBUG c.x.chatbot.service.RestClientPool - Created new RestClient for timeout 7143ms (pool size: 3)
15:26:15.311 [main] [] INFO  c.x.chatbot.service.RestClientPool - RestClient pool at max size (3), returning closest-timeout client for 6893ms
15:26:15.311 [main] [] INFO  c.x.chatbot.service.RestClientPool - RestClient pool at max size (3), returning closest-timeout client for 201ms
15:26:15.311 [main] [] INFO  c.x.chatbot.service.RestClientPool - RestClient pool at max size (3), returning closest-timeout client for 111ms
15:26:15.311 [main] [] INFO  c.x.chatbot.service.RestClientPool - RestClient pool at max size (3), returning closest-timeout client for 8106ms
timestamp = 2026-06-30T15:26:15.311914700, RestClientPoolTest:poolSizeNeverExceedsMaximum = 
                              |-----------------------jqwik-----------------------
tries = 100                   | # of calls to property
checks = 100                  | # of not rejected calls
generation = RANDOMIZED       | parameters are randomly generated
after-failure = SAMPLE_FIRST  | try previously failed sample, then previous seed
when-fixed-seed = ALLOW       | fixing the random seed is allowed
edge-cases#mode = MIXIN       | edge cases are mixed in
edge-cases#total = 0          | # of all combined edge cases
edge-cases#tried = 0          | # of edge cases tried in current run
seed = -5479246917457881623   | random seed to reproduce generated values


]]></system-out>
  </testcase>
</testsuite>