<?xml version="1.0" encoding="UTF-8"?>
<testsuite xmlns:xsi="http://www.w3.org/2001/XMLSchema-instance" xsi:noNamespaceSchemaLocation="https://maven.apache.org/surefire/maven-surefire-plugin/xsd/surefire-test-report-3.0.xsd" version="3.0" name="com.xpressbees.chatbot.service.InputNodePreservationPropertyTest" time="0.16" tests="6" errors="0" skipped="0" failures="0">
  <properties>
[...]
</properties>
  <testcase name="apiNodeResumeReadsDisplayVariableWithoutInputNodeInterference" classname="com.xpressbees.chatbot.service.InputNodePreservationPropertyTest" time="0.008">
    <system-out><![CDATA[16:55:33.901 [main] [api-session-1] INFO  c.x.c.s.WorkflowExecutionServiceImpl - Handling user input: sessionId=api-session-1
16:55:33.901 [main] [api-session-1] DEBUG c.x.c.s.WorkflowExecutionServiceImpl - Processing user input for nodeType=api, sessionId=api-session-1
16:55:33.901 [main] [api-session-1] DEBUG c.x.c.s.WorkflowExecutionServiceImpl - Processing node: nodeId=msg-node-2, type=state, sessionId=api-session-1
16:55:33.901 [main] [api-session-1] INFO  c.x.c.s.WorkflowExecutionServiceImpl - User input handling completed: sessionId=api-session-1
]]></system-out>
  </testcase>
  <testcase name="existingContextKeysAreNotModifiedDuringInputNodeResume" classname="com.xpressbees.chatbot.service.InputNodePreservationPropertyTest" time="0.004">
    <system-out><![CDATA[16:55:33.905 [main] [context-preserve-session] INFO  c.x.c.s.WorkflowExecutionServiceImpl - Handling user input: sessionId=context-preserve-session
16:55:33.905 [main] [context-preserve-session] DEBUG c.x.c.s.WorkflowExecutionServiceImpl - Processing user input for nodeType=input, sessionId=context-preserve-session
16:55:33.905 [main] [context-preserve-session] DEBUG c.x.c.s.WorkflowExecutionServiceImpl - Processing node: nodeId=msg-node-2, type=state, sessionId=context-preserve-session
16:55:33.907 [main] [context-preserve-session] INFO  c.x.c.s.WorkflowExecutionServiceImpl - User input handling completed: sessionId=context-preserve-session
]]></system-out>
  </testcase>
  <testcase name="inputNodeProcessorSetsPauseStateCorrectly" classname="com.xpressbees.chatbot.service.InputNodePreservationPropertyTest" time="0.011">
    <system-out><![CDATA[timestamp = 2026-06-29T16:55:33.918151700, [Preservation] InputNodePreservationPropertyTest:inputNodeProcessorSetsPauseStateCorrectly = 
                              |-----------------------jqwik-----------------------
tries = 100                   | # of calls to property
checks = 100                  | # of not rejected calls
generation = RANDOMIZED       | parameters are randomly generated
after-failure = SAMPLE_FIRST  | try previously failed sample, then previous seed
when-fixed-seed = ALLOW       | fixing the random seed is allowed
edge-cases#mode = MIXIN       | edge cases are mixed in
edge-cases#total = 8          | # of all combined edge cases
edge-cases#tried = 8          | # of edge cases tried in current run
seed = 6450025605724145453    | random seed to reproduce generated values


]]></system-out>
  </testcase>
  <testcase name="inputNodeResumeAlwaysStoresUnderMobileNo" classname="com.xpressbees.chatbot.service.InputNodePreservationPropertyTest" time="0.077">
    <system-out><![CDATA[16:55:33.919 [main] [session-66ee0ef2-793d-403c-8f67-35871f588217] INFO  c.x.c.s.WorkflowExecutionServiceImpl - Handling user input: sessionId=session-66ee0ef2-793d-403c-8f67-35871f588217
16:55:33.919 [main] [session-66ee0ef2-793d-403c-8f67-35871f588217] DEBUG c.x.c.s.WorkflowExecutionServiceImpl - Processing user input for nodeType=input, sessionId=session-66ee0ef2-793d-403c-8f67-35871f588217
16:55:33.919 [main] [session-66ee0ef2-793d-403c-8f67-35871f588217] DEBUG c.x.c.s.WorkflowExecutionServiceImpl - Processing node: nodeId=msg-node-2, type=state, sessionId=session-66ee0ef2-793d-403c-8f67-35871f588217
16:55:33.919 [main] [session-66ee0ef2-793d-403c-8f67-35871f588217] INFO  c.x.c.s.WorkflowExecutionServiceImpl - User input handling completed: sessionId=session-66ee0ef2-793d-403c-8f67-35871f588217
16:55:33.919 [main] [session-5faaaa3c-0c59-4aeb-8970-70cc762cb7c2] INFO  c.x.c.s.WorkflowExecutionServiceImpl - Handling user input: sessionId=session-5faaaa3c-0c59-4aeb-8970-70cc762cb7c2
16:55:33.919 [main] [session-5faaaa3c-0c59-4aeb-8970-70cc762cb7c2] DEBUG c.x.c.s.WorkflowExecutionServiceImpl - Processing user input for nodeType=input, sessionId=session-5faaaa3c-0c59-4aeb-8970-70cc762cb7c2
16:55:33.919 [main] [session-5faaaa3c-0c59-4aeb-8970-70cc762cb7c2] DEBUG c.x.c.s.WorkflowExecutionServiceImpl - Processing node: nodeId=msg-node-2, type=state, sessionId=session-5faaaa3c-0c59-4aeb-8970-70cc762cb7c2
16:55:33.919 [main] [session-5faaaa3c-0c59-4aeb-8970-70cc762cb7c2] INFO  c.x.c.s.WorkflowExecutionServiceImpl - User input handling completed: sessionId=session-5faaaa3c-0c59-4aeb-8970-70cc762cb7c2
16:55:33.919 [main] [session-bf371de3-9167-4315-9211-92f8e41266cc] INFO  c.x.c.s.WorkflowExecutionServiceImpl - Handling user input: sessionId=session-bf371de3-9167-4315-9211-92f8e41266cc
16:55:33.919 [main] [session-bf371de3-9167-4315-9211-92f8e41266cc] DEBUG c.x.c.s.WorkflowExecutionServiceImpl - Processing user input for nodeType=input, sessionId=session-bf371de3-9167-4315-9211-92f8e41266cc
16:55:33.919 [main] [session-bf371de3-9167-4315-9211-92f8e41266cc] DEBUG c.x.c.s.WorkflowExecutionServiceImpl - Processing node: nodeId=msg-node-2, type=state, sessionId=session-bf371de3-9167-4315-9211-92f8e41266cc
16:55:33.919 [main] [session-bf371de3-9167-4315-9211-92f8e41266cc] INFO  c.x.c.s.WorkflowExecutionServiceImpl - User input handling completed: sessionId=session-bf371de3-9167-4315-9211-92f8e41266cc
16:55:33.919 [main] [session-c4e328d6-d93f-418c-bfbe-1d5ed6174510] INFO  c.x.c.s.WorkflowExecutionServiceImpl - Handling user input: sessionId=session-c4e328d6-d93f-418c-bfbe-1d5ed6174510
16:55:33.919 [main] [session-c4e328d6-d93f-418c-bfbe-1d5ed6174510] DEBUG c.x.c.s.WorkflowExecutionServiceImpl - Processing user input for nodeType=input, sessionId=session-c4e328d6-d93f-418c-bfbe-1d5ed6174510
16:55:33.919 [main] [session-c4e328d6-d93f-418c-bfbe-1d5ed6174510] DEBUG c.x.c.s.WorkflowExecutionServiceImpl - Processing node: nodeId=msg-node-2, type=state, sessionId=session-c4e328d6-d93f-418c-bfbe-1d5ed6174510
16:55:33.919 [main] [session-c4e328d6-d93f-418c-bfbe-1d5ed6174510] INFO  c.x.c.s.WorkflowExecutionServiceImpl - User input handling completed: sessionId=session-c4e328d6-d93f-418c-bfbe-1d5ed6174510
16:55:33.919 [main] [session-c370426b-4970-4017-a333-e5683a86c683] INFO  c.x.c.s.WorkflowExecutionServiceImpl - Handling user input: sessionId=session-c370426b-4970-4017-a333-e5683a86c683
16:55:33.919 [main] [session-c370426b-4970-4017-a333-e5683a86c683] DEBUG c.x.c.s.WorkflowExecutionServiceImpl - Processing user input for nodeType=input, sessionId=session-c370426b-4970-4017-a333-e5683a86c683
16:55:33.919 [main] [session-c370426b-4970-4017-a333-e5683a86c683] DEBUG c.x.c.s.WorkflowExecutionServiceImpl - Processing node: nodeId=msg-node-2, type=state, sessionId=session-c370426b-4970-4017-a333-e5683a86c683
16:55:33.919 [main] [session-c370426b-4970-4017-a333-e5683a86c683] INFO  c.x.c.s.WorkflowExecutionServiceImpl - User input handling completed: sessionId=session-c370426b-4970-4017-a333-e5683a86c683
16:55:33.919 [main] [session-ae6e7ffd-cd59-4aa8-a0ce-e8aa02accea7] INFO  c.x.c.s.WorkflowExecutionServiceImpl - Handling user input: sessionId=session-ae6e7ffd-cd59-4aa8-a0ce-e8aa02accea7
16:55:33.919 [main] [session-ae6e7ffd-cd59-4aa8-a0ce-e8aa02accea7] DEBUG c.x.c.s.WorkflowExecutionServiceImpl - Processing user input for nodeType=input, sessionId=session-ae6e7ffd-cd59-4aa8-a0ce-e8aa02accea7
16:55:33.919 [main] [session-ae6e7ffd-cd59-4aa8-a0ce-e8aa02accea7] DEBUG c.x.c.s.WorkflowExecutionServiceImpl - Processing node: nodeId=msg-node-2, type=state, sessionId=session-ae6e7ffd-cd59-4aa8-a0ce-e8aa02accea7
16:55:33.919 [main] [session-ae6e7ffd-cd59-4aa8-a0ce-e8aa02accea7] INFO  c.x.c.s.WorkflowExecutionServiceImpl - User input handling completed: sessionId=session-ae6e7ffd-cd59-4aa8-a0ce-e8aa02accea7
16:55:33.919 [main] [session-f441b8b4-385b-4975-bd81-6444702ff31b] INFO  c.x.c.s.WorkflowExecutionServiceImpl - Handling user input: sessionId=session-f441b8b4-385b-4975-bd81-6444702ff31b
16:55:33.919 [main] [session-f441b8b4-385b-4975-bd81-6444702ff31b] DEBUG c.x.c.s.WorkflowExecutionServiceImpl - Processing user input for nodeType=input, sessionId=session-f441b8b4-385b-4975-bd81-6444702ff31b
16:55:33.919 [main] [session-f441b8b4-385b-4975-bd81-6444702ff31b] DEBUG c.x.c.s.WorkflowExecutionServiceImpl - Processing node: nodeId=msg-node-2, type=state, sessionId=session-f441b8b4-385b-4975-bd81-6444702ff31b
16:55:33.919 [main] [session-f441b8b4-385b-4975-bd81-6444702ff31b] INFO  c.x.c.s.WorkflowExecutionServiceImpl - User input handling completed: sessionId=session-f441b8b4-385b-4975-bd81-6444702ff31b
16:55:33.919 [main] [session-d9e84053-d73f-41e8-8c2a-d4d3cb845229] INFO  c.x.c.s.WorkflowExecutionServiceImpl - Handling user input: sessionId=session-d9e84053-d73f-41e8-8c2a-d4d3cb845229
16:55:33.919 [main] [session-d9e84053-d73f-41e8-8c2a-d4d3cb845229] DEBUG c.x.c.s.WorkflowExecutionServiceImpl - Processing user input for nodeType=input, sessionId=session-d9e84053-d73f-41e8-8c2a-d4d3cb845229
16:55:33.919 [main] [session-d9e84053-d73f-41e8-8c2a-d4d3cb845229] DEBUG c.x.c.s.WorkflowExecutionServiceImpl - Processing node: nodeId=msg-node-2, type=state, sessionId=session-d9e84053-d73f-41e8-8c2a-d4d3cb845229
16:55:33.919 [main] [session-d9e84053-d73f-41e8-8c2a-d4d3cb845229] INFO  c.x.c.s.WorkflowExecutionServiceImpl - User input handling completed: sessionId=session-d9e84053-d73f-41e8-8c2a-d4d3cb845229
16:55:33.919 [main] [session-2147c86b-21c6-497c-9101-8e7a10474bcd] INFO  c.x.c.s.WorkflowExecutionServiceImpl - Handling user input: sessionId=session-2147c86b-21c6-497c-9101-8e7a10474bcd
16:55:33.919 [main] [session-2147c86b-21c6-497c-9101-8e7a10474bcd] DEBUG c.x.c.s.WorkflowExecutionServiceImpl - Processing user input for nodeType=input, sessionId=session-2147c86b-21c6-497c-9101-8e7a10474bcd
16:55:33.919 [main] [session-2147c86b-21c6-497c-9101-8e7a10474bcd] DEBUG c.x.c.s.WorkflowExecutionServiceImpl - Processing node: nodeId=msg-node-2, type=state, sessionId=session-2147c86b-21c6-497c-9101-8e7a10474bcd
16:55:33.928 [main] [session-2147c86b-21c6-497c-9101-8e7a10474bcd] INFO  c.x.c.s.WorkflowExecutionServiceImpl - User input handling completed: sessionId=session-2147c86b-21c6-497c-9101-8e7a10474bcd
16:55:33.928 [main] [session-357be601-3286-4bc0-9638-90a2a1b55b0e] INFO  c.x.c.s.WorkflowExecutionServiceImpl - Handling user input: sessionId=session-357be601-3286-4bc0-9638-90a2a1b55b0e
16:55:33.928 [main] [session-357be601-3286-4bc0-9638-90a2a1b55b0e] DEBUG c.x.c.s.WorkflowExecutionServiceImpl - Processing user input for nodeType=input, sessionId=session-357be601-3286-4bc0-9638-90a2a1b55b0e
16:55:33.928 [main] [session-357be601-3286-4bc0-9638-90a2a1b55b0e] DEBUG c.x.c.s.WorkflowExecutionServiceImpl - Processing node: nodeId=msg-node-2, type=state, sessionId=session-357be601-3286-4bc0-9638-90a2a1b55b0e
16:55:33.928 [main] [session-357be601-3286-4bc0-9638-90a2a1b55b0e] INFO  c.x.c.s.WorkflowExecutionServiceImpl - User input handling completed: sessionId=session-357be601-3286-4bc0-9638-90a2a1b55b0e
16:55:33.928 [main] [session-7beed9b7-e324-4336-b94a-5bb2c7eef835] INFO  c.x.c.s.WorkflowExecutionServiceImpl - Handling user input: sessionId=session-7beed9b7-e324-4336-b94a-5bb2c7eef835
16:55:33.928 [main] [session-7beed9b7-e324-4336-b94a-5bb2c7eef835] DEBUG c.x.c.s.WorkflowExecutionServiceImpl - Processing user input for nodeType=input, sessionId=session-7beed9b7-e324-4336-b94a-5bb2c7eef835
16:55:33.928 [main] [session-7beed9b7-e324-4336-b94a-5bb2c7eef835] DEBUG c.x.c.s.WorkflowExecutionServiceImpl - Processing node: nodeId=msg-node-2, type=state, sessionId=session-7beed9b7-e324-4336-b94a-5bb2c7eef835
16:55:33.928 [main] [session-7beed9b7-e324-4336-b94a-5bb2c7eef835] INFO  c.x.c.s.WorkflowExecutionServiceImpl - User input handling completed: sessionId=session-7beed9b7-e324-4336-b94a-5bb2c7eef835
16:55:33.928 [main] [session-01a814b7-adca-40b6-97a3-d4de36f3ca5f] INFO  c.x.c.s.WorkflowExecutionServiceImpl - Handling user input: sessionId=session-01a814b7-adca-40b6-97a3-d4de36f3ca5f
16:55:33.928 [main] [session-01a814b7-adca-40b6-97a3-d4de36f3ca5f] DEBUG c.x.c.s.WorkflowExecutionServiceImpl - Processing user input for nodeType=input, sessionId=session-01a814b7-adca-40b6-97a3-d4de36f3ca5f
16:55:33.928 [main] [session-01a814b7-adca-40b6-97a3-d4de36f3ca5f] DEBUG c.x.c.s.WorkflowExecutionServiceImpl - Processing node: nodeId=msg-node-2, type=state, sessionId=session-01a814b7-adca-40b6-97a3-d4de36f3ca5f
16:55:33.928 [main] [session-01a814b7-adca-40b6-97a3-d4de36f3ca5f] INFO  c.x.c.s.WorkflowExecutionServiceImpl - User input handling completed: sessionId=session-01a814b7-adca-40b6-97a3-d4de36f3ca5f
16:55:33.928 [main] [session-df978ca1-75df-4199-887a-a360db4a22ab] INFO  c.x.c.s.WorkflowExecutionServiceImpl - Handling user input: sessionId=session-df978ca1-75df-4199-887a-a360db4a22ab
16:55:33.928 [main] [session-df978ca1-75df-4199-887a-a360db4a22ab] DEBUG c.x.c.s.WorkflowExecutionServiceImpl - Processing user input for nodeType=input, sessionId=session-df978ca1-75df-4199-887a-a360db4a22ab
16:55:33.928 [main] [session-df978ca1-75df-4199-887a-a360db4a22ab] DEBUG c.x.c.s.WorkflowExecutionServiceImpl - Processing node: nodeId=msg-node-2, type=state, sessionId=session-df978ca1-75df-4199-887a-a360db4a22ab
16:55:33.928 [main] [session-df978ca1-75df-4199-887a-a360db4a22ab] INFO  c.x.c.s.WorkflowExecutionServiceImpl - User input handling completed: sessionId=session-df978ca1-75df-4199-887a-a360db4a22ab
16:55:33.932 [main] [session-b1ff3322-d27e-4317-bb1e-a66d700dac28] INFO  c.x.c.s.WorkflowExecutionServiceImpl - Handling user input: sessionId=session-b1ff3322-d27e-4317-bb1e-a66d700dac28
16:55:33.932 [main] [session-b1ff3322-d27e-4317-bb1e-a66d700dac28] DEBUG c.x.c.s.WorkflowExecutionServiceImpl - Processing user input for nodeType=input, sessionId=session-b1ff3322-d27e-4317-bb1e-a66d700dac28
16:55:33.932 [main] [session-b1ff3322-d27e-4317-bb1e-a66d700dac28] DEBUG c.x.c.s.WorkflowExecutionServiceImpl - Processing node: nodeId=msg-node-2, type=state, sessionId=session-b1ff3322-d27e-4317-bb1e-a66d700dac28
16:55:33.932 [main] [session-b1ff3322-d27e-4317-bb1e-a66d700dac28] INFO  c.x.c.s.WorkflowExecutionServiceImpl - User input handling completed: sessionId=session-b1ff3322-d27e-4317-bb1e-a66d700dac28
16:55:33.933 [main] [session-54e86c16-02b6-4b1c-bd99-84bb5ed14206] INFO  c.x.c.s.WorkflowExecutionServiceImpl - Handling user input: sessionId=session-54e86c16-02b6-4b1c-bd99-84bb5ed14206
16:55:33.933 [main] [session-54e86c16-02b6-4b1c-bd99-84bb5ed14206] DEBUG c.x.c.s.WorkflowExecutionServiceImpl - Processing user input for nodeType=input, sessionId=session-54e86c16-02b6-4b1c-bd99-84bb5ed14206
16:55:33.933 [main] [session-54e86c16-02b6-4b1c-bd99-84bb5ed14206] DEBUG c.x.c.s.WorkflowExecutionServiceImpl - Processing node: nodeId=msg-node-2, type=state, sessionId=session-54e86c16-02b6-4b1c-bd99-84bb5ed14206
16:55:33.933 [main] [session-54e86c16-02b6-4b1c-bd99-84bb5ed14206] INFO  c.x.c.s.WorkflowExecutionServiceImpl - User input handling completed: sessionId=session-54e86c16-02b6-4b1c-bd99-84bb5ed14206
16:55:33.933 [main] [session-b3edf654-efa3-49a4-8ed1-5d1d5dfb7c3f] INFO  c.x.c.s.WorkflowExecutionServiceImpl - Handling user input: sessionId=session-b3edf654-efa3-49a4-8ed1-5d1d5dfb7c3f
16:55:33.933 [main] [session-b3edf654-efa3-49a4-8ed1-5d1d5dfb7c3f] DEBUG c.x.c.s.WorkflowExecutionServiceImpl - Processing user input for nodeType=input, sessionId=session-b3edf654-efa3-49a4-8ed1-5d1d5dfb7c3f
16:55:33.933 [main] [session-b3edf654-efa3-49a4-8ed1-5d1d5dfb7c3f] DEBUG c.x.c.s.WorkflowExecutionServiceImpl - Processing node: nodeId=msg-node-2, type=state, sessionId=session-b3edf654-efa3-49a4-8ed1-5d1d5dfb7c3f
16:55:33.934 [main] [session-b3edf654-efa3-49a4-8ed1-5d1d5dfb7c3f] INFO  c.x.c.s.WorkflowExecutionServiceImpl - User input handling completed: sessionId=session-b3edf654-efa3-49a4-8ed1-5d1d5dfb7c3f
16:55:33.934 [main] [session-8e890299-7a6d-4d0f-858f-9fe4651aef00] INFO  c.x.c.s.WorkflowExecutionServiceImpl - Handling user input: sessionId=session-8e890299-7a6d-4d0f-858f-9fe4651aef00
16:55:33.934 [main] [session-8e890299-7a6d-4d0f-858f-9fe4651aef00] DEBUG c.x.c.s.WorkflowExecutionServiceImpl - Processing user input for nodeType=input, sessionId=session-8e890299-7a6d-4d0f-858f-9fe4651aef00
16:55:33.934 [main] [session-8e890299-7a6d-4d0f-858f-9fe4651aef00] DEBUG c.x.c.s.WorkflowExecutionServiceImpl - Processing node: nodeId=msg-node-2, type=state, sessionId=session-8e890299-7a6d-4d0f-858f-9fe4651aef00
16:55:33.934 [main] [session-8e890299-7a6d-4d0f-858f-9fe4651aef00] INFO  c.x.c.s.WorkflowExecutionServiceImpl - User input handling completed: sessionId=session-8e890299-7a6d-4d0f-858f-9fe4651aef00
16:55:33.934 [main] [session-96fb77ff-08e6-4101-909f-0365dbe13ecf] INFO  c.x.c.s.WorkflowExecutionServiceImpl - Handling user input: sessionId=session-96fb77ff-08e6-4101-909f-0365dbe13ecf
16:55:33.934 [main] [session-96fb77ff-08e6-4101-909f-0365dbe13ecf] DEBUG c.x.c.s.WorkflowExecutionServiceImpl - Processing user input for nodeType=input, sessionId=session-96fb77ff-08e6-4101-909f-0365dbe13ecf
16:55:33.934 [main] [session-96fb77ff-08e6-4101-909f-0365dbe13ecf] DEBUG c.x.c.s.WorkflowExecutionServiceImpl - Processing node: nodeId=msg-node-2, type=state, sessionId=session-96fb77ff-08e6-4101-909f-0365dbe13ecf
16:55:33.934 [main] [session-96fb77ff-08e6-4101-909f-0365dbe13ecf] INFO  c.x.c.s.WorkflowExecutionServiceImpl - User input handling completed: sessionId=session-96fb77ff-08e6-4101-909f-0365dbe13ecf
16:55:33.934 [main] [session-549a0cbe-bdcb-4892-9752-4b994e4aad82] INFO  c.x.c.s.WorkflowExecutionServiceImpl - Handling user input: sessionId=session-549a0cbe-bdcb-4892-9752-4b994e4aad82
16:55:33.934 [main] [session-549a0cbe-bdcb-4892-9752-4b994e4aad82] DEBUG c.x.c.s.WorkflowExecutionServiceImpl - Processing user input for nodeType=input, sessionId=session-549a0cbe-bdcb-4892-9752-4b994e4aad82
16:55:33.935 [main] [session-549a0cbe-bdcb-4892-9752-4b994e4aad82] DEBUG c.x.c.s.WorkflowExecutionServiceImpl - Processing node: nodeId=msg-node-2, type=state, sessionId=session-549a0cbe-bdcb-4892-9752-4b994e4aad82
16:55:33.935 [main] [session-549a0cbe-bdcb-4892-9752-4b994e4aad82] INFO  c.x.c.s.WorkflowExecutionServiceImpl - User input handling completed: sessionId=session-549a0cbe-bdcb-4892-9752-4b994e4aad82
16:55:33.935 [main] [session-b78a2830-745d-412f-ae39-bd04468ee2fa] INFO  c.x.c.s.WorkflowExecutionServiceImpl - Handling user input: sessionId=session-b78a2830-745d-412f-ae39-bd04468ee2fa
16:55:33.935 [main] [session-b78a2830-745d-412f-ae39-bd04468ee2fa] DEBUG c.x.c.s.WorkflowExecutionServiceImpl - Processing user input for nodeType=input, sessionId=session-b78a2830-745d-412f-ae39-bd04468ee2fa
16:55:33.935 [main] [session-b78a2830-745d-412f-ae39-bd04468ee2fa] DEBUG c.x.c.s.WorkflowExecutionServiceImpl - Processing node: nodeId=msg-node-2, type=state, sessionId=session-b78a2830-745d-412f-ae39-bd04468ee2fa
16:55:33.935 [main] [session-b78a2830-745d-412f-ae39-bd04468ee2fa] INFO  c.x.c.s.WorkflowExecutionServiceImpl - User input handling completed: sessionId=session-b78a2830-745d-412f-ae39-bd04468ee2fa
16:55:33.935 [main] [session-5938df68-3630-4170-8cd7-09276e109009] INFO  c.x.c.s.WorkflowExecutionServiceImpl - Handling user input: sessionId=session-5938df68-3630-4170-8cd7-09276e109009
16:55:33.935 [main] [session-5938df68-3630-4170-8cd7-09276e109009] DEBUG c.x.c.s.WorkflowExecutionServiceImpl - Processing user input for nodeType=input, sessionId=session-5938df68-3630-4170-8cd7-09276e109009
16:55:33.935 [main] [session-5938df68-3630-4170-8cd7-09276e109009] DEBUG c.x.c.s.WorkflowExecutionServiceImpl - Processing node: nodeId=msg-node-2, type=state, sessionId=session-5938df68-3630-4170-8cd7-09276e109009
16:55:33.935 [main] [session-5938df68-3630-4170-8cd7-09276e109009] INFO  c.x.c.s.WorkflowExecutionServiceImpl - User input handling completed: sessionId=session-5938df68-3630-4170-8cd7-09276e109009
16:55:33.935 [main] [session-046f1228-9eb6-469a-adc0-8c4e33a52e87] INFO  c.x.c.s.WorkflowExecutionServiceImpl - Handling user input: sessionId=session-046f1228-9eb6-469a-adc0-8c4e33a52e87
16:55:33.935 [main] [session-046f1228-9eb6-469a-adc0-8c4e33a52e87] DEBUG c.x.c.s.WorkflowExecutionServiceImpl - Processing user input for nodeType=input, sessionId=session-046f1228-9eb6-469a-adc0-8c4e33a52e87
16:55:33.936 [main] [session-046f1228-9eb6-469a-adc0-8c4e33a52e87] DEBUG c.x.c.s.WorkflowExecutionServiceImpl - Processing node: nodeId=msg-node-2, type=state, sessionId=session-046f1228-9eb6-469a-adc0-8c4e33a52e87
16:55:33.936 [main] [session-046f1228-9eb6-469a-adc0-8c4e33a52e87] INFO  c.x.c.s.WorkflowExecutionServiceImpl - User input handling completed: sessionId=session-046f1228-9eb6-469a-adc0-8c4e33a52e87
16:55:33.936 [main] [session-6bd1994f-36dd-485e-90da-61a360cdd67d] INFO  c.x.c.s.WorkflowExecutionServiceImpl - Handling user input: sessionId=session-6bd1994f-36dd-485e-90da-61a360cdd67d
16:55:33.936 [main] [session-6bd1994f-36dd-485e-90da-61a360cdd67d] DEBUG c.x.c.s.WorkflowExecutionServiceImpl - Processing user input for nodeType=input, sessionId=session-6bd1994f-36dd-485e-90da-61a360cdd67d
16:55:33.936 [main] [session-6bd1994f-36dd-485e-90da-61a360cdd67d] DEBUG c.x.c.s.WorkflowExecutionServiceImpl - Processing node: nodeId=msg-node-2, type=state, sessionId=session-6bd1994f-36dd-485e-90da-61a360cdd67d
16:55:33.936 [main] [session-6bd1994f-36dd-485e-90da-61a360cdd67d] INFO  c.x.c.s.WorkflowExecutionServiceImpl - User input handling completed: sessionId=session-6bd1994f-36dd-485e-90da-61a360cdd67d
16:55:33.936 [main] [session-094e557e-f1ba-49bc-b300-2fcf6814ad15] INFO  c.x.c.s.WorkflowExecutionServiceImpl - Handling user input: sessionId=session-094e557e-f1ba-49bc-b300-2fcf6814ad15
16:55:33.936 [main] [session-094e557e-f1ba-49bc-b300-2fcf6814ad15] DEBUG c.x.c.s.WorkflowExecutionServiceImpl - Processing user input for nodeType=input, sessionId=session-094e557e-f1ba-49bc-b300-2fcf6814ad15
16:55:33.936 [main] [session-094e557e-f1ba-49bc-b300-2fcf6814ad15] DEBUG c.x.c.s.WorkflowExecutionServiceImpl - Processing node: nodeId=msg-node-2, type=state, sessionId=session-094e557e-f1ba-49bc-b300-2fcf6814ad15
16:55:33.936 [main] [session-094e557e-f1ba-49bc-b300-2fcf6814ad15] INFO  c.x.c.s.WorkflowExecutionServiceImpl - User input handling completed: sessionId=session-094e557e-f1ba-49bc-b300-2fcf6814ad15
16:55:33.936 [main] [session-f42df532-3031-4f1e-9cac-0f3f7b054ee4] INFO  c.x.c.s.WorkflowExecutionServiceImpl - Handling user input: sessionId=session-f42df532-3031-4f1e-9cac-0f3f7b054ee4
16:55:33.936 [main] [session-f42df532-3031-4f1e-9cac-0f3f7b054ee4] DEBUG c.x.c.s.WorkflowExecutionServiceImpl - Processing user input for nodeType=input, sessionId=session-f42df532-3031-4f1e-9cac-0f3f7b054ee4
16:55:33.936 [main] [session-f42df532-3031-4f1e-9cac-0f3f7b054ee4] DEBUG c.x.c.s.WorkflowExecutionServiceImpl - Processing node: nodeId=msg-node-2, type=state, sessionId=session-f42df532-3031-4f1e-9cac-0f3f7b054ee4
16:55:33.936 [main] [session-f42df532-3031-4f1e-9cac-0f3f7b054ee4] INFO  c.x.c.s.WorkflowExecutionServiceImpl - User input handling completed: sessionId=session-f42df532-3031-4f1e-9cac-0f3f7b054ee4
16:55:33.937 [main] [session-5ad7f46b-8673-438b-b2a1-ebbab246276d] INFO  c.x.c.s.WorkflowExecutionServiceImpl - Handling user input: sessionId=session-5ad7f46b-8673-438b-b2a1-ebbab246276d
16:55:33.937 [main] [session-5ad7f46b-8673-438b-b2a1-ebbab246276d] DEBUG c.x.c.s.WorkflowExecutionServiceImpl - Processing user input for nodeType=input, sessionId=session-5ad7f46b-8673-438b-b2a1-ebbab246276d
16:55:33.937 [main] [session-5ad7f46b-8673-438b-b2a1-ebbab246276d] DEBUG c.x.c.s.WorkflowExecutionServiceImpl - Processing node: nodeId=msg-node-2, type=state, sessionId=session-5ad7f46b-8673-438b-b2a1-ebbab246276d
16:55:33.937 [main] [session-5ad7f46b-8673-438b-b2a1-ebbab246276d] INFO  c.x.c.s.WorkflowExecutionServiceImpl - User input handling completed: sessionId=session-5ad7f46b-8673-438b-b2a1-ebbab246276d
16:55:33.937 [main] [session-ee387229-1c45-4c82-90fc-6931ce23a7ad] INFO  c.x.c.s.WorkflowExecutionServiceImpl - Handling user input: sessionId=session-ee387229-1c45-4c82-90fc-6931ce23a7ad
16:55:33.937 [main] [session-ee387229-1c45-4c82-90fc-6931ce23a7ad] DEBUG c.x.c.s.WorkflowExecutionServiceImpl - Processing user input for nodeType=input, sessionId=session-ee387229-1c45-4c82-90fc-6931ce23a7ad
16:55:33.937 [main] [session-ee387229-1c45-4c82-90fc-6931ce23a7ad] DEBUG c.x.c.s.WorkflowExecutionServiceImpl - Processing node: nodeId=msg-node-2, type=state, sessionId=session-ee387229-1c45-4c82-90fc-6931ce23a7ad
16:55:33.937 [main] [session-ee387229-1c45-4c82-90fc-6931ce23a7ad] INFO  c.x.c.s.WorkflowExecutionServiceImpl - User input handling completed: sessionId=session-ee387229-1c45-4c82-90fc-6931ce23a7ad
16:55:33.937 [main] [session-1f86003f-7415-4afd-a2fa-2f9710978cbf] INFO  c.x.c.s.WorkflowExecutionServiceImpl - Handling user input: sessionId=session-1f86003f-7415-4afd-a2fa-2f9710978cbf
16:55:33.937 [main] [session-1f86003f-7415-4afd-a2fa-2f9710978cbf] DEBUG c.x.c.s.WorkflowExecutionServiceImpl - Processing user input for nodeType=input, sessionId=session-1f86003f-7415-4afd-a2fa-2f9710978cbf
16:55:33.937 [main] [session-1f86003f-7415-4afd-a2fa-2f9710978cbf] DEBUG c.x.c.s.WorkflowExecutionServiceImpl - Processing node: nodeId=msg-node-2, type=state, sessionId=session-1f86003f-7415-4afd-a2fa-2f9710978cbf
16:55:33.937 [main] [session-1f86003f-7415-4afd-a2fa-2f9710978cbf] INFO  c.x.c.s.WorkflowExecutionServiceImpl - User input handling completed: sessionId=session-1f86003f-7415-4afd-a2fa-2f9710978cbf
16:55:33.937 [main] [session-d1dd6b74-d3d2-43dd-99cd-8f149d7e5c9c] INFO  c.x.c.s.WorkflowExecutionServiceImpl - Handling user input: sessionId=session-d1dd6b74-d3d2-43dd-99cd-8f149d7e5c9c
16:55:33.937 [main] [session-d1dd6b74-d3d2-43dd-99cd-8f149d7e5c9c] DEBUG c.x.c.s.WorkflowExecutionServiceImpl - Processing user input for nodeType=input, sessionId=session-d1dd6b74-d3d2-43dd-99cd-8f149d7e5c9c
16:55:33.938 [main] [session-d1dd6b74-d3d2-43dd-99cd-8f149d7e5c9c] DEBUG c.x.c.s.WorkflowExecutionServiceImpl - Processing node: nodeId=msg-node-2, type=state, sessionId=session-d1dd6b74-d3d2-43dd-99cd-8f149d7e5c9c
16:55:33.938 [main] [session-d1dd6b74-d3d2-43dd-99cd-8f149d7e5c9c] INFO  c.x.c.s.WorkflowExecutionServiceImpl - User input handling completed: sessionId=session-d1dd6b74-d3d2-43dd-99cd-8f149d7e5c9c
16:55:33.938 [main] [session-6c9f9a1d-21c2-448e-b751-8196dcc7bbd4] INFO  c.x.c.s.WorkflowExecutionServiceImpl - Handling user input: sessionId=session-6c9f9a1d-21c2-448e-b751-8196dcc7bbd4
16:55:33.938 [main] [session-6c9f9a1d-21c2-448e-b751-8196dcc7bbd4] DEBUG c.x.c.s.WorkflowExecutionServiceImpl - Processing user input for nodeType=input, sessionId=session-6c9f9a1d-21c2-448e-b751-8196dcc7bbd4
16:55:33.938 [main] [session-6c9f9a1d-21c2-448e-b751-8196dcc7bbd4] DEBUG c.x.c.s.WorkflowExecutionServiceImpl - Processing node: nodeId=msg-node-2, type=state, sessionId=session-6c9f9a1d-21c2-448e-b751-8196dcc7bbd4
16:55:33.938 [main] [session-6c9f9a1d-21c2-448e-b751-8196dcc7bbd4] INFO  c.x.c.s.WorkflowExecutionServiceImpl - User input handling completed: sessionId=session-6c9f9a1d-21c2-448e-b751-8196dcc7bbd4
16:55:33.938 [main] [session-ea27d397-229d-4ae8-8d6d-447292ed5342] INFO  c.x.c.s.WorkflowExecutionServiceImpl - Handling user input: sessionId=session-ea27d397-229d-4ae8-8d6d-447292ed5342
16:55:33.938 [main] [session-ea27d397-229d-4ae8-8d6d-447292ed5342] DEBUG c.x.c.s.WorkflowExecutionServiceImpl - Processing user input for nodeType=input, sessionId=session-ea27d397-229d-4ae8-8d6d-447292ed5342
16:55:33.938 [main] [session-ea27d397-229d-4ae8-8d6d-447292ed5342] DEBUG c.x.c.s.WorkflowExecutionServiceImpl - Processing node: nodeId=msg-node-2, type=state, sessionId=session-ea27d397-229d-4ae8-8d6d-447292ed5342
16:55:33.938 [main] [session-ea27d397-229d-4ae8-8d6d-447292ed5342] INFO  c.x.c.s.WorkflowExecutionServiceImpl - User input handling completed: sessionId=session-ea27d397-229d-4ae8-8d6d-447292ed5342
16:55:33.938 [main] [session-4bdbf658-b2de-4238-a8b0-f00f14c5e873] INFO  c.x.c.s.WorkflowExecutionServiceImpl - Handling user input: sessionId=session-4bdbf658-b2de-4238-a8b0-f00f14c5e873
16:55:33.938 [main] [session-4bdbf658-b2de-4238-a8b0-f00f14c5e873] DEBUG c.x.c.s.WorkflowExecutionServiceImpl - Processing user input for nodeType=input, sessionId=session-4bdbf658-b2de-4238-a8b0-f00f14c5e873
16:55:33.938 [main] [session-4bdbf658-b2de-4238-a8b0-f00f14c5e873] DEBUG c.x.c.s.WorkflowExecutionServiceImpl - Processing node: nodeId=msg-node-2, type=state, sessionId=session-4bdbf658-b2de-4238-a8b0-f00f14c5e873
16:55:33.938 [main] [session-4bdbf658-b2de-4238-a8b0-f00f14c5e873] INFO  c.x.c.s.WorkflowExecutionServiceImpl - User input handling completed: sessionId=session-4bdbf658-b2de-4238-a8b0-f00f14c5e873
16:55:33.940 [main] [session-4fce86c2-f4e8-4945-bacd-ad7ebf8b7c80] INFO  c.x.c.s.WorkflowExecutionServiceImpl - Handling user input: sessionId=session-4fce86c2-f4e8-4945-bacd-ad7ebf8b7c80
16:55:33.940 [main] [session-4fce86c2-f4e8-4945-bacd-ad7ebf8b7c80] DEBUG c.x.c.s.WorkflowExecutionServiceImpl - Processing user input for nodeType=input, sessionId=session-4fce86c2-f4e8-4945-bacd-ad7ebf8b7c80
16:55:33.940 [main] [session-4fce86c2-f4e8-4945-bacd-ad7ebf8b7c80] DEBUG c.x.c.s.WorkflowExecutionServiceImpl - Processing node: nodeId=msg-node-2, type=state, sessionId=session-4fce86c2-f4e8-4945-bacd-ad7ebf8b7c80
16:55:33.940 [main] [session-4fce86c2-f4e8-4945-bacd-ad7ebf8b7c80] INFO  c.x.c.s.WorkflowExecutionServiceImpl - User input handling completed: sessionId=session-4fce86c2-f4e8-4945-bacd-ad7ebf8b7c80
16:55:33.940 [main] [session-c588953b-e742-4b16-a40e-3faa415ef3f7] INFO  c.x.c.s.WorkflowExecutionServiceImpl - Handling user input: sessionId=session-c588953b-e742-4b16-a40e-3faa415ef3f7
16:55:33.940 [main] [session-c588953b-e742-4b16-a40e-3faa415ef3f7] DEBUG c.x.c.s.WorkflowExecutionServiceImpl - Processing user input for nodeType=input, sessionId=session-c588953b-e742-4b16-a40e-3faa415ef3f7
16:55:33.940 [main] [session-c588953b-e742-4b16-a40e-3faa415ef3f7] DEBUG c.x.c.s.WorkflowExecutionServiceImpl - Processing node: nodeId=msg-node-2, type=state, sessionId=session-c588953b-e742-4b16-a40e-3faa415ef3f7
16:55:33.940 [main] [session-c588953b-e742-4b16-a40e-3faa415ef3f7] INFO  c.x.c.s.WorkflowExecutionServiceImpl - User input handling completed: sessionId=session-c588953b-e742-4b16-a40e-3faa415ef3f7
16:55:33.942 [main] [session-3082d159-9e8f-4e49-847a-b36f30e72624] INFO  c.x.c.s.WorkflowExecutionServiceImpl - Handling user input: sessionId=session-3082d159-9e8f-4e49-847a-b36f30e72624
16:55:33.942 [main] [session-3082d159-9e8f-4e49-847a-b36f30e72624] DEBUG c.x.c.s.WorkflowExecutionServiceImpl - Processing user input for nodeType=input, sessionId=session-3082d159-9e8f-4e49-847a-b36f30e72624
16:55:33.942 [main] [session-3082d159-9e8f-4e49-847a-b36f30e72624] DEBUG c.x.c.s.WorkflowExecutionServiceImpl - Processing node: nodeId=msg-node-2, type=state, sessionId=session-3082d159-9e8f-4e49-847a-b36f30e72624
16:55:33.942 [main] [session-3082d159-9e8f-4e49-847a-b36f30e72624] INFO  c.x.c.s.WorkflowExecutionServiceImpl - User input handling completed: sessionId=session-3082d159-9e8f-4e49-847a-b36f30e72624
16:55:33.942 [main] [session-cada59ef-c7a2-466c-b9ef-de98cfe34187] INFO  c.x.c.s.WorkflowExecutionServiceImpl - Handling user input: sessionId=session-cada59ef-c7a2-466c-b9ef-de98cfe34187
16:55:33.942 [main] [session-cada59ef-c7a2-466c-b9ef-de98cfe34187] DEBUG c.x.c.s.WorkflowExecutionServiceImpl - Processing user input for nodeType=input, sessionId=session-cada59ef-c7a2-466c-b9ef-de98cfe34187
16:55:33.942 [main] [session-cada59ef-c7a2-466c-b9ef-de98cfe34187] DEBUG c.x.c.s.WorkflowExecutionServiceImpl - Processing node: nodeId=msg-node-2, type=state, sessionId=session-cada59ef-c7a2-466c-b9ef-de98cfe34187
16:55:33.942 [main] [session-cada59ef-c7a2-466c-b9ef-de98cfe34187] INFO  c.x.c.s.WorkflowExecutionServiceImpl - User input handling completed: sessionId=session-cada59ef-c7a2-466c-b9ef-de98cfe34187
16:55:33.942 [main] [session-2c056b6a-8ac5-43ae-9ce5-df95a74194b1] INFO  c.x.c.s.WorkflowExecutionServiceImpl - Handling user input: sessionId=session-2c056b6a-8ac5-43ae-9ce5-df95a74194b1
16:55:33.944 [main] [session-2c056b6a-8ac5-43ae-9ce5-df95a74194b1] DEBUG c.x.c.s.WorkflowExecutionServiceImpl - Processing user input for nodeType=input, sessionId=session-2c056b6a-8ac5-43ae-9ce5-df95a74194b1
16:55:33.944 [main] [session-2c056b6a-8ac5-43ae-9ce5-df95a74194b1] DEBUG c.x.c.s.WorkflowExecutionServiceImpl - Processing node: nodeId=msg-node-2, type=state, sessionId=session-2c056b6a-8ac5-43ae-9ce5-df95a74194b1
16:55:33.946 [main] [session-2c056b6a-8ac5-43ae-9ce5-df95a74194b1] INFO  c.x.c.s.WorkflowExecutionServiceImpl - User input handling completed: sessionId=session-2c056b6a-8ac5-43ae-9ce5-df95a74194b1
16:55:33.946 [main] [session-4a7c03b8-52ae-4e0e-b04d-5e1d74932c23] INFO  c.x.c.s.WorkflowExecutionServiceImpl - Handling user input: sessionId=session-4a7c03b8-52ae-4e0e-b04d-5e1d74932c23
16:55:33.946 [main] [session-4a7c03b8-52ae-4e0e-b04d-5e1d74932c23] DEBUG c.x.c.s.WorkflowExecutionServiceImpl - Processing user input for nodeType=input, sessionId=session-4a7c03b8-52ae-4e0e-b04d-5e1d74932c23
16:55:33.946 [main] [session-4a7c03b8-52ae-4e0e-b04d-5e1d74932c23] DEBUG c.x.c.s.WorkflowExecutionServiceImpl - Processing node: nodeId=msg-node-2, type=state, sessionId=session-4a7c03b8-52ae-4e0e-b04d-5e1d74932c23
16:55:33.946 [main] [session-4a7c03b8-52ae-4e0e-b04d-5e1d74932c23] INFO  c.x.c.s.WorkflowExecutionServiceImpl - User input handling completed: sessionId=session-4a7c03b8-52ae-4e0e-b04d-5e1d74932c23
16:55:33.950 [main] [session-23dcd9cb-f646-466b-876a-4fa91cbaba1b] INFO  c.x.c.s.WorkflowExecutionServiceImpl - Handling user input: sessionId=session-23dcd9cb-f646-466b-876a-4fa91cbaba1b
16:55:33.950 [main] [session-23dcd9cb-f646-466b-876a-4fa91cbaba1b] DEBUG c.x.c.s.WorkflowExecutionServiceImpl - Processing user input for nodeType=input, sessionId=session-23dcd9cb-f646-466b-876a-4fa91cbaba1b
16:55:33.950 [main] [session-23dcd9cb-f646-466b-876a-4fa91cbaba1b] DEBUG c.x.c.s.WorkflowExecutionServiceImpl - Processing node: nodeId=msg-node-2, type=state, sessionId=session-23dcd9cb-f646-466b-876a-4fa91cbaba1b
16:55:33.950 [main] [session-23dcd9cb-f646-466b-876a-4fa91cbaba1b] INFO  c.x.c.s.WorkflowExecutionServiceImpl - User input handling completed: sessionId=session-23dcd9cb-f646-466b-876a-4fa91cbaba1b
16:55:33.950 [main] [session-35657b14-857b-4835-8506-8eb557c25047] INFO  c.x.c.s.WorkflowExecutionServiceImpl - Handling user input: sessionId=session-35657b14-857b-4835-8506-8eb557c25047
16:55:33.950 [main] [session-35657b14-857b-4835-8506-8eb557c25047] DEBUG c.x.c.s.WorkflowExecutionServiceImpl - Processing user input for nodeType=input, sessionId=session-35657b14-857b-4835-8506-8eb557c25047
16:55:33.950 [main] [session-35657b14-857b-4835-8506-8eb557c25047] DEBUG c.x.c.s.WorkflowExecutionServiceImpl - Processing node: nodeId=msg-node-2, type=state, sessionId=session-35657b14-857b-4835-8506-8eb557c25047
16:55:33.950 [main] [session-35657b14-857b-4835-8506-8eb557c25047] INFO  c.x.c.s.WorkflowExecutionServiceImpl - User input handling completed: sessionId=session-35657b14-857b-4835-8506-8eb557c25047
16:55:33.951 [main] [session-bc28da2f-f503-4c24-a7ff-0843afb363c1] INFO  c.x.c.s.WorkflowExecutionServiceImpl - Handling user input: sessionId=session-bc28da2f-f503-4c24-a7ff-0843afb363c1
16:55:33.951 [main] [session-bc28da2f-f503-4c24-a7ff-0843afb363c1] DEBUG c.x.c.s.WorkflowExecutionServiceImpl - Processing user input for nodeType=input, sessionId=session-bc28da2f-f503-4c24-a7ff-0843afb363c1
16:55:33.951 [main] [session-bc28da2f-f503-4c24-a7ff-0843afb363c1] DEBUG c.x.c.s.WorkflowExecutionServiceImpl - Processing node: nodeId=msg-node-2, type=state, sessionId=session-bc28da2f-f503-4c24-a7ff-0843afb363c1
16:55:33.951 [main] [session-bc28da2f-f503-4c24-a7ff-0843afb363c1] INFO  c.x.c.s.WorkflowExecutionServiceImpl - User input handling completed: sessionId=session-bc28da2f-f503-4c24-a7ff-0843afb363c1
16:55:33.951 [main] [session-ec51e56c-210a-4d47-90ee-8f7e73587e82] INFO  c.x.c.s.WorkflowExecutionServiceImpl - Handling user input: sessionId=session-ec51e56c-210a-4d47-90ee-8f7e73587e82
16:55:33.951 [main] [session-ec51e56c-210a-4d47-90ee-8f7e73587e82] DEBUG c.x.c.s.WorkflowExecutionServiceImpl - Processing user input for nodeType=input, sessionId=session-ec51e56c-210a-4d47-90ee-8f7e73587e82
16:55:33.951 [main] [session-ec51e56c-210a-4d47-90ee-8f7e73587e82] DEBUG c.x.c.s.WorkflowExecutionServiceImpl - Processing node: nodeId=msg-node-2, type=state, sessionId=session-ec51e56c-210a-4d47-90ee-8f7e73587e82
16:55:33.951 [main] [session-ec51e56c-210a-4d47-90ee-8f7e73587e82] INFO  c.x.c.s.WorkflowExecutionServiceImpl - User input handling completed: sessionId=session-ec51e56c-210a-4d47-90ee-8f7e73587e82
16:55:33.951 [main] [session-60c6e5c3-66c0-4077-87c7-4dfaca49db41] INFO  c.x.c.s.WorkflowExecutionServiceImpl - Handling user input: sessionId=session-60c6e5c3-66c0-4077-87c7-4dfaca49db41
16:55:33.951 [main] [session-60c6e5c3-66c0-4077-87c7-4dfaca49db41] DEBUG c.x.c.s.WorkflowExecutionServiceImpl - Processing user input for nodeType=input, sessionId=session-60c6e5c3-66c0-4077-87c7-4dfaca49db41
16:55:33.951 [main] [session-60c6e5c3-66c0-4077-87c7-4dfaca49db41] DEBUG c.x.c.s.WorkflowExecutionServiceImpl - Processing node: nodeId=msg-node-2, type=state, sessionId=session-60c6e5c3-66c0-4077-87c7-4dfaca49db41
16:55:33.951 [main] [session-60c6e5c3-66c0-4077-87c7-4dfaca49db41] INFO  c.x.c.s.WorkflowExecutionServiceImpl - User input handling completed: sessionId=session-60c6e5c3-66c0-4077-87c7-4dfaca49db41
16:55:33.952 [main] [session-dc7210ad-352e-4d84-aed3-38d06f4860f6] INFO  c.x.c.s.WorkflowExecutionServiceImpl - Handling user input: sessionId=session-dc7210ad-352e-4d84-aed3-38d06f4860f6
16:55:33.952 [main] [session-dc7210ad-352e-4d84-aed3-38d06f4860f6] DEBUG c.x.c.s.WorkflowExecutionServiceImpl - Processing user input for nodeType=input, sessionId=session-dc7210ad-352e-4d84-aed3-38d06f4860f6
16:55:33.952 [main] [session-dc7210ad-352e-4d84-aed3-38d06f4860f6] DEBUG c.x.c.s.WorkflowExecutionServiceImpl - Processing node: nodeId=msg-node-2, type=state, sessionId=session-dc7210ad-352e-4d84-aed3-38d06f4860f6
16:55:33.952 [main] [session-dc7210ad-352e-4d84-aed3-38d06f4860f6] INFO  c.x.c.s.WorkflowExecutionServiceImpl - User input handling completed: sessionId=session-dc7210ad-352e-4d84-aed3-38d06f4860f6
16:55:33.952 [main] [session-9e21df5d-ca3e-44c9-9017-f9b482bbb720] INFO  c.x.c.s.WorkflowExecutionServiceImpl - Handling user input: sessionId=session-9e21df5d-ca3e-44c9-9017-f9b482bbb720
16:55:33.952 [main] [session-9e21df5d-ca3e-44c9-9017-f9b482bbb720] DEBUG c.x.c.s.WorkflowExecutionServiceImpl - Processing user input for nodeType=input, sessionId=session-9e21df5d-ca3e-44c9-9017-f9b482bbb720
16:55:33.952 [main] [session-9e21df5d-ca3e-44c9-9017-f9b482bbb720] DEBUG c.x.c.s.WorkflowExecutionServiceImpl - Processing node: nodeId=msg-node-2, type=state, sessionId=session-9e21df5d-ca3e-44c9-9017-f9b482bbb720
16:55:33.952 [main] [session-9e21df5d-ca3e-44c9-9017-f9b482bbb720] INFO  c.x.c.s.WorkflowExecutionServiceImpl - User input handling completed: sessionId=session-9e21df5d-ca3e-44c9-9017-f9b482bbb720
16:55:33.952 [main] [session-1c0a3b86-6fe2-4ce3-b506-c213d7a7fcc9] INFO  c.x.c.s.WorkflowExecutionServiceImpl - Handling user input: sessionId=session-1c0a3b86-6fe2-4ce3-b506-c213d7a7fcc9
16:55:33.952 [main] [session-1c0a3b86-6fe2-4ce3-b506-c213d7a7fcc9] DEBUG c.x.c.s.WorkflowExecutionServiceImpl - Processing user input for nodeType=input, sessionId=session-1c0a3b86-6fe2-4ce3-b506-c213d7a7fcc9
16:55:33.952 [main] [session-1c0a3b86-6fe2-4ce3-b506-c213d7a7fcc9] DEBUG c.x.c.s.WorkflowExecutionServiceImpl - Processing node: nodeId=msg-node-2, type=state, sessionId=session-1c0a3b86-6fe2-4ce3-b506-c213d7a7fcc9
16:55:33.952 [main] [session-1c0a3b86-6fe2-4ce3-b506-c213d7a7fcc9] INFO  c.x.c.s.WorkflowExecutionServiceImpl - User input handling completed: sessionId=session-1c0a3b86-6fe2-4ce3-b506-c213d7a7fcc9
16:55:33.952 [main] [session-b5082aef-8749-4ba9-bfd7-cddf3f743793] INFO  c.x.c.s.WorkflowExecutionServiceImpl - Handling user input: sessionId=session-b5082aef-8749-4ba9-bfd7-cddf3f743793
16:55:33.952 [main] [session-b5082aef-8749-4ba9-bfd7-cddf3f743793] DEBUG c.x.c.s.WorkflowExecutionServiceImpl - Processing user input for nodeType=input, sessionId=session-b5082aef-8749-4ba9-bfd7-cddf3f743793
16:55:33.952 [main] [session-b5082aef-8749-4ba9-bfd7-cddf3f743793] DEBUG c.x.c.s.WorkflowExecutionServiceImpl - Processing node: nodeId=msg-node-2, type=state, sessionId=session-b5082aef-8749-4ba9-bfd7-cddf3f743793
16:55:33.953 [main] [session-b5082aef-8749-4ba9-bfd7-cddf3f743793] INFO  c.x.c.s.WorkflowExecutionServiceImpl - User input handling completed: sessionId=session-b5082aef-8749-4ba9-bfd7-cddf3f743793
16:55:33.953 [main] [session-4403bb45-084f-419a-ba0f-6f71bca78af0] INFO  c.x.c.s.WorkflowExecutionServiceImpl - Handling user input: sessionId=session-4403bb45-084f-419a-ba0f-6f71bca78af0
16:55:33.953 [main] [session-4403bb45-084f-419a-ba0f-6f71bca78af0] DEBUG c.x.c.s.WorkflowExecutionServiceImpl - Processing user input for nodeType=input, sessionId=session-4403bb45-084f-419a-ba0f-6f71bca78af0
16:55:33.953 [main] [session-4403bb45-084f-419a-ba0f-6f71bca78af0] DEBUG c.x.c.s.WorkflowExecutionServiceImpl - Processing node: nodeId=msg-node-2, type=state, sessionId=session-4403bb45-084f-419a-ba0f-6f71bca78af0
16:55:33.953 [main] [session-4403bb45-084f-419a-ba0f-6f71bca78af0] INFO  c.x.c.s.WorkflowExecutionServiceImpl - User input handling completed: sessionId=session-4403bb45-084f-419a-ba0f-6f71bca78af0
16:55:33.953 [main] [session-194b2707-ee44-4f31-aaa7-bc009983b4de] INFO  c.x.c.s.WorkflowExecutionServiceImpl - Handling user input: sessionId=session-194b2707-ee44-4f31-aaa7-bc009983b4de
16:55:33.953 [main] [session-194b2707-ee44-4f31-aaa7-bc009983b4de] DEBUG c.x.c.s.WorkflowExecutionServiceImpl - Processing user input for nodeType=input, sessionId=session-194b2707-ee44-4f31-aaa7-bc009983b4de
16:55:33.953 [main] [session-194b2707-ee44-4f31-aaa7-bc009983b4de] DEBUG c.x.c.s.WorkflowExecutionServiceImpl - Processing node: nodeId=msg-node-2, type=state, sessionId=session-194b2707-ee44-4f31-aaa7-bc009983b4de
16:55:33.953 [main] [session-194b2707-ee44-4f31-aaa7-bc009983b4de] INFO  c.x.c.s.WorkflowExecutionServiceImpl - User input handling completed: sessionId=session-194b2707-ee44-4f31-aaa7-bc009983b4de
16:55:33.953 [main] [session-1851a9db-e579-4996-818e-ef30d6f0cb7c] INFO  c.x.c.s.WorkflowExecutionServiceImpl - Handling user input: sessionId=session-1851a9db-e579-4996-818e-ef30d6f0cb7c
16:55:33.953 [main] [session-1851a9db-e579-4996-818e-ef30d6f0cb7c] DEBUG c.x.c.s.WorkflowExecutionServiceImpl - Processing user input for nodeType=input, sessionId=session-1851a9db-e579-4996-818e-ef30d6f0cb7c
16:55:33.953 [main] [session-1851a9db-e579-4996-818e-ef30d6f0cb7c] DEBUG c.x.c.s.WorkflowExecutionServiceImpl - Processing node: nodeId=msg-node-2, type=state, sessionId=session-1851a9db-e579-4996-818e-ef30d6f0cb7c
16:55:33.953 [main] [session-1851a9db-e579-4996-818e-ef30d6f0cb7c] INFO  c.x.c.s.WorkflowExecutionServiceImpl - User input handling completed: sessionId=session-1851a9db-e579-4996-818e-ef30d6f0cb7c
16:55:33.954 [main] [session-7e8a8382-e664-4b20-b72f-4d7dd4666fb0] INFO  c.x.c.s.WorkflowExecutionServiceImpl - Handling user input: sessionId=session-7e8a8382-e664-4b20-b72f-4d7dd4666fb0
16:55:33.954 [main] [session-7e8a8382-e664-4b20-b72f-4d7dd4666fb0] DEBUG c.x.c.s.WorkflowExecutionServiceImpl - Processing user input for nodeType=input, sessionId=session-7e8a8382-e664-4b20-b72f-4d7dd4666fb0
16:55:33.954 [main] [session-7e8a8382-e664-4b20-b72f-4d7dd4666fb0] DEBUG c.x.c.s.WorkflowExecutionServiceImpl - Processing node: nodeId=msg-node-2, type=state, sessionId=session-7e8a8382-e664-4b20-b72f-4d7dd4666fb0
16:55:33.954 [main] [session-7e8a8382-e664-4b20-b72f-4d7dd4666fb0] INFO  c.x.c.s.WorkflowExecutionServiceImpl - User input handling completed: sessionId=session-7e8a8382-e664-4b20-b72f-4d7dd4666fb0
16:55:33.954 [main] [session-b5e426ed-0a07-4d3e-b094-bc29b942edcd] INFO  c.x.c.s.WorkflowExecutionServiceImpl - Handling user input: sessionId=session-b5e426ed-0a07-4d3e-b094-bc29b942edcd
16:55:33.954 [main] [session-b5e426ed-0a07-4d3e-b094-bc29b942edcd] DEBUG c.x.c.s.WorkflowExecutionServiceImpl - Processing user input for nodeType=input, sessionId=session-b5e426ed-0a07-4d3e-b094-bc29b942edcd
16:55:33.954 [main] [session-b5e426ed-0a07-4d3e-b094-bc29b942edcd] DEBUG c.x.c.s.WorkflowExecutionServiceImpl - Processing node: nodeId=msg-node-2, type=state, sessionId=session-b5e426ed-0a07-4d3e-b094-bc29b942edcd
16:55:33.954 [main] [session-b5e426ed-0a07-4d3e-b094-bc29b942edcd] INFO  c.x.c.s.WorkflowExecutionServiceImpl - User input handling completed: sessionId=session-b5e426ed-0a07-4d3e-b094-bc29b942edcd
16:55:33.954 [main] [session-b84fd2b1-5405-4f32-8eab-a3ab5e235162] INFO  c.x.c.s.WorkflowExecutionServiceImpl - Handling user input: sessionId=session-b84fd2b1-5405-4f32-8eab-a3ab5e235162
16:55:33.954 [main] [session-b84fd2b1-5405-4f32-8eab-a3ab5e235162] DEBUG c.x.c.s.WorkflowExecutionServiceImpl - Processing user input for nodeType=input, sessionId=session-b84fd2b1-5405-4f32-8eab-a3ab5e235162
16:55:33.954 [main] [session-b84fd2b1-5405-4f32-8eab-a3ab5e235162] DEBUG c.x.c.s.WorkflowExecutionServiceImpl - Processing node: nodeId=msg-node-2, type=state, sessionId=session-b84fd2b1-5405-4f32-8eab-a3ab5e235162
16:55:33.954 [main] [session-b84fd2b1-5405-4f32-8eab-a3ab5e235162] INFO  c.x.c.s.WorkflowExecutionServiceImpl - User input handling completed: sessionId=session-b84fd2b1-5405-4f32-8eab-a3ab5e235162
16:55:33.954 [main] [session-84f69583-8ea8-419d-8f16-cc166c528958] INFO  c.x.c.s.WorkflowExecutionServiceImpl - Handling user input: sessionId=session-84f69583-8ea8-419d-8f16-cc166c528958
16:55:33.954 [main] [session-84f69583-8ea8-419d-8f16-cc166c528958] DEBUG c.x.c.s.WorkflowExecutionServiceImpl - Processing user input for nodeType=input, sessionId=session-84f69583-8ea8-419d-8f16-cc166c528958
16:55:33.954 [main] [session-84f69583-8ea8-419d-8f16-cc166c528958] DEBUG c.x.c.s.WorkflowExecutionServiceImpl - Processing node: nodeId=msg-node-2, type=state, sessionId=session-84f69583-8ea8-419d-8f16-cc166c528958
16:55:33.954 [main] [session-84f69583-8ea8-419d-8f16-cc166c528958] INFO  c.x.c.s.WorkflowExecutionServiceImpl - User input handling completed: sessionId=session-84f69583-8ea8-419d-8f16-cc166c528958
16:55:33.954 [main] [session-f7587a30-a24c-4d4e-a78a-3501c6b7114e] INFO  c.x.c.s.WorkflowExecutionServiceImpl - Handling user input: sessionId=session-f7587a30-a24c-4d4e-a78a-3501c6b7114e
16:55:33.954 [main] [session-f7587a30-a24c-4d4e-a78a-3501c6b7114e] DEBUG c.x.c.s.WorkflowExecutionServiceImpl - Processing user input for nodeType=input, sessionId=session-f7587a30-a24c-4d4e-a78a-3501c6b7114e
16:55:33.954 [main] [session-f7587a30-a24c-4d4e-a78a-3501c6b7114e] DEBUG c.x.c.s.WorkflowExecutionServiceImpl - Processing node: nodeId=msg-node-2, type=state, sessionId=session-f7587a30-a24c-4d4e-a78a-3501c6b7114e
16:55:33.954 [main] [session-f7587a30-a24c-4d4e-a78a-3501c6b7114e] INFO  c.x.c.s.WorkflowExecutionServiceImpl - User input handling completed: sessionId=session-f7587a30-a24c-4d4e-a78a-3501c6b7114e
16:55:33.954 [main] [session-b54fb296-9a72-4df6-aa85-9321db832ef0] INFO  c.x.c.s.WorkflowExecutionServiceImpl - Handling user input: sessionId=session-b54fb296-9a72-4df6-aa85-9321db832ef0
16:55:33.954 [main] [session-b54fb296-9a72-4df6-aa85-9321db832ef0] DEBUG c.x.c.s.WorkflowExecutionServiceImpl - Processing user input for nodeType=input, sessionId=session-b54fb296-9a72-4df6-aa85-9321db832ef0
16:55:33.954 [main] [session-b54fb296-9a72-4df6-aa85-9321db832ef0] DEBUG c.x.c.s.WorkflowExecutionServiceImpl - Processing node: nodeId=msg-node-2, type=state, sessionId=session-b54fb296-9a72-4df6-aa85-9321db832ef0
16:55:33.954 [main] [session-b54fb296-9a72-4df6-aa85-9321db832ef0] INFO  c.x.c.s.WorkflowExecutionServiceImpl - User input handling completed: sessionId=session-b54fb296-9a72-4df6-aa85-9321db832ef0
16:55:33.954 [main] [session-e7b8e3b8-95b3-408e-9c39-817de543edd6] INFO  c.x.c.s.WorkflowExecutionServiceImpl - Handling user input: sessionId=session-e7b8e3b8-95b3-408e-9c39-817de543edd6
16:55:33.954 [main] [session-e7b8e3b8-95b3-408e-9c39-817de543edd6] DEBUG c.x.c.s.WorkflowExecutionServiceImpl - Processing user input for nodeType=input, sessionId=session-e7b8e3b8-95b3-408e-9c39-817de543edd6
16:55:33.954 [main] [session-e7b8e3b8-95b3-408e-9c39-817de543edd6] DEBUG c.x.c.s.WorkflowExecutionServiceImpl - Processing node: nodeId=msg-node-2, type=state, sessionId=session-e7b8e3b8-95b3-408e-9c39-817de543edd6
16:55:33.954 [main] [session-e7b8e3b8-95b3-408e-9c39-817de543edd6] INFO  c.x.c.s.WorkflowExecutionServiceImpl - User input handling completed: sessionId=session-e7b8e3b8-95b3-408e-9c39-817de543edd6
16:55:33.954 [main] [session-4ba20f7c-a6f3-4b70-b512-231bd30596d4] INFO  c.x.c.s.WorkflowExecutionServiceImpl - Handling user input: sessionId=session-4ba20f7c-a6f3-4b70-b512-231bd30596d4
16:55:33.954 [main] [session-4ba20f7c-a6f3-4b70-b512-231bd30596d4] DEBUG c.x.c.s.WorkflowExecutionServiceImpl - Processing user input for nodeType=input, sessionId=session-4ba20f7c-a6f3-4b70-b512-231bd30596d4
16:55:33.954 [main] [session-4ba20f7c-a6f3-4b70-b512-231bd30596d4] DEBUG c.x.c.s.WorkflowExecutionServiceImpl - Processing node: nodeId=msg-node-2, type=state, sessionId=session-4ba20f7c-a6f3-4b70-b512-231bd30596d4
16:55:33.954 [main] [session-4ba20f7c-a6f3-4b70-b512-231bd30596d4] INFO  c.x.c.s.WorkflowExecutionServiceImpl - User input handling completed: sessionId=session-4ba20f7c-a6f3-4b70-b512-231bd30596d4
16:55:33.959 [main] [session-dffcb7a7-9de2-422d-9fcb-cff6fc979292] INFO  c.x.c.s.WorkflowExecutionServiceImpl - Handling user input: sessionId=session-dffcb7a7-9de2-422d-9fcb-cff6fc979292
16:55:33.959 [main] [session-dffcb7a7-9de2-422d-9fcb-cff6fc979292] DEBUG c.x.c.s.WorkflowExecutionServiceImpl - Processing user input for nodeType=input, sessionId=session-dffcb7a7-9de2-422d-9fcb-cff6fc979292
16:55:33.959 [main] [session-dffcb7a7-9de2-422d-9fcb-cff6fc979292] DEBUG c.x.c.s.WorkflowExecutionServiceImpl - Processing node: nodeId=msg-node-2, type=state, sessionId=session-dffcb7a7-9de2-422d-9fcb-cff6fc979292
16:55:33.959 [main] [session-dffcb7a7-9de2-422d-9fcb-cff6fc979292] INFO  c.x.c.s.WorkflowExecutionServiceImpl - User input handling completed: sessionId=session-dffcb7a7-9de2-422d-9fcb-cff6fc979292
16:55:33.959 [main] [session-051e1cce-49dc-4775-858e-fa703cd29ce4] INFO  c.x.c.s.WorkflowExecutionServiceImpl - Handling user input: sessionId=session-051e1cce-49dc-4775-858e-fa703cd29ce4
16:55:33.959 [main] [session-051e1cce-49dc-4775-858e-fa703cd29ce4] DEBUG c.x.c.s.WorkflowExecutionServiceImpl - Processing user input for nodeType=input, sessionId=session-051e1cce-49dc-4775-858e-fa703cd29ce4
16:55:33.959 [main] [session-051e1cce-49dc-4775-858e-fa703cd29ce4] DEBUG c.x.c.s.WorkflowExecutionServiceImpl - Processing node: nodeId=msg-node-2, type=state, sessionId=session-051e1cce-49dc-4775-858e-fa703cd29ce4
16:55:33.959 [main] [session-051e1cce-49dc-4775-858e-fa703cd29ce4] INFO  c.x.c.s.WorkflowExecutionServiceImpl - User input handling completed: sessionId=session-051e1cce-49dc-4775-858e-fa703cd29ce4
16:55:33.959 [main] [session-861de529-cc83-43a6-91f8-2265d68d965d] INFO  c.x.c.s.WorkflowExecutionServiceImpl - Handling user input: sessionId=session-861de529-cc83-43a6-91f8-2265d68d965d
16:55:33.961 [main] [session-861de529-cc83-43a6-91f8-2265d68d965d] DEBUG c.x.c.s.WorkflowExecutionServiceImpl - Processing user input for nodeType=input, sessionId=session-861de529-cc83-43a6-91f8-2265d68d965d
16:55:33.961 [main] [session-861de529-cc83-43a6-91f8-2265d68d965d] DEBUG c.x.c.s.WorkflowExecutionServiceImpl - Processing node: nodeId=msg-node-2, type=state, sessionId=session-861de529-cc83-43a6-91f8-2265d68d965d
16:55:33.961 [main] [session-861de529-cc83-43a6-91f8-2265d68d965d] INFO  c.x.c.s.WorkflowExecutionServiceImpl - User input handling completed: sessionId=session-861de529-cc83-43a6-91f8-2265d68d965d
16:55:33.961 [main] [session-025b36d8-99e0-4c30-a51f-c4e2cd3aadb5] INFO  c.x.c.s.WorkflowExecutionServiceImpl - Handling user input: sessionId=session-025b36d8-99e0-4c30-a51f-c4e2cd3aadb5
16:55:33.963 [main] [session-025b36d8-99e0-4c30-a51f-c4e2cd3aadb5] DEBUG c.x.c.s.WorkflowExecutionServiceImpl - Processing user input for nodeType=input, sessionId=session-025b36d8-99e0-4c30-a51f-c4e2cd3aadb5
16:55:33.963 [main] [session-025b36d8-99e0-4c30-a51f-c4e2cd3aadb5] DEBUG c.x.c.s.WorkflowExecutionServiceImpl - Processing node: nodeId=msg-node-2, type=state, sessionId=session-025b36d8-99e0-4c30-a51f-c4e2cd3aadb5
16:55:33.963 [main] [session-025b36d8-99e0-4c30-a51f-c4e2cd3aadb5] INFO  c.x.c.s.WorkflowExecutionServiceImpl - User input handling completed: sessionId=session-025b36d8-99e0-4c30-a51f-c4e2cd3aadb5
16:55:33.964 [main] [session-d7a848c3-da82-48d7-b90c-4a318171c0c9] INFO  c.x.c.s.WorkflowExecutionServiceImpl - Handling user input: sessionId=session-d7a848c3-da82-48d7-b90c-4a318171c0c9
16:55:33.964 [main] [session-d7a848c3-da82-48d7-b90c-4a318171c0c9] DEBUG c.x.c.s.WorkflowExecutionServiceImpl - Processing user input for nodeType=input, sessionId=session-d7a848c3-da82-48d7-b90c-4a318171c0c9
16:55:33.964 [main] [session-d7a848c3-da82-48d7-b90c-4a318171c0c9] DEBUG c.x.c.s.WorkflowExecutionServiceImpl - Processing node: nodeId=msg-node-2, type=state, sessionId=session-d7a848c3-da82-48d7-b90c-4a318171c0c9
16:55:33.964 [main] [session-d7a848c3-da82-48d7-b90c-4a318171c0c9] INFO  c.x.c.s.WorkflowExecutionServiceImpl - User input handling completed: sessionId=session-d7a848c3-da82-48d7-b90c-4a318171c0c9
16:55:33.965 [main] [session-8d9f5ab4-f9cd-44a2-968a-9372c242ca35] INFO  c.x.c.s.WorkflowExecutionServiceImpl - Handling user input: sessionId=session-8d9f5ab4-f9cd-44a2-968a-9372c242ca35
16:55:33.965 [main] [session-8d9f5ab4-f9cd-44a2-968a-9372c242ca35] DEBUG c.x.c.s.WorkflowExecutionServiceImpl - Processing user input for nodeType=input, sessionId=session-8d9f5ab4-f9cd-44a2-968a-9372c242ca35
16:55:33.965 [main] [session-8d9f5ab4-f9cd-44a2-968a-9372c242ca35] DEBUG c.x.c.s.WorkflowExecutionServiceImpl - Processing node: nodeId=msg-node-2, type=state, sessionId=session-8d9f5ab4-f9cd-44a2-968a-9372c242ca35
16:55:33.965 [main] [session-8d9f5ab4-f9cd-44a2-968a-9372c242ca35] INFO  c.x.c.s.WorkflowExecutionServiceImpl - User input handling completed: sessionId=session-8d9f5ab4-f9cd-44a2-968a-9372c242ca35
16:55:33.966 [main] [session-46a503ce-7608-4243-ae2d-ea8a281dc507] INFO  c.x.c.s.WorkflowExecutionServiceImpl - Handling user input: sessionId=session-46a503ce-7608-4243-ae2d-ea8a281dc507
16:55:33.966 [main] [session-46a503ce-7608-4243-ae2d-ea8a281dc507] DEBUG c.x.c.s.WorkflowExecutionServiceImpl - Processing user input for nodeType=input, sessionId=session-46a503ce-7608-4243-ae2d-ea8a281dc507
16:55:33.966 [main] [session-46a503ce-7608-4243-ae2d-ea8a281dc507] DEBUG c.x.c.s.WorkflowExecutionServiceImpl - Processing node: nodeId=msg-node-2, type=state, sessionId=session-46a503ce-7608-4243-ae2d-ea8a281dc507
16:55:33.966 [main] [session-46a503ce-7608-4243-ae2d-ea8a281dc507] INFO  c.x.c.s.WorkflowExecutionServiceImpl - User input handling completed: sessionId=session-46a503ce-7608-4243-ae2d-ea8a281dc507
16:55:33.967 [main] [session-22487bec-55d0-46b6-a964-e24de65a2af2] INFO  c.x.c.s.WorkflowExecutionServiceImpl - Handling user input: sessionId=session-22487bec-55d0-46b6-a964-e24de65a2af2
16:55:33.967 [main] [session-22487bec-55d0-46b6-a964-e24de65a2af2] DEBUG c.x.c.s.WorkflowExecutionServiceImpl - Processing user input for nodeType=input, sessionId=session-22487bec-55d0-46b6-a964-e24de65a2af2
16:55:33.967 [main] [session-22487bec-55d0-46b6-a964-e24de65a2af2] DEBUG c.x.c.s.WorkflowExecutionServiceImpl - Processing node: nodeId=msg-node-2, type=state, sessionId=session-22487bec-55d0-46b6-a964-e24de65a2af2
16:55:33.967 [main] [session-22487bec-55d0-46b6-a964-e24de65a2af2] INFO  c.x.c.s.WorkflowExecutionServiceImpl - User input handling completed: sessionId=session-22487bec-55d0-46b6-a964-e24de65a2af2
16:55:33.967 [main] [session-6c7e52cf-3693-46fc-a68a-ccbb7b733e13] INFO  c.x.c.s.WorkflowExecutionServiceImpl - Handling user input: sessionId=session-6c7e52cf-3693-46fc-a68a-ccbb7b733e13
16:55:33.968 [main] [session-6c7e52cf-3693-46fc-a68a-ccbb7b733e13] DEBUG c.x.c.s.WorkflowExecutionServiceImpl - Processing user input for nodeType=input, sessionId=session-6c7e52cf-3693-46fc-a68a-ccbb7b733e13
16:55:33.968 [main] [session-6c7e52cf-3693-46fc-a68a-ccbb7b733e13] DEBUG c.x.c.s.WorkflowExecutionServiceImpl - Processing node: nodeId=msg-node-2, type=state, sessionId=session-6c7e52cf-3693-46fc-a68a-ccbb7b733e13
16:55:33.968 [main] [session-6c7e52cf-3693-46fc-a68a-ccbb7b733e13] INFO  c.x.c.s.WorkflowExecutionServiceImpl - User input handling completed: sessionId=session-6c7e52cf-3693-46fc-a68a-ccbb7b733e13
16:55:33.968 [main] [session-2850f484-67c8-4ef5-a570-cd30293ebb70] INFO  c.x.c.s.WorkflowExecutionServiceImpl - Handling user input: sessionId=session-2850f484-67c8-4ef5-a570-cd30293ebb70
16:55:33.968 [main] [session-2850f484-67c8-4ef5-a570-cd30293ebb70] DEBUG c.x.c.s.WorkflowExecutionServiceImpl - Processing user input for nodeType=input, sessionId=session-2850f484-67c8-4ef5-a570-cd30293ebb70
16:55:33.968 [main] [session-2850f484-67c8-4ef5-a570-cd30293ebb70] DEBUG c.x.c.s.WorkflowExecutionServiceImpl - Processing node: nodeId=msg-node-2, type=state, sessionId=session-2850f484-67c8-4ef5-a570-cd30293ebb70
16:55:33.969 [main] [session-2850f484-67c8-4ef5-a570-cd30293ebb70] INFO  c.x.c.s.WorkflowExecutionServiceImpl - User input handling completed: sessionId=session-2850f484-67c8-4ef5-a570-cd30293ebb70
16:55:33.969 [main] [session-3d06ba4b-0c87-43c6-86e7-5f57f5e31722] INFO  c.x.c.s.WorkflowExecutionServiceImpl - Handling user input: sessionId=session-3d06ba4b-0c87-43c6-86e7-5f57f5e31722
16:55:33.969 [main] [session-3d06ba4b-0c87-43c6-86e7-5f57f5e31722] DEBUG c.x.c.s.WorkflowExecutionServiceImpl - Processing user input for nodeType=input, sessionId=session-3d06ba4b-0c87-43c6-86e7-5f57f5e31722
16:55:33.969 [main] [session-3d06ba4b-0c87-43c6-86e7-5f57f5e31722] DEBUG c.x.c.s.WorkflowExecutionServiceImpl - Processing node: nodeId=msg-node-2, type=state, sessionId=session-3d06ba4b-0c87-43c6-86e7-5f57f5e31722
16:55:33.970 [main] [session-3d06ba4b-0c87-43c6-86e7-5f57f5e31722] INFO  c.x.c.s.WorkflowExecutionServiceImpl - User input handling completed: sessionId=session-3d06ba4b-0c87-43c6-86e7-5f57f5e31722
16:55:33.972 [main] [session-58e26458-bcc1-45b8-bcd0-62c5a7718c4d] INFO  c.x.c.s.WorkflowExecutionServiceImpl - Handling user input: sessionId=session-58e26458-bcc1-45b8-bcd0-62c5a7718c4d
16:55:33.972 [main] [session-58e26458-bcc1-45b8-bcd0-62c5a7718c4d] DEBUG c.x.c.s.WorkflowExecutionServiceImpl - Processing user input for nodeType=input, sessionId=session-58e26458-bcc1-45b8-bcd0-62c5a7718c4d
16:55:33.972 [main] [session-58e26458-bcc1-45b8-bcd0-62c5a7718c4d] DEBUG c.x.c.s.WorkflowExecutionServiceImpl - Processing node: nodeId=msg-node-2, type=state, sessionId=session-58e26458-bcc1-45b8-bcd0-62c5a7718c4d
16:55:33.972 [main] [session-58e26458-bcc1-45b8-bcd0-62c5a7718c4d] INFO  c.x.c.s.WorkflowExecutionServiceImpl - User input handling completed: sessionId=session-58e26458-bcc1-45b8-bcd0-62c5a7718c4d
16:55:33.973 [main] [session-ccdd43d9-c8c4-48a8-b3c7-431bfb5b2af5] INFO  c.x.c.s.WorkflowExecutionServiceImpl - Handling user input: sessionId=session-ccdd43d9-c8c4-48a8-b3c7-431bfb5b2af5
16:55:33.973 [main] [session-ccdd43d9-c8c4-48a8-b3c7-431bfb5b2af5] DEBUG c.x.c.s.WorkflowExecutionServiceImpl - Processing user input for nodeType=input, sessionId=session-ccdd43d9-c8c4-48a8-b3c7-431bfb5b2af5
16:55:33.973 [main] [session-ccdd43d9-c8c4-48a8-b3c7-431bfb5b2af5] DEBUG c.x.c.s.WorkflowExecutionServiceImpl - Processing node: nodeId=msg-node-2, type=state, sessionId=session-ccdd43d9-c8c4-48a8-b3c7-431bfb5b2af5
16:55:33.973 [main] [session-ccdd43d9-c8c4-48a8-b3c7-431bfb5b2af5] INFO  c.x.c.s.WorkflowExecutionServiceImpl - User input handling completed: sessionId=session-ccdd43d9-c8c4-48a8-b3c7-431bfb5b2af5
16:55:33.974 [main] [session-f2e16a68-1486-4823-93c4-660355a7fcff] INFO  c.x.c.s.WorkflowExecutionServiceImpl - Handling user input: sessionId=session-f2e16a68-1486-4823-93c4-660355a7fcff
16:55:33.974 [main] [session-f2e16a68-1486-4823-93c4-660355a7fcff] DEBUG c.x.c.s.WorkflowExecutionServiceImpl - Processing user input for nodeType=input, sessionId=session-f2e16a68-1486-4823-93c4-660355a7fcff
16:55:33.974 [main] [session-f2e16a68-1486-4823-93c4-660355a7fcff] DEBUG c.x.c.s.WorkflowExecutionServiceImpl - Processing node: nodeId=msg-node-2, type=state, sessionId=session-f2e16a68-1486-4823-93c4-660355a7fcff
16:55:33.974 [main] [session-f2e16a68-1486-4823-93c4-660355a7fcff] INFO  c.x.c.s.WorkflowExecutionServiceImpl - User input handling completed: sessionId=session-f2e16a68-1486-4823-93c4-660355a7fcff
16:55:33.974 [main] [session-a3ecfb38-ba01-444b-9e53-52fc4ef8a61c] INFO  c.x.c.s.WorkflowExecutionServiceImpl - Handling user input: sessionId=session-a3ecfb38-ba01-444b-9e53-52fc4ef8a61c
16:55:33.975 [main] [session-a3ecfb38-ba01-444b-9e53-52fc4ef8a61c] DEBUG c.x.c.s.WorkflowExecutionServiceImpl - Processing user input for nodeType=input, sessionId=session-a3ecfb38-ba01-444b-9e53-52fc4ef8a61c
16:55:33.975 [main] [session-a3ecfb38-ba01-444b-9e53-52fc4ef8a61c] DEBUG c.x.c.s.WorkflowExecutionServiceImpl - Processing node: nodeId=msg-node-2, type=state, sessionId=session-a3ecfb38-ba01-444b-9e53-52fc4ef8a61c
16:55:33.975 [main] [session-a3ecfb38-ba01-444b-9e53-52fc4ef8a61c] INFO  c.x.c.s.WorkflowExecutionServiceImpl - User input handling completed: sessionId=session-a3ecfb38-ba01-444b-9e53-52fc4ef8a61c
16:55:33.975 [main] [session-2c1a3a7f-c48e-4914-91fe-a1b94bc3c60a] INFO  c.x.c.s.WorkflowExecutionServiceImpl - Handling user input: sessionId=session-2c1a3a7f-c48e-4914-91fe-a1b94bc3c60a
16:55:33.975 [main] [session-2c1a3a7f-c48e-4914-91fe-a1b94bc3c60a] DEBUG c.x.c.s.WorkflowExecutionServiceImpl - Processing user input for nodeType=input, sessionId=session-2c1a3a7f-c48e-4914-91fe-a1b94bc3c60a
16:55:33.975 [main] [session-2c1a3a7f-c48e-4914-91fe-a1b94bc3c60a] DEBUG c.x.c.s.WorkflowExecutionServiceImpl - Processing node: nodeId=msg-node-2, type=state, sessionId=session-2c1a3a7f-c48e-4914-91fe-a1b94bc3c60a
16:55:33.975 [main] [session-2c1a3a7f-c48e-4914-91fe-a1b94bc3c60a] INFO  c.x.c.s.WorkflowExecutionServiceImpl - User input handling completed: sessionId=session-2c1a3a7f-c48e-4914-91fe-a1b94bc3c60a
16:55:33.978 [main] [session-e5a75fa6-2e68-4fff-8e47-b0b9bf0ebb65] INFO  c.x.c.s.WorkflowExecutionServiceImpl - Handling user input: sessionId=session-e5a75fa6-2e68-4fff-8e47-b0b9bf0ebb65
16:55:33.978 [main] [session-e5a75fa6-2e68-4fff-8e47-b0b9bf0ebb65] DEBUG c.x.c.s.WorkflowExecutionServiceImpl - Processing user input for nodeType=input, sessionId=session-e5a75fa6-2e68-4fff-8e47-b0b9bf0ebb65
16:55:33.978 [main] [session-e5a75fa6-2e68-4fff-8e47-b0b9bf0ebb65] DEBUG c.x.c.s.WorkflowExecutionServiceImpl - Processing node: nodeId=msg-node-2, type=state, sessionId=session-e5a75fa6-2e68-4fff-8e47-b0b9bf0ebb65
16:55:33.978 [main] [session-e5a75fa6-2e68-4fff-8e47-b0b9bf0ebb65] INFO  c.x.c.s.WorkflowExecutionServiceImpl - User input handling completed: sessionId=session-e5a75fa6-2e68-4fff-8e47-b0b9bf0ebb65
16:55:33.980 [main] [session-da923679-1765-48b5-9980-e5ad69f8b350] INFO  c.x.c.s.WorkflowExecutionServiceImpl - Handling user input: sessionId=session-da923679-1765-48b5-9980-e5ad69f8b350
16:55:33.980 [main] [session-da923679-1765-48b5-9980-e5ad69f8b350] DEBUG c.x.c.s.WorkflowExecutionServiceImpl - Processing user input for nodeType=input, sessionId=session-da923679-1765-48b5-9980-e5ad69f8b350
16:55:33.980 [main] [session-da923679-1765-48b5-9980-e5ad69f8b350] DEBUG c.x.c.s.WorkflowExecutionServiceImpl - Processing node: nodeId=msg-node-2, type=state, sessionId=session-da923679-1765-48b5-9980-e5ad69f8b350
16:55:33.980 [main] [session-da923679-1765-48b5-9980-e5ad69f8b350] INFO  c.x.c.s.WorkflowExecutionServiceImpl - User input handling completed: sessionId=session-da923679-1765-48b5-9980-e5ad69f8b350
16:55:33.982 [main] [session-9f4e2ee5-7598-421c-af63-52c9f37cfc9b] INFO  c.x.c.s.WorkflowExecutionServiceImpl - Handling user input: sessionId=session-9f4e2ee5-7598-421c-af63-52c9f37cfc9b
16:55:33.982 [main] [session-9f4e2ee5-7598-421c-af63-52c9f37cfc9b] DEBUG c.x.c.s.WorkflowExecutionServiceImpl - Processing user input for nodeType=input, sessionId=session-9f4e2ee5-7598-421c-af63-52c9f37cfc9b
16:55:33.982 [main] [session-9f4e2ee5-7598-421c-af63-52c9f37cfc9b] DEBUG c.x.c.s.WorkflowExecutionServiceImpl - Processing node: nodeId=msg-node-2, type=state, sessionId=session-9f4e2ee5-7598-421c-af63-52c9f37cfc9b
16:55:33.983 [main] [session-9f4e2ee5-7598-421c-af63-52c9f37cfc9b] INFO  c.x.c.s.WorkflowExecutionServiceImpl - User input handling completed: sessionId=session-9f4e2ee5-7598-421c-af63-52c9f37cfc9b
16:55:33.984 [main] [session-65bb0fc6-92d7-4eac-bc76-151373589211] INFO  c.x.c.s.WorkflowExecutionServiceImpl - Handling user input: sessionId=session-65bb0fc6-92d7-4eac-bc76-151373589211
16:55:33.984 [main] [session-65bb0fc6-92d7-4eac-bc76-151373589211] DEBUG c.x.c.s.WorkflowExecutionServiceImpl - Processing user input for nodeType=input, sessionId=session-65bb0fc6-92d7-4eac-bc76-151373589211
16:55:33.984 [main] [session-65bb0fc6-92d7-4eac-bc76-151373589211] DEBUG c.x.c.s.WorkflowExecutionServiceImpl - Processing node: nodeId=msg-node-2, type=state, sessionId=session-65bb0fc6-92d7-4eac-bc76-151373589211
16:55:33.984 [main] [session-65bb0fc6-92d7-4eac-bc76-151373589211] INFO  c.x.c.s.WorkflowExecutionServiceImpl - User input handling completed: sessionId=session-65bb0fc6-92d7-4eac-bc76-151373589211
16:55:33.985 [main] [session-e9b16b1d-aedf-4259-9417-40179da26859] INFO  c.x.c.s.WorkflowExecutionServiceImpl - Handling user input: sessionId=session-e9b16b1d-aedf-4259-9417-40179da26859
16:55:33.985 [main] [session-e9b16b1d-aedf-4259-9417-40179da26859] DEBUG c.x.c.s.WorkflowExecutionServiceImpl - Processing user input for nodeType=input, sessionId=session-e9b16b1d-aedf-4259-9417-40179da26859
16:55:33.985 [main] [session-e9b16b1d-aedf-4259-9417-40179da26859] DEBUG c.x.c.s.WorkflowExecutionServiceImpl - Processing node: nodeId=msg-node-2, type=state, sessionId=session-e9b16b1d-aedf-4259-9417-40179da26859
16:55:33.985 [main] [session-e9b16b1d-aedf-4259-9417-40179da26859] INFO  c.x.c.s.WorkflowExecutionServiceImpl - User input handling completed: sessionId=session-e9b16b1d-aedf-4259-9417-40179da26859
16:55:33.985 [main] [session-06ddbfdb-c9e0-4b51-bc81-1d1008120d84] INFO  c.x.c.s.WorkflowExecutionServiceImpl - Handling user input: sessionId=session-06ddbfdb-c9e0-4b51-bc81-1d1008120d84
16:55:33.985 [main] [session-06ddbfdb-c9e0-4b51-bc81-1d1008120d84] DEBUG c.x.c.s.WorkflowExecutionServiceImpl - Processing user input for nodeType=input, sessionId=session-06ddbfdb-c9e0-4b51-bc81-1d1008120d84
16:55:33.985 [main] [session-06ddbfdb-c9e0-4b51-bc81-1d1008120d84] DEBUG c.x.c.s.WorkflowExecutionServiceImpl - Processing node: nodeId=msg-node-2, type=state, sessionId=session-06ddbfdb-c9e0-4b51-bc81-1d1008120d84
16:55:33.986 [main] [session-06ddbfdb-c9e0-4b51-bc81-1d1008120d84] INFO  c.x.c.s.WorkflowExecutionServiceImpl - User input handling completed: sessionId=session-06ddbfdb-c9e0-4b51-bc81-1d1008120d84
16:55:33.986 [main] [session-95bb5866-c370-448b-a06c-d616cc41f38a] INFO  c.x.c.s.WorkflowExecutionServiceImpl - Handling user input: sessionId=session-95bb5866-c370-448b-a06c-d616cc41f38a
16:55:33.986 [main] [session-95bb5866-c370-448b-a06c-d616cc41f38a] DEBUG c.x.c.s.WorkflowExecutionServiceImpl - Processing user input for nodeType=input, sessionId=session-95bb5866-c370-448b-a06c-d616cc41f38a
16:55:33.986 [main] [session-95bb5866-c370-448b-a06c-d616cc41f38a] DEBUG c.x.c.s.WorkflowExecutionServiceImpl - Processing node: nodeId=msg-node-2, type=state, sessionId=session-95bb5866-c370-448b-a06c-d616cc41f38a
16:55:33.986 [main] [session-95bb5866-c370-448b-a06c-d616cc41f38a] INFO  c.x.c.s.WorkflowExecutionServiceImpl - User input handling completed: sessionId=session-95bb5866-c370-448b-a06c-d616cc41f38a
16:55:33.986 [main] [session-9b0af0f5-a33a-4e06-afdb-746facf8dd2d] INFO  c.x.c.s.WorkflowExecutionServiceImpl - Handling user input: sessionId=session-9b0af0f5-a33a-4e06-afdb-746facf8dd2d
16:55:33.986 [main] [session-9b0af0f5-a33a-4e06-afdb-746facf8dd2d] DEBUG c.x.c.s.WorkflowExecutionServiceImpl - Processing user input for nodeType=input, sessionId=session-9b0af0f5-a33a-4e06-afdb-746facf8dd2d
16:55:33.986 [main] [session-9b0af0f5-a33a-4e06-afdb-746facf8dd2d] DEBUG c.x.c.s.WorkflowExecutionServiceImpl - Processing node: nodeId=msg-node-2, type=state, sessionId=session-9b0af0f5-a33a-4e06-afdb-746facf8dd2d
16:55:33.986 [main] [session-9b0af0f5-a33a-4e06-afdb-746facf8dd2d] INFO  c.x.c.s.WorkflowExecutionServiceImpl - User input handling completed: sessionId=session-9b0af0f5-a33a-4e06-afdb-746facf8dd2d
16:55:33.986 [main] [session-5be50922-22cb-4e6c-8266-329303f20c29] INFO  c.x.c.s.WorkflowExecutionServiceImpl - Handling user input: sessionId=session-5be50922-22cb-4e6c-8266-329303f20c29
16:55:33.986 [main] [session-5be50922-22cb-4e6c-8266-329303f20c29] DEBUG c.x.c.s.WorkflowExecutionServiceImpl - Processing user input for nodeType=input, sessionId=session-5be50922-22cb-4e6c-8266-329303f20c29
16:55:33.986 [main] [session-5be50922-22cb-4e6c-8266-329303f20c29] DEBUG c.x.c.s.WorkflowExecutionServiceImpl - Processing node: nodeId=msg-node-2, type=state, sessionId=session-5be50922-22cb-4e6c-8266-329303f20c29
16:55:33.986 [main] [session-5be50922-22cb-4e6c-8266-329303f20c29] INFO  c.x.c.s.WorkflowExecutionServiceImpl - User input handling completed: sessionId=session-5be50922-22cb-4e6c-8266-329303f20c29
16:55:33.986 [main] [session-b1b25af6-57aa-4e11-a231-08fb77f55814] INFO  c.x.c.s.WorkflowExecutionServiceImpl - Handling user input: sessionId=session-b1b25af6-57aa-4e11-a231-08fb77f55814
16:55:33.986 [main] [session-b1b25af6-57aa-4e11-a231-08fb77f55814] DEBUG c.x.c.s.WorkflowExecutionServiceImpl - Processing user input for nodeType=input, sessionId=session-b1b25af6-57aa-4e11-a231-08fb77f55814
16:55:33.986 [main] [session-b1b25af6-57aa-4e11-a231-08fb77f55814] DEBUG c.x.c.s.WorkflowExecutionServiceImpl - Processing node: nodeId=msg-node-2, type=state, sessionId=session-b1b25af6-57aa-4e11-a231-08fb77f55814
16:55:33.986 [main] [session-b1b25af6-57aa-4e11-a231-08fb77f55814] INFO  c.x.c.s.WorkflowExecutionServiceImpl - User input handling completed: sessionId=session-b1b25af6-57aa-4e11-a231-08fb77f55814
16:55:33.986 [main] [session-df51d47f-8abe-4bab-9934-38f3bcc9cbea] INFO  c.x.c.s.WorkflowExecutionServiceImpl - Handling user input: sessionId=session-df51d47f-8abe-4bab-9934-38f3bcc9cbea
16:55:33.986 [main] [session-df51d47f-8abe-4bab-9934-38f3bcc9cbea] DEBUG c.x.c.s.WorkflowExecutionServiceImpl - Processing user input for nodeType=input, sessionId=session-df51d47f-8abe-4bab-9934-38f3bcc9cbea
16:55:33.986 [main] [session-df51d47f-8abe-4bab-9934-38f3bcc9cbea] DEBUG c.x.c.s.WorkflowExecutionServiceImpl - Processing node: nodeId=msg-node-2, type=state, sessionId=session-df51d47f-8abe-4bab-9934-38f3bcc9cbea
16:55:33.986 [main] [session-df51d47f-8abe-4bab-9934-38f3bcc9cbea] INFO  c.x.c.s.WorkflowExecutionServiceImpl - User input handling completed: sessionId=session-df51d47f-8abe-4bab-9934-38f3bcc9cbea
16:55:33.986 [main] [session-57b48f32-f59a-4b77-b52b-99dd72fb44f1] INFO  c.x.c.s.WorkflowExecutionServiceImpl - Handling user input: sessionId=session-57b48f32-f59a-4b77-b52b-99dd72fb44f1
16:55:33.986 [main] [session-57b48f32-f59a-4b77-b52b-99dd72fb44f1] DEBUG c.x.c.s.WorkflowExecutionServiceImpl - Processing user input for nodeType=input, sessionId=session-57b48f32-f59a-4b77-b52b-99dd72fb44f1
16:55:33.986 [main] [session-57b48f32-f59a-4b77-b52b-99dd72fb44f1] DEBUG c.x.c.s.WorkflowExecutionServiceImpl - Processing node: nodeId=msg-node-2, type=state, sessionId=session-57b48f32-f59a-4b77-b52b-99dd72fb44f1
16:55:33.986 [main] [session-57b48f32-f59a-4b77-b52b-99dd72fb44f1] INFO  c.x.c.s.WorkflowExecutionServiceImpl - User input handling completed: sessionId=session-57b48f32-f59a-4b77-b52b-99dd72fb44f1
16:55:33.986 [main] [session-ac0a12e4-e50d-41e2-b7b1-f3b43664462f] INFO  c.x.c.s.WorkflowExecutionServiceImpl - Handling user input: sessionId=session-ac0a12e4-e50d-41e2-b7b1-f3b43664462f
16:55:33.986 [main] [session-ac0a12e4-e50d-41e2-b7b1-f3b43664462f] DEBUG c.x.c.s.WorkflowExecutionServiceImpl - Processing user input for nodeType=input, sessionId=session-ac0a12e4-e50d-41e2-b7b1-f3b43664462f
16:55:33.986 [main] [session-ac0a12e4-e50d-41e2-b7b1-f3b43664462f] DEBUG c.x.c.s.WorkflowExecutionServiceImpl - Processing node: nodeId=msg-node-2, type=state, sessionId=session-ac0a12e4-e50d-41e2-b7b1-f3b43664462f
16:55:33.986 [main] [session-ac0a12e4-e50d-41e2-b7b1-f3b43664462f] INFO  c.x.c.s.WorkflowExecutionServiceImpl - User input handling completed: sessionId=session-ac0a12e4-e50d-41e2-b7b1-f3b43664462f
16:55:33.986 [main] [session-943796b4-a219-4b1b-a654-9e210f7ec62f] INFO  c.x.c.s.WorkflowExecutionServiceImpl - Handling user input: sessionId=session-943796b4-a219-4b1b-a654-9e210f7ec62f
16:55:33.986 [main] [session-943796b4-a219-4b1b-a654-9e210f7ec62f] DEBUG c.x.c.s.WorkflowExecutionServiceImpl - Processing user input for nodeType=input, sessionId=session-943796b4-a219-4b1b-a654-9e210f7ec62f
16:55:33.986 [main] [session-943796b4-a219-4b1b-a654-9e210f7ec62f] DEBUG c.x.c.s.WorkflowExecutionServiceImpl - Processing node: nodeId=msg-node-2, type=state, sessionId=session-943796b4-a219-4b1b-a654-9e210f7ec62f
16:55:33.986 [main] [session-943796b4-a219-4b1b-a654-9e210f7ec62f] INFO  c.x.c.s.WorkflowExecutionServiceImpl - User input handling completed: sessionId=session-943796b4-a219-4b1b-a654-9e210f7ec62f
16:55:33.986 [main] [session-574cc730-0ef1-4361-9254-e51a6020548d] INFO  c.x.c.s.WorkflowExecutionServiceImpl - Handling user input: sessionId=session-574cc730-0ef1-4361-9254-e51a6020548d
16:55:33.986 [main] [session-574cc730-0ef1-4361-9254-e51a6020548d] DEBUG c.x.c.s.WorkflowExecutionServiceImpl - Processing user input for nodeType=input, sessionId=session-574cc730-0ef1-4361-9254-e51a6020548d
16:55:33.986 [main] [session-574cc730-0ef1-4361-9254-e51a6020548d] DEBUG c.x.c.s.WorkflowExecutionServiceImpl - Processing node: nodeId=msg-node-2, type=state, sessionId=session-574cc730-0ef1-4361-9254-e51a6020548d
16:55:33.986 [main] [session-574cc730-0ef1-4361-9254-e51a6020548d] INFO  c.x.c.s.WorkflowExecutionServiceImpl - User input handling completed: sessionId=session-574cc730-0ef1-4361-9254-e51a6020548d
16:55:33.986 [main] [session-f5196903-8cbd-42ec-9a3a-6b5bc0b1a624] INFO  c.x.c.s.WorkflowExecutionServiceImpl - Handling user input: sessionId=session-f5196903-8cbd-42ec-9a3a-6b5bc0b1a624
16:55:33.986 [main] [session-f5196903-8cbd-42ec-9a3a-6b5bc0b1a624] DEBUG c.x.c.s.WorkflowExecutionServiceImpl - Processing user input for nodeType=input, sessionId=session-f5196903-8cbd-42ec-9a3a-6b5bc0b1a624
16:55:33.986 [main] [session-f5196903-8cbd-42ec-9a3a-6b5bc0b1a624] DEBUG c.x.c.s.WorkflowExecutionServiceImpl - Processing node: nodeId=msg-node-2, type=state, sessionId=session-f5196903-8cbd-42ec-9a3a-6b5bc0b1a624
16:55:33.986 [main] [session-f5196903-8cbd-42ec-9a3a-6b5bc0b1a624] INFO  c.x.c.s.WorkflowExecutionServiceImpl - User input handling completed: sessionId=session-f5196903-8cbd-42ec-9a3a-6b5bc0b1a624
16:55:33.986 [main] [session-b727c759-0363-4be5-b015-2182ca1cae49] INFO  c.x.c.s.WorkflowExecutionServiceImpl - Handling user input: sessionId=session-b727c759-0363-4be5-b015-2182ca1cae49
16:55:33.986 [main] [session-b727c759-0363-4be5-b015-2182ca1cae49] DEBUG c.x.c.s.WorkflowExecutionServiceImpl - Processing user input for nodeType=input, sessionId=session-b727c759-0363-4be5-b015-2182ca1cae49
16:55:33.986 [main] [session-b727c759-0363-4be5-b015-2182ca1cae49] DEBUG c.x.c.s.WorkflowExecutionServiceImpl - Processing node: nodeId=msg-node-2, type=state, sessionId=session-b727c759-0363-4be5-b015-2182ca1cae49
16:55:33.986 [main] [session-b727c759-0363-4be5-b015-2182ca1cae49] INFO  c.x.c.s.WorkflowExecutionServiceImpl - User input handling completed: sessionId=session-b727c759-0363-4be5-b015-2182ca1cae49
16:55:33.986 [main] [session-69467ec4-7197-4aac-89b3-094c99cc6e3c] INFO  c.x.c.s.WorkflowExecutionServiceImpl - Handling user input: sessionId=session-69467ec4-7197-4aac-89b3-094c99cc6e3c
16:55:33.986 [main] [session-69467ec4-7197-4aac-89b3-094c99cc6e3c] DEBUG c.x.c.s.WorkflowExecutionServiceImpl - Processing user input for nodeType=input, sessionId=session-69467ec4-7197-4aac-89b3-094c99cc6e3c
16:55:33.986 [main] [session-69467ec4-7197-4aac-89b3-094c99cc6e3c] DEBUG c.x.c.s.WorkflowExecutionServiceImpl - Processing node: nodeId=msg-node-2, type=state, sessionId=session-69467ec4-7197-4aac-89b3-094c99cc6e3c
16:55:33.986 [main] [session-69467ec4-7197-4aac-89b3-094c99cc6e3c] INFO  c.x.c.s.WorkflowExecutionServiceImpl - User input handling completed: sessionId=session-69467ec4-7197-4aac-89b3-094c99cc6e3c
16:55:33.986 [main] [session-8d93514f-a3ac-48dd-9ac8-c3b7766a6e9b] INFO  c.x.c.s.WorkflowExecutionServiceImpl - Handling user input: sessionId=session-8d93514f-a3ac-48dd-9ac8-c3b7766a6e9b
16:55:33.986 [main] [session-8d93514f-a3ac-48dd-9ac8-c3b7766a6e9b] DEBUG c.x.c.s.WorkflowExecutionServiceImpl - Processing user input for nodeType=input, sessionId=session-8d93514f-a3ac-48dd-9ac8-c3b7766a6e9b
16:55:33.986 [main] [session-8d93514f-a3ac-48dd-9ac8-c3b7766a6e9b] DEBUG c.x.c.s.WorkflowExecutionServiceImpl - Processing node: nodeId=msg-node-2, type=state, sessionId=session-8d93514f-a3ac-48dd-9ac8-c3b7766a6e9b
16:55:33.986 [main] [session-8d93514f-a3ac-48dd-9ac8-c3b7766a6e9b] INFO  c.x.c.s.WorkflowExecutionServiceImpl - User input handling completed: sessionId=session-8d93514f-a3ac-48dd-9ac8-c3b7766a6e9b
16:55:33.992 [main] [session-c145acb4-1639-4bb9-b722-b51e23221bd9] INFO  c.x.c.s.WorkflowExecutionServiceImpl - Handling user input: sessionId=session-c145acb4-1639-4bb9-b722-b51e23221bd9
16:55:33.992 [main] [session-c145acb4-1639-4bb9-b722-b51e23221bd9] DEBUG c.x.c.s.WorkflowExecutionServiceImpl - Processing user input for nodeType=input, sessionId=session-c145acb4-1639-4bb9-b722-b51e23221bd9
16:55:33.992 [main] [session-c145acb4-1639-4bb9-b722-b51e23221bd9] DEBUG c.x.c.s.WorkflowExecutionServiceImpl - Processing node: nodeId=msg-node-2, type=state, sessionId=session-c145acb4-1639-4bb9-b722-b51e23221bd9
16:55:33.992 [main] [session-c145acb4-1639-4bb9-b722-b51e23221bd9] INFO  c.x.c.s.WorkflowExecutionServiceImpl - User input handling completed: sessionId=session-c145acb4-1639-4bb9-b722-b51e23221bd9
16:55:33.992 [main] [session-b73ec79c-6bc3-4f1a-bfbf-b9c68235bf17] INFO  c.x.c.s.WorkflowExecutionServiceImpl - Handling user input: sessionId=session-b73ec79c-6bc3-4f1a-bfbf-b9c68235bf17
16:55:33.992 [main] [session-b73ec79c-6bc3-4f1a-bfbf-b9c68235bf17] DEBUG c.x.c.s.WorkflowExecutionServiceImpl - Processing user input for nodeType=input, sessionId=session-b73ec79c-6bc3-4f1a-bfbf-b9c68235bf17
[...]
16:55:34.037 [main] [session-resume-a16d4f51-e2bd-4f3d-a536-4396e211536c] INFO  c.x.c.s.WorkflowExecutionServiceImpl - Handling user input: sessionId=session-resume-a16d4f51-e2bd-4f3d-a536-4396e211536c
16:55:34.037 [main] [session-resume-a16d4f51-e2bd-4f3d-a536-4396e211536c] DEBUG c.x.c.s.WorkflowExecutionServiceImpl - Processing user input for nodeType=input, sessionId=session-resume-a16d4f51-e2bd-4f3d-a536-4396e211536c
16:55:34.037 [main] [session-resume-a16d4f51-e2bd-4f3d-a536-4396e211536c] DEBUG c.x.c.s.WorkflowExecutionServiceImpl - Processing node: nodeId=node-msg-43, type=state, sessionId=session-resume-a16d4f51-e2bd-4f3d-a536-4396e211536c
16:55:34.037 [main] [session-resume-a16d4f51-e2bd-4f3d-a536-4396e211536c] INFO  c.x.c.s.WorkflowExecutionServiceImpl - User input handling completed: sessionId=session-resume-a16d4f51-e2bd-4f3d-a536-4396e211536c
16:55:34.037 [main] [session-resume-4cb7e10d-85f5-4b10-8988-0573189d9f5c] INFO  c.x.c.s.WorkflowExecutionServiceImpl - Handling user input: sessionId=session-resume-4cb7e10d-85f5-4b10-8988-0573189d9f5c
16:55:34.037 [main] [session-resume-4cb7e10d-85f5-4b10-8988-0573189d9f5c] DEBUG c.x.c.s.WorkflowExecutionServiceImpl - Processing user input for nodeType=input, sessionId=session-resume-4cb7e10d-85f5-4b10-8988-0573189d9f5c
16:55:34.037 [main] [session-resume-4cb7e10d-85f5-4b10-8988-0573189d9f5c] DEBUG c.x.c.s.WorkflowExecutionServiceImpl - Processing node: nodeId=node-msg-43, type=state, sessionId=session-resume-4cb7e10d-85f5-4b10-8988-0573189d9f5c
16:55:34.037 [main] [session-resume-4cb7e10d-85f5-4b10-8988-0573189d9f5c] INFO  c.x.c.s.WorkflowExecutionServiceImpl - User input handling completed: sessionId=session-resume-4cb7e10d-85f5-4b10-8988-0573189d9f5c
16:55:34.037 [main] [session-resume-37462328-310d-48c9-b31e-ba832b441c62] INFO  c.x.c.s.WorkflowExecutionServiceImpl - Handling user input: sessionId=session-resume-37462328-310d-48c9-b31e-ba832b441c62
16:55:34.037 [main] [session-resume-37462328-310d-48c9-b31e-ba832b441c62] DEBUG c.x.c.s.WorkflowExecutionServiceImpl - Processing user input for nodeType=input, sessionId=session-resume-37462328-310d-48c9-b31e-ba832b441c62
16:55:34.037 [main] [session-resume-37462328-310d-48c9-b31e-ba832b441c62] DEBUG c.x.c.s.WorkflowExecutionServiceImpl - Processing node: nodeId=node-msg-43, type=state, sessionId=session-resume-37462328-310d-48c9-b31e-ba832b441c62
16:55:34.037 [main] [session-resume-37462328-310d-48c9-b31e-ba832b441c62] INFO  c.x.c.s.WorkflowExecutionServiceImpl - User input handling completed: sessionId=session-resume-37462328-310d-48c9-b31e-ba832b441c62
16:55:34.037 [main] [session-resume-d733d48e-019e-4808-b088-9b0f92397591] INFO  c.x.c.s.WorkflowExecutionServiceImpl - Handling user input: sessionId=session-resume-d733d48e-019e-4808-b088-9b0f92397591
16:55:34.037 [main] [session-resume-d733d48e-019e-4808-b088-9b0f92397591] DEBUG c.x.c.s.WorkflowExecutionServiceImpl - Processing user input for nodeType=input, sessionId=session-resume-d733d48e-019e-4808-b088-9b0f92397591
16:55:34.037 [main] [session-resume-d733d48e-019e-4808-b088-9b0f92397591] DEBUG c.x.c.s.WorkflowExecutionServiceImpl - Processing node: nodeId=node-msg-43, type=state, sessionId=session-resume-d733d48e-019e-4808-b088-9b0f92397591
16:55:34.037 [main] [session-resume-d733d48e-019e-4808-b088-9b0f92397591] INFO  c.x.c.s.WorkflowExecutionServiceImpl - User input handling completed: sessionId=session-resume-d733d48e-019e-4808-b088-9b0f92397591
16:55:34.037 [main] [session-resume-f222c6fb-3826-4d7a-a431-f1be96ecd79d] INFO  c.x.c.s.WorkflowExecutionServiceImpl - Handling user input: sessionId=session-resume-f222c6fb-3826-4d7a-a431-f1be96ecd79d
16:55:34.037 [main] [session-resume-f222c6fb-3826-4d7a-a431-f1be96ecd79d] DEBUG c.x.c.s.WorkflowExecutionServiceImpl - Processing user input for nodeType=input, sessionId=session-resume-f222c6fb-3826-4d7a-a431-f1be96ecd79d
16:55:34.037 [main] [session-resume-f222c6fb-3826-4d7a-a431-f1be96ecd79d] DEBUG c.x.c.s.WorkflowExecutionServiceImpl - Processing node: nodeId=node-msg-43, type=state, sessionId=session-resume-f222c6fb-3826-4d7a-a431-f1be96ecd79d
16:55:34.037 [main] [session-resume-f222c6fb-3826-4d7a-a431-f1be96ecd79d] INFO  c.x.c.s.WorkflowExecutionServiceImpl - User input handling completed: sessionId=session-resume-f222c6fb-3826-4d7a-a431-f1be96ecd79d
16:55:34.037 [main] [session-resume-252e883e-42ab-465c-b567-1bfd4dfd788f] INFO  c.x.c.s.WorkflowExecutionServiceImpl - Handling user input: sessionId=session-resume-252e883e-42ab-465c-b567-1bfd4dfd788f
16:55:34.037 [main] [session-resume-252e883e-42ab-465c-b567-1bfd4dfd788f] DEBUG c.x.c.s.WorkflowExecutionServiceImpl - Processing user input for nodeType=input, sessionId=session-resume-252e883e-42ab-465c-b567-1bfd4dfd788f
16:55:34.037 [main] [session-resume-252e883e-42ab-465c-b567-1bfd4dfd788f] DEBUG c.x.c.s.WorkflowExecutionServiceImpl - Processing node: nodeId=node-msg-43, type=state, sessionId=session-resume-252e883e-42ab-465c-b567-1bfd4dfd788f
16:55:34.037 [main] [session-resume-252e883e-42ab-465c-b567-1bfd4dfd788f] INFO  c.x.c.s.WorkflowExecutionServiceImpl - User input handling completed: sessionId=session-resume-252e883e-42ab-465c-b567-1bfd4dfd788f
16:55:34.037 [main] [session-resume-5533be84-b1a7-4dd9-bdcb-62361d9da6fc] INFO  c.x.c.s.WorkflowExecutionServiceImpl - Handling user input: sessionId=session-resume-5533be84-b1a7-4dd9-bdcb-62361d9da6fc
16:55:34.037 [main] [session-resume-5533be84-b1a7-4dd9-bdcb-62361d9da6fc] DEBUG c.x.c.s.WorkflowExecutionServiceImpl - Processing user input for nodeType=input, sessionId=session-resume-5533be84-b1a7-4dd9-bdcb-62361d9da6fc
16:55:34.037 [main] [session-resume-5533be84-b1a7-4dd9-bdcb-62361d9da6fc] DEBUG c.x.c.s.WorkflowExecutionServiceImpl - Processing node: nodeId=node-msg-43, type=state, sessionId=session-resume-5533be84-b1a7-4dd9-bdcb-62361d9da6fc
16:55:34.037 [main] [session-resume-5533be84-b1a7-4dd9-bdcb-62361d9da6fc] INFO  c.x.c.s.WorkflowExecutionServiceImpl - User input handling completed: sessionId=session-resume-5533be84-b1a7-4dd9-bdcb-62361d9da6fc
16:55:34.045 [main] [session-resume-2f91709c-0e62-40cf-98e7-e9920c5a9fad] INFO  c.x.c.s.WorkflowExecutionServiceImpl - Handling user input: sessionId=session-resume-2f91709c-0e62-40cf-98e7-e9920c5a9fad
16:55:34.045 [main] [session-resume-2f91709c-0e62-40cf-98e7-e9920c5a9fad] DEBUG c.x.c.s.WorkflowExecutionServiceImpl - Processing user input for nodeType=input, sessionId=session-resume-2f91709c-0e62-40cf-98e7-e9920c5a9fad
16:55:34.045 [main] [session-resume-2f91709c-0e62-40cf-98e7-e9920c5a9fad] DEBUG c.x.c.s.WorkflowExecutionServiceImpl - Processing node: nodeId=node-msg-43, type=state, sessionId=session-resume-2f91709c-0e62-40cf-98e7-e9920c5a9fad
16:55:34.045 [main] [session-resume-2f91709c-0e62-40cf-98e7-e9920c5a9fad] INFO  c.x.c.s.WorkflowExecutionServiceImpl - User input handling completed: sessionId=session-resume-2f91709c-0e62-40cf-98e7-e9920c5a9fad
16:55:34.045 [main] [session-resume-35942677-b910-4402-9e24-11c19ff33915] INFO  c.x.c.s.WorkflowExecutionServiceImpl - Handling user input: sessionId=session-resume-35942677-b910-4402-9e24-11c19ff33915
16:55:34.045 [main] [session-resume-35942677-b910-4402-9e24-11c19ff33915] DEBUG c.x.c.s.WorkflowExecutionServiceImpl - Processing user input for nodeType=input, sessionId=session-resume-35942677-b910-4402-9e24-11c19ff33915
16:55:34.045 [main] [session-resume-35942677-b910-4402-9e24-11c19ff33915] DEBUG c.x.c.s.WorkflowExecutionServiceImpl - Processing node: nodeId=node-msg-43, type=state, sessionId=session-resume-35942677-b910-4402-9e24-11c19ff33915
16:55:34.045 [main] [session-resume-35942677-b910-4402-9e24-11c19ff33915] INFO  c.x.c.s.WorkflowExecutionServiceImpl - User input handling completed: sessionId=session-resume-35942677-b910-4402-9e24-11c19ff33915
16:55:34.045 [main] [session-resume-6f9a533f-40ab-4def-844a-490a568a8cce] INFO  c.x.c.s.WorkflowExecutionServiceImpl - Handling user input: sessionId=session-resume-6f9a533f-40ab-4def-844a-490a568a8cce
16:55:34.047 [main] [session-resume-6f9a533f-40ab-4def-844a-490a568a8cce] DEBUG c.x.c.s.WorkflowExecutionServiceImpl - Processing user input for nodeType=input, sessionId=session-resume-6f9a533f-40ab-4def-844a-490a568a8cce
16:55:34.047 [main] [session-resume-6f9a533f-40ab-4def-844a-490a568a8cce] DEBUG c.x.c.s.WorkflowExecutionServiceImpl - Processing node: nodeId=node-msg-43, type=state, sessionId=session-resume-6f9a533f-40ab-4def-844a-490a568a8cce
16:55:34.047 [main] [session-resume-6f9a533f-40ab-4def-844a-490a568a8cce] INFO  c.x.c.s.WorkflowExecutionServiceImpl - User input handling completed: sessionId=session-resume-6f9a533f-40ab-4def-844a-490a568a8cce
16:55:34.047 [main] [session-resume-07d680dc-a320-4db8-a8f7-0c1d005378e5] INFO  c.x.c.s.WorkflowExecutionServiceImpl - Handling user input: sessionId=session-resume-07d680dc-a320-4db8-a8f7-0c1d005378e5
16:55:34.047 [main] [session-resume-07d680dc-a320-4db8-a8f7-0c1d005378e5] DEBUG c.x.c.s.WorkflowExecutionServiceImpl - Processing user input for nodeType=input, sessionId=session-resume-07d680dc-a320-4db8-a8f7-0c1d005378e5
16:55:34.047 [main] [session-resume-07d680dc-a320-4db8-a8f7-0c1d005378e5] DEBUG c.x.c.s.WorkflowExecutionServiceImpl - Processing node: nodeId=node-msg-43, type=state, sessionId=session-resume-07d680dc-a320-4db8-a8f7-0c1d005378e5
16:55:34.047 [main] [session-resume-07d680dc-a320-4db8-a8f7-0c1d005378e5] INFO  c.x.c.s.WorkflowExecutionServiceImpl - User input handling completed: sessionId=session-resume-07d680dc-a320-4db8-a8f7-0c1d005378e5
16:55:34.047 [main] [session-resume-6d7786f4-d851-4738-b2ac-044218aef5e0] INFO  c.x.c.s.WorkflowExecutionServiceImpl - Handling user input: sessionId=session-resume-6d7786f4-d851-4738-b2ac-044218aef5e0
16:55:34.047 [main] [session-resume-6d7786f4-d851-4738-b2ac-044218aef5e0] DEBUG c.x.c.s.WorkflowExecutionServiceImpl - Processing user input for nodeType=input, sessionId=session-resume-6d7786f4-d851-4738-b2ac-044218aef5e0
16:55:34.047 [main] [session-resume-6d7786f4-d851-4738-b2ac-044218aef5e0] DEBUG c.x.c.s.WorkflowExecutionServiceImpl - Processing node: nodeId=node-msg-43, type=state, sessionId=session-resume-6d7786f4-d851-4738-b2ac-044218aef5e0
16:55:34.047 [main] [session-resume-6d7786f4-d851-4738-b2ac-044218aef5e0] INFO  c.x.c.s.WorkflowExecutionServiceImpl - User input handling completed: sessionId=session-resume-6d7786f4-d851-4738-b2ac-044218aef5e0
16:55:34.047 [main] [session-resume-975fb507-5262-4031-96c9-2e799c148a40] INFO  c.x.c.s.WorkflowExecutionServiceImpl - Handling user input: sessionId=session-resume-975fb507-5262-4031-96c9-2e799c148a40
16:55:34.047 [main] [session-resume-975fb507-5262-4031-96c9-2e799c148a40] DEBUG c.x.c.s.WorkflowExecutionServiceImpl - Processing user input for nodeType=input, sessionId=session-resume-975fb507-5262-4031-96c9-2e799c148a40
16:55:34.047 [main] [session-resume-975fb507-5262-4031-96c9-2e799c148a40] DEBUG c.x.c.s.WorkflowExecutionServiceImpl - Processing node: nodeId=node-msg-43, type=state, sessionId=session-resume-975fb507-5262-4031-96c9-2e799c148a40
16:55:34.047 [main] [session-resume-975fb507-5262-4031-96c9-2e799c148a40] INFO  c.x.c.s.WorkflowExecutionServiceImpl - User input handling completed: sessionId=session-resume-975fb507-5262-4031-96c9-2e799c148a40
16:55:34.047 [main] [session-resume-6d453294-b714-4192-8f03-f342cd8a78c5] INFO  c.x.c.s.WorkflowExecutionServiceImpl - Handling user input: sessionId=session-resume-6d453294-b714-4192-8f03-f342cd8a78c5
16:55:34.047 [main] [session-resume-6d453294-b714-4192-8f03-f342cd8a78c5] DEBUG c.x.c.s.WorkflowExecutionServiceImpl - Processing user input for nodeType=input, sessionId=session-resume-6d453294-b714-4192-8f03-f342cd8a78c5
16:55:34.047 [main] [session-resume-6d453294-b714-4192-8f03-f342cd8a78c5] DEBUG c.x.c.s.WorkflowExecutionServiceImpl - Processing node: nodeId=node-msg-43, type=state, sessionId=session-resume-6d453294-b714-4192-8f03-f342cd8a78c5
16:55:34.047 [main] [session-resume-6d453294-b714-4192-8f03-f342cd8a78c5] INFO  c.x.c.s.WorkflowExecutionServiceImpl - User input handling completed: sessionId=session-resume-6d453294-b714-4192-8f03-f342cd8a78c5
16:55:34.050 [main] [session-resume-c6af11fd-b74e-47e8-adf1-f8b5925e509a] INFO  c.x.c.s.WorkflowExecutionServiceImpl - Handling user input: sessionId=session-resume-c6af11fd-b74e-47e8-adf1-f8b5925e509a
16:55:34.050 [main] [session-resume-c6af11fd-b74e-47e8-adf1-f8b5925e509a] DEBUG c.x.c.s.WorkflowExecutionServiceImpl - Processing user input for nodeType=input, sessionId=session-resume-c6af11fd-b74e-47e8-adf1-f8b5925e509a
16:55:34.050 [main] [session-resume-c6af11fd-b74e-47e8-adf1-f8b5925e509a] DEBUG c.x.c.s.WorkflowExecutionServiceImpl - Processing node: nodeId=node-msg-43, type=state, sessionId=session-resume-c6af11fd-b74e-47e8-adf1-f8b5925e509a
16:55:34.050 [main] [session-resume-c6af11fd-b74e-47e8-adf1-f8b5925e509a] INFO  c.x.c.s.WorkflowExecutionServiceImpl - User input handling completed: sessionId=session-resume-c6af11fd-b74e-47e8-adf1-f8b5925e509a
16:55:34.050 [main] [session-resume-4d3a3383-d549-463d-b0f3-b7ed8b77c70f] INFO  c.x.c.s.WorkflowExecutionServiceImpl - Handling user input: sessionId=session-resume-4d3a3383-d549-463d-b0f3-b7ed8b77c70f
16:55:34.050 [main] [session-resume-4d3a3383-d549-463d-b0f3-b7ed8b77c70f] DEBUG c.x.c.s.WorkflowExecutionServiceImpl - Processing user input for nodeType=input, sessionId=session-resume-4d3a3383-d549-463d-b0f3-b7ed8b77c70f
16:55:34.050 [main] [session-resume-4d3a3383-d549-463d-b0f3-b7ed8b77c70f] DEBUG c.x.c.s.WorkflowExecutionServiceImpl - Processing node: nodeId=node-msg-43, type=state, sessionId=session-resume-4d3a3383-d549-463d-b0f3-b7ed8b77c70f
16:55:34.050 [main] [session-resume-4d3a3383-d549-463d-b0f3-b7ed8b77c70f] INFO  c.x.c.s.WorkflowExecutionServiceImpl - User input handling completed: sessionId=session-resume-4d3a3383-d549-463d-b0f3-b7ed8b77c70f
16:55:34.050 [main] [session-resume-59ef9c90-b23c-4885-9a41-487a6917af65] INFO  c.x.c.s.WorkflowExecutionServiceImpl - Handling user input: sessionId=session-resume-59ef9c90-b23c-4885-9a41-487a6917af65
16:55:34.050 [main] [session-resume-59ef9c90-b23c-4885-9a41-487a6917af65] DEBUG c.x.c.s.WorkflowExecutionServiceImpl - Processing user input for nodeType=input, sessionId=session-resume-59ef9c90-b23c-4885-9a41-487a6917af65
16:55:34.050 [main] [session-resume-59ef9c90-b23c-4885-9a41-487a6917af65] DEBUG c.x.c.s.WorkflowExecutionServiceImpl - Processing node: nodeId=node-msg-43, type=state, sessionId=session-resume-59ef9c90-b23c-4885-9a41-487a6917af65
16:55:34.050 [main] [session-resume-59ef9c90-b23c-4885-9a41-487a6917af65] INFO  c.x.c.s.WorkflowExecutionServiceImpl - User input handling completed: sessionId=session-resume-59ef9c90-b23c-4885-9a41-487a6917af65
16:55:34.050 [main] [session-resume-d81b7feb-9b98-4603-80b0-502c5257df28] INFO  c.x.c.s.WorkflowExecutionServiceImpl - Handling user input: sessionId=session-resume-d81b7feb-9b98-4603-80b0-502c5257df28
16:55:34.050 [main] [session-resume-d81b7feb-9b98-4603-80b0-502c5257df28] DEBUG c.x.c.s.WorkflowExecutionServiceImpl - Processing user input for nodeType=input, sessionId=session-resume-d81b7feb-9b98-4603-80b0-502c5257df28
16:55:34.050 [main] [session-resume-d81b7feb-9b98-4603-80b0-502c5257df28] DEBUG c.x.c.s.WorkflowExecutionServiceImpl - Processing node: nodeId=node-msg-43, type=state, sessionId=session-resume-d81b7feb-9b98-4603-80b0-502c5257df28
16:55:34.050 [main] [session-resume-d81b7feb-9b98-4603-80b0-502c5257df28] INFO  c.x.c.s.WorkflowExecutionServiceImpl - User input handling completed: sessionId=session-resume-d81b7feb-9b98-4603-80b0-502c5257df28
16:55:34.050 [main] [session-resume-ef0c06d8-a327-4c23-a675-886be012ccc5] INFO  c.x.c.s.WorkflowExecutionServiceImpl - Handling user input: sessionId=session-resume-ef0c06d8-a327-4c23-a675-886be012ccc5
16:55:34.050 [main] [session-resume-ef0c06d8-a327-4c23-a675-886be012ccc5] DEBUG c.x.c.s.WorkflowExecutionServiceImpl - Processing user input for nodeType=input, sessionId=session-resume-ef0c06d8-a327-4c23-a675-886be012ccc5
16:55:34.050 [main] [session-resume-ef0c06d8-a327-4c23-a675-886be012ccc5] DEBUG c.x.c.s.WorkflowExecutionServiceImpl - Processing node: nodeId=node-msg-43, type=state, sessionId=session-resume-ef0c06d8-a327-4c23-a675-886be012ccc5
16:55:34.050 [main] [session-resume-ef0c06d8-a327-4c23-a675-886be012ccc5] INFO  c.x.c.s.WorkflowExecutionServiceImpl - User input handling completed: sessionId=session-resume-ef0c06d8-a327-4c23-a675-886be012ccc5
16:55:34.050 [main] [session-resume-64a16168-d96f-4c3f-9a66-a2a3bd29c0d1] INFO  c.x.c.s.WorkflowExecutionServiceImpl - Handling user input: sessionId=session-resume-64a16168-d96f-4c3f-9a66-a2a3bd29c0d1
16:55:34.050 [main] [session-resume-64a16168-d96f-4c3f-9a66-a2a3bd29c0d1] DEBUG c.x.c.s.WorkflowExecutionServiceImpl - Processing user input for nodeType=input, sessionId=session-resume-64a16168-d96f-4c3f-9a66-a2a3bd29c0d1
16:55:34.050 [main] [session-resume-64a16168-d96f-4c3f-9a66-a2a3bd29c0d1] DEBUG c.x.c.s.WorkflowExecutionServiceImpl - Processing node: nodeId=node-msg-43, type=state, sessionId=session-resume-64a16168-d96f-4c3f-9a66-a2a3bd29c0d1
16:55:34.050 [main] [session-resume-64a16168-d96f-4c3f-9a66-a2a3bd29c0d1] INFO  c.x.c.s.WorkflowExecutionServiceImpl - User input handling completed: sessionId=session-resume-64a16168-d96f-4c3f-9a66-a2a3bd29c0d1
16:55:34.053 [main] [session-resume-11783517-ad2a-4e95-8cc8-9bc0e2dc415b] INFO  c.x.c.s.WorkflowExecutionServiceImpl - Handling user input: sessionId=session-resume-11783517-ad2a-4e95-8cc8-9bc0e2dc415b
16:55:34.053 [main] [session-resume-11783517-ad2a-4e95-8cc8-9bc0e2dc415b] DEBUG c.x.c.s.WorkflowExecutionServiceImpl - Processing user input for nodeType=input, sessionId=session-resume-11783517-ad2a-4e95-8cc8-9bc0e2dc415b
16:55:34.053 [main] [session-resume-11783517-ad2a-4e95-8cc8-9bc0e2dc415b] DEBUG c.x.c.s.WorkflowExecutionServiceImpl - Processing node: nodeId=node-msg-43, type=state, sessionId=session-resume-11783517-ad2a-4e95-8cc8-9bc0e2dc415b
16:55:34.053 [main] [session-resume-11783517-ad2a-4e95-8cc8-9bc0e2dc415b] INFO  c.x.c.s.WorkflowExecutionServiceImpl - User input handling completed: sessionId=session-resume-11783517-ad2a-4e95-8cc8-9bc0e2dc415b
16:55:34.053 [main] [session-resume-ad7e9bfd-98c6-428b-ba2f-a7a4e5d0a27d] INFO  c.x.c.s.WorkflowExecutionServiceImpl - Handling user input: sessionId=session-resume-ad7e9bfd-98c6-428b-ba2f-a7a4e5d0a27d
16:55:34.053 [main] [session-resume-ad7e9bfd-98c6-428b-ba2f-a7a4e5d0a27d] DEBUG c.x.c.s.WorkflowExecutionServiceImpl - Processing user input for nodeType=input, sessionId=session-resume-ad7e9bfd-98c6-428b-ba2f-a7a4e5d0a27d
16:55:34.053 [main] [session-resume-ad7e9bfd-98c6-428b-ba2f-a7a4e5d0a27d] DEBUG c.x.c.s.WorkflowExecutionServiceImpl - Processing node: nodeId=node-msg-43, type=state, sessionId=session-resume-ad7e9bfd-98c6-428b-ba2f-a7a4e5d0a27d
16:55:34.053 [main] [session-resume-ad7e9bfd-98c6-428b-ba2f-a7a4e5d0a27d] INFO  c.x.c.s.WorkflowExecutionServiceImpl - User input handling completed: sessionId=session-resume-ad7e9bfd-98c6-428b-ba2f-a7a4e5d0a27d
timestamp = 2026-06-29T16:55:34.053034400, [Preservation] InputNodePreservationPropertyTest:inputNodeResumeLoadsWorkflowResolvesNextAndPersists = 
                              |-----------------------jqwik-----------------------
tries = 50                    | # of calls to property
checks = 50                   | # of not rejected calls
generation = RANDOMIZED       | parameters are randomly generated
after-failure = SAMPLE_FIRST  | try previously failed sample, then previous seed
when-fixed-seed = ALLOW       | fixing the random seed is allowed
edge-cases#mode = MIXIN       | edge cases are mixed in
edge-cases#total = 8          | # of all combined edge cases
edge-cases#tried = 8          | # of edge cases tried in current run
seed = -8719010841784604865   | random seed to reproduce generated values


]]></system-out>
  </testcase>
</testsuite>